Removed Pin From Net: NetName=GND Pin=U4-5
Removed Pin From Net: NetName=VCC_MCU_ANA Pin=U4-6
Removed Pin From Net: NetName=GND Pin=U4-14
Removed Pin From Net: NetName=VCC_MCU_ANA Pin=U4-15
Removed Pin From Net: NetName=GND Pin=U4-25
Removed Pin From Net: NetName=VCC_MCU_ANA Pin=U4-26
Removed Pin From Net: NetName=GND Pin=U4-31
Removed Pin From Net: NetName=VCC_MCU_3V3 Pin=U4-32
Removed Pin From Net: NetName=VCC_MCU_3V3 Pin=U4-37
Removed Pin From Net: NetName=GND Pin=U4-38
Removed Pin From Net: NetName=GND Pin=U4-45
Removed Pin From Net: NetName=VCC_MCU_3V3 Pin=U4-46
Removed Pin From Net: NetName=GND Pin=U4-53
Removed Pin From Net: NetName=VCC_MCU_3V3 Pin=U4-54
Removed Pin From Net: NetName=GND Pin=U4-64
Removed Pin From Net: NetName=VCC_MCU_3V3 Pin=U4-65
Removed Pin From Net: NetName=GND Pin=U4-78
Removed Pin From Net: NetName=VCC_MCU_3V3 Pin=U4-79
Removed Pin From Net: NetName=GND Pin=U4-90
Removed Pin From Net: NetName=VCC_MCU_3V3 Pin=U4-91
Removed Pin From Net: NetName=GND Pin=U4-96
Removed Pin From Net: NetName=VCC_MCU_3V3 Pin=U4-97
Removed Pin From Net: NetName=GND Pin=U4-106
Removed Pin From Net: NetName=VCC_MCU_3V3 Pin=U4-107
Removed Pin From Net: NetName=MCU_RESET Pin=U4-114
Removed Pin From Net: NetName=VCC_MCU_VDDCORE Pin=U4-115
Removed Pin From Net: NetName=GND Pin=U4-116
Removed Pin From Net: NetName=VCC_MCU_VSW Pin=U4-117
Removed Pin From Net: NetName=VCC_MCU_3V3 Pin=U4-118
Change Component DesignItemId : Designator=U4 Old DesignItemId=ATSAMD51P20A-AU New DesignItemId=CMP-006-000006-2
Change Component Footprint: Designator=U4 Old Footprint=QFP40P1600X1600X120-128N New Footprint=FP-MG-IPC_A
Change Component Comment : Designator=U4 Old Comment=ATSAMD51P20A-AU New Comment=CMP-006-000006-2
Change Component Description : Designator=U4 Old Description=SAMD51 Series 1 MB Flash 256 kB RAM 32-Bit SMT Microcontroller - TQFP-128 New Description=120MHZ 1024KB Flash 128 TQFP PKG inTapeNReel 85CTemp 128 TQFP 14x14x1mm T/R RoHS Compliant: Yes
Change Component Library : Designator=U4 Old Library=MCU Board.IntLib New Library=Americas- CU InSpace-  Carleton University
Change Managed Component Library Link : Designator=U4 Old VaultGUID=0D51059A-7567-4922-900C-B3DB03C4D13B New VaultGUID=0D51059A-7567-4922-900C-B3DB03C4D13B Old ItemGUID= New ItemGUID=1712A149-C90B-4228-928E-3A93449DB9BF Old RevisionGUID= New RevisionGUID=a9adf036-3a88-4e35-8588-53e2b066df2c
Change component parameters: Designator = "U4" ("U4"); Footprint = "QFP40P1600X1600X120-128N"; UniqueID = "\HWQGBRYA" ("\HWQGBRYA")
Change component parameters (AddParameter): Name = "AVAILABILITY"; Value = "Unavailable"; VariantName = "[No Variations]"
Change component parameters (AddParameter): Name = "Case/Package"; Value = "TQFP"; VariantName = "[No Variations]"
Change component parameters (AddParameter): Name = "Component Type"; Value = "Standard"; VariantName = "[No Variations]"
Change component parameters (AddParameter): Name = "Core Architecture"; Value = "ARM"; VariantName = "[No Variations]"
Change component parameters (AddParameter): Name = "Design Item ID"; Value = "ATSAMD51P20A-AU"; VariantName = "[No Variations]"
Change component parameters (AddParameter): Name = "DeviceSetName"; Value = "ATSAMD51P20A-AU"; VariantName = "[No Variations]"
Change component parameters (AddParameter): Name = "Frequency"; Value = "120MHz"; VariantName = "[No Variations]"
Change component parameters (AddParameter): Name = "GateName_1"; Value = "G$1"; VariantName = "[No Variations]"
Change component parameters (AddParameter): Name = "GateName_2"; Value = "G$2"; VariantName = "[No Variations]"
Change component parameters (AddParameter): Name = "Interface"; Value = "I2C,SPI,USB,IrDA,MMC,SD,UART,USART,EBI/EMI"; VariantName = "[No Variations]"
Change component parameters (AddParameter): Name = "LibraryName"; Value = "MCU Board"; VariantName = "[No Variations]"
Change component parameters (AddParameter): Name = "Max Operating Temperature"; Value = "85°C"; VariantName = "[No Variations]"
Change component parameters (AddParameter): Name = "Memory Format"; Value = "FLASH"; VariantName = "[No Variations]"
Change component parameters (AddParameter): Name = "Memory Size"; Value = "1MB"; VariantName = "[No Variations]"
Change component parameters (AddParameter): Name = "MF"; Value = "Microchip"; VariantName = "[No Variations]"
Change component parameters (AddParameter): Name = "Min Operating Temperature"; Value = "-40°C"; VariantName = "[No Variations]"
Change component parameters (AddParameter): Name = "MP"; Value = "ATSAMD51P20A-AU"; VariantName = "[No Variations]"
Change component parameters (AddParameter): Name = "Number of I/Os"; Value = "99"; VariantName = "[No Variations]"
Change component parameters (AddParameter): Name = "Oscillator Type"; Value = "Internal"; VariantName = "[No Variations]"
Change component parameters (AddParameter): Name = "Package"; Value = "QFP40P1600X1600X120-128N"; VariantName = "[No Variations]"
Change component parameters (AddParameter): Name = "Packaging"; Value = "Cut Tape"; VariantName = "[No Variations]"
Change component parameters (AddParameter): Name = "Peripherals"; Value = "Brown-out Detect/Reset,POR,PWM,DMA"; VariantName = "[No Variations]"
Change component parameters (AddParameter): Name = "Pin Count"; Value = "108"; VariantName = "[No Variations]"
Change component parameters (AddParameter): Name = "Pins"; Value = "128"; VariantName = "[No Variations]"
Change component parameters (AddParameter): Name = "PRICE"; Value = "None"; VariantName = "[No Variations]"
Change component parameters (AddParameter): Name = "Source"; Value = "MCU Board.SCHLIB"; VariantName = "[No Variations]"
Change component parameters (AddParameter): Name = "SymbolName_1"; Value = "ATSAMD51P20A-AU_SECTION1"; VariantName = "[No Variations]"
Change component parameters (AddParameter): Name = "SymbolName_2"; Value = "ATSAMD51P20A-AU_SECTION2"; VariantName = "[No Variations]"
Added Component: Designator=U4(QFP40P1600X1600X120-128N)
Add component (AddParameter): Name = "AVAILABILITY"; Value = "Unavailable"; VariantName = "[No Variations]"
Add component (AddParameter): Name = "DeviceName"; Value = ""; VariantName = "[No Variations]"
Add component (AddParameter): Name = "DeviceSetName"; Value = "ATSAMD51P20A-AU"; VariantName = "[No Variations]"
Add component (AddParameter): Name = "GateName_1"; Value = "G$1"; VariantName = "[No Variations]"
Add component (AddParameter): Name = "GateName_2"; Value = "G$2"; VariantName = "[No Variations]"
Add component (AddParameter): Name = "LibraryName"; Value = "MCU Board"; VariantName = "[No Variations]"
Add component (AddParameter): Name = "MF"; Value = "Microchip"; VariantName = "[No Variations]"
Add component (AddParameter): Name = "MP"; Value = "ATSAMD51P20A-AU"; VariantName = "[No Variations]"
Add component (AddParameter): Name = "PACKAGE"; Value = "TQFP-128 Microchip"; VariantName = "[No Variations]"
Add component (AddParameter): Name = "PRICE"; Value = "None"; VariantName = "[No Variations]"
Add component (AddParameter): Name = "SymbolName_1"; Value = "ATSAMD51P20A-AU_SECTION1"; VariantName = "[No Variations]"
Add component (AddParameter): Name = "SymbolName_2"; Value = "ATSAMD51P20A-AU_SECTION2"; VariantName = "[No Variations]"
Add Pin To Net: Unknown Pin: Pin MICRO_SD-P1-4
Added Pin To Net: NetName=GND Pin=U4-5
Added Pin To Net: NetName=VCC_MCU_ANA Pin=U4-6
Added Pin To Net: NetName=GND Pin=U4-14
Added Pin To Net: NetName=VCC_MCU_ANA Pin=U4-15
Added Pin To Net: NetName=GND Pin=U4-25
Added Pin To Net: NetName=VCC_MCU_ANA Pin=U4-26
Added Pin To Net: NetName=GND Pin=U4-31
Added Pin To Net: NetName=VCC_MCU_3V3 Pin=U4-32
Added Pin To Net: NetName=VCC_MCU_3V3 Pin=U4-37
Added Pin To Net: NetName=GND Pin=U4-38
Added Pin To Net: NetName=GND Pin=U4-45
Added Pin To Net: NetName=VCC_MCU_3V3 Pin=U4-46
Added Pin To Net: NetName=GND Pin=U4-53
Added Pin To Net: NetName=VCC_MCU_3V3 Pin=U4-54
Added Pin To Net: NetName=GND Pin=U4-64
Added Pin To Net: NetName=VCC_MCU_3V3 Pin=U4-65
Added Pin To Net: NetName=GND Pin=U4-78
Added Pin To Net: NetName=VCC_MCU_3V3 Pin=U4-79
Added Pin To Net: NetName=GND Pin=U4-90
Added Pin To Net: NetName=VCC_MCU_3V3 Pin=U4-91
Added Pin To Net: NetName=GND Pin=U4-96
Added Pin To Net: NetName=VCC_MCU_3V3 Pin=U4-97
Added Pin To Net: NetName=GND Pin=U4-106
Added Pin To Net: NetName=VCC_MCU_3V3 Pin=U4-107
Added Pin To Net: NetName=MCU_RESET Pin=U4-114
Added Pin To Net: NetName=VCC_MCU_VDDCORE Pin=U4-115
Added Pin To Net: NetName=GND Pin=U4-116
Added Pin To Net: NetName=VCC_MCU_VSW Pin=U4-117
Added Pin To Net: NetName=VCC_MCU_3V3 Pin=U4-118
Add Pin To Net: Unknown Pin: Pin USB-SH1-6
Add Pin To Net: Unknown Pin: Pin XTAL2-4
Add Net: Net with name "ACCEL_CS" already exists
Add Net: Net with name "ACCEL_INT_1" already exists
Add Net: Net with name "ACCEL_INT_2" already exists
Add Net: Net with name "ACCEL_TRIG" already exists
Add Net: Net with name "CAN0_RX" already exists
Add Net: Net with name "CAN0_STBY" already exists
Add Net: Net with name "CAN0_TX" already exists
Add Net: Net with name "CAN1_RX" already exists
Add Net: Net with name "CAN1_STBY" already exists
Add Net: Net with name "CAN1_TX" already exists
Add Net: Net with name "DEBUG_0" already exists
Add Net: Net with name "DEBUG_1" already exists
Add Net: Net with name "I2C0_SCL" already exists
Add Net: Net with name "I2C0_SDA" already exists
Add Net: Net with name "MOSI" already exists
Added Pin To Net: NetName=NetDEBUG1_1 Pin=DEBUG1-1
Added Pin To Net: NetName=NetDEBUG1_1 Pin=R32-1
Added Net: Name=NetDEBUG1_1
Added Pin To Net: NetName=NetDEBUG2_1 Pin=DEBUG2-1
Added Pin To Net: NetName=NetDEBUG2_1 Pin=R33-1
Added Net: Name=NetDEBUG2_1
Add Net: Net with name "RESET" already exists
Add Net: Net with name "SCK" already exists
Add Net: Net with name "SD_ACTIVE_LED" already exists
Add Net: Net with name "SDCD" already exists
Add Net: Net with name "SDCK" already exists
Add Net: Net with name "SDCMD" already exists
Add Net: Net with name "SDDAT0" already exists
Add Net: Net with name "SDDAT1" already exists
Add Net: Net with name "SDDAT2" already exists
Add Net: Net with name "SDDAT3" already exists
Add Net: Net with name "SPI1_MISO" already exists
Add Net: Net with name "SPI1_MOSI" already exists
Add Net: Net with name "SPI1_SCK" already exists
Add Net: Net with name "STAT_B" already exists
Add Net: Net with name "STAT_G" already exists
Add Net: Net with name "STAT_R" already exists
Add Net: Net with name "SWDCLK" already exists
Add Net: Net with name "SWDIO" already exists
Add Net: Net with name "SWO" already exists
Add Net: Net with name "TEMP_SENSE_VDD" already exists
Add Net: Net with name "TEMP_SENSE" already exists
Add Net: Net with name "USB_N" already exists
Add Net: Net with name "USB_P" already exists
Add Net: Net with name "V_USB_SENSE" already exists
Add Net: Net with name "VBAT" already exists
Add Net: Net with name "VCC_MCU_3V3" already exists
Add Net: Net with name "VCC_MCU_3V3" already exists
Add Net: Net with name "VCC_MCU_3V3" already exists
