Add Component: Footprint Not Found PC/104-MOUNTING-HOLE
Add Component: Footprint Not Found FUS0603_TYCO
Add Component: Footprint Not Found 2X20
Add Component: Footprint Not Found 2X20
Add Component: Footprint Not Found PC/104-MOUNTING-HOLE
Add Component: Footprint Not Found PC/104-MOUNTING-HOLE
Add Component: Footprint Not Found PC/104-MOUNTING-HOLE
Add Component: Footprint Not Found 
Added Pin To Net: NetName=VCC_MCU_3V3 Pin=C1-1
Added Pin To Net: NetName=VCC_MCU_3V3 Pin=C2-1
Added Pin To Net: NetName=VCC_MCU_3V3 Pin=C4-+
Added Pin To Net: NetName=VCC_MCU_3V3 Pin=C7-1
Added Pin To Net: NetName=VCC_MCU_3V3 Pin=C8-1
Added Pin To Net: NetName=VCC_MCU_3V3 Pin=C15-1
Added Pin To Net: NetName=VCC_MCU_3V3 Pin=C18-1
Added Pin To Net: NetName=VCC_MCU_3V3 Pin=C100-1
Added Pin To Net: NetName=VCC_MCU_3V3 Pin=C101-1
Added Pin To Net: NetName=VCC_MCU_3V3 Pin=C102-1
Added Pin To Net: NetName=VCC_MCU_3V3 Pin=C103-1
Added Pin To Net: NetName=VCC_MCU_3V3 Pin=C104-1
Added Pin To Net: NetName=VCC_MCU_3V3 Pin=C105-1
Added Pin To Net: NetName=VCC_MCU_3V3 Pin=C108-1
Added Pin To Net: NetName=VCC_MCU_3V3 Pin=C110-1
Added Pin To Net: NetName=VCC_MCU_3V3 Pin=C111-1
Added Pin To Net: NetName=VCC_MCU_3V3 Pin=C115-1
Add Pin To Net: Unknown Pin: Pin DEBUG1-A
Add Pin To Net: Unknown Pin: Pin DEBUG1-C
Add Pin To Net: Unknown Pin: Pin DEBUG2-A
Add Pin To Net: Unknown Pin: Pin DEBUG2-C
Add Pin To Net: Unknown Pin: Pin F1-2
Added Pin To Net: NetName=VCC_MCU_3V3 Pin=FB100-1
Added Pin To Net: NetName=VCC_MCU_3V3 Pin=J2-1
Added Pin To Net: NetName=SWDCLK Pin=J2-4
Added Pin To Net: NetName=SWO Pin=J2-6
Added Pin To Net: NetName=RESET Pin=J2-10
Add Pin To Net: Unknown Pin: Pin JP1-1
Add Pin To Net: Unknown Pin: Pin JP1-2
Add Pin To Net: Unknown Pin: Pin JP1-3
Add Pin To Net: Unknown Pin: Pin JP1-4
Add Pin To Net: Unknown Pin: Pin JP1-5
Add Pin To Net: Unknown Pin: Pin JP1-6
Add Pin To Net: Unknown Pin: Pin JP1-7
Add Pin To Net: Unknown Pin: Pin JP1-8
Add Pin To Net: Unknown Pin: Pin JP1-17
Add Pin To Net: Unknown Pin: Pin JP1-19
Add Pin To Net: Unknown Pin: Pin JP1-20
Add Pin To Net: Unknown Pin: Pin JP1-23
Add Pin To Net: Unknown Pin: Pin JP1-24
Add Pin To Net: Unknown Pin: Pin JP1-25
Add Pin To Net: Unknown Pin: Pin JP1-26
Add Pin To Net: Unknown Pin: Pin JP1-27
Add Pin To Net: Unknown Pin: Pin JP1-28
Add Pin To Net: Unknown Pin: Pin JP1-29
Add Pin To Net: Unknown Pin: Pin JP1-30
Add Pin To Net: Unknown Pin: Pin JP1-31
Add Pin To Net: Unknown Pin: Pin JP1-32
Add Pin To Net: Unknown Pin: Pin JP1-33
Add Pin To Net: Unknown Pin: Pin JP1-34
Add Pin To Net: Unknown Pin: Pin JP1-35
Add Pin To Net: Unknown Pin: Pin JP1-36
Add Pin To Net: Unknown Pin: Pin JP1-37
Add Pin To Net: Unknown Pin: Pin JP1-38
Add Pin To Net: Unknown Pin: Pin JP1-39
Add Pin To Net: Unknown Pin: Pin JP1-40
Add Pin To Net: Unknown Pin: Pin JP2-1
Add Pin To Net: Unknown Pin: Pin JP2-2
Add Pin To Net: Unknown Pin: Pin JP2-3
Add Pin To Net: Unknown Pin: Pin JP2-4
Add Pin To Net: Unknown Pin: Pin JP2-5
Add Pin To Net: Unknown Pin: Pin JP2-6
Add Pin To Net: Unknown Pin: Pin JP2-7
Add Pin To Net: Unknown Pin: Pin JP2-8
Add Pin To Net: Unknown Pin: Pin JP2-9
Add Pin To Net: Unknown Pin: Pin JP2-10
Add Pin To Net: Unknown Pin: Pin JP2-11
Add Pin To Net: Unknown Pin: Pin JP2-13
Add Pin To Net: Unknown Pin: Pin JP2-15
Add Pin To Net: Unknown Pin: Pin JP2-17
Add Pin To Net: Unknown Pin: Pin JP2-19
Add Pin To Net: Unknown Pin: Pin JP2-20
Add Pin To Net: Unknown Pin: Pin JP2-23
Add Pin To Net: Unknown Pin: Pin JP2-24
Add Pin To Net: Unknown Pin: Pin JP2-25
Add Pin To Net: Unknown Pin: Pin JP2-26
Add Pin To Net: Unknown Pin: Pin JP2-27
Add Pin To Net: Unknown Pin: Pin JP2-28
Add Pin To Net: Unknown Pin: Pin JP2-29
Add Pin To Net: Unknown Pin: Pin JP2-30
Add Pin To Net: Unknown Pin: Pin JP2-31
Add Pin To Net: Unknown Pin: Pin JP2-32
Add Pin To Net: Unknown Pin: Pin JP2-33
Add Pin To Net: Unknown Pin: Pin JP2-34
Add Pin To Net: Unknown Pin: Pin JP2-35
Add Pin To Net: Unknown Pin: Pin JP2-36
Add Pin To Net: Unknown Pin: Pin JP2-37
Add Pin To Net: Unknown Pin: Pin JP2-38
Add Pin To Net: Unknown Pin: Pin JP2-39
Add Pin To Net: Unknown Pin: Pin JP2-40
Added Pin To Net: NetName=VCC_MCU_3V3 Pin=L1-2
Added Pin To Net: NetName=SDDAT2 Pin=MICRO_SD-1
Added Pin To Net: NetName=VCC_MCU_3V3 Pin=MICRO_SD-4
Add Pin To Net: Unknown Pin: Pin MICRO_SD-P1-4
Added Pin To Net: NetName=SD_ACTIVE_LED Pin=R1-2
Added Pin To Net: NetName=VCC_MCU_3V3 Pin=R2-2
Added Pin To Net: NetName=VCC_MCU_3V3 Pin=R3-1
Added Pin To Net: NetName=VCC_MCU_3V3 Pin=R4-2
Added Pin To Net: NetName=VCC_MCU_3V3 Pin=R5-2
Added Pin To Net: NetName=VCC_MCU_3V3 Pin=R6-2
Added Pin To Net: NetName=SDDAT2 Pin=R8-1
Added Pin To Net: NetName=VCC_MCU_3V3 Pin=R8-2
Added Pin To Net: NetName=VCC_MCU_3V3 Pin=R9-2
Added Pin To Net: NetName=VCC_MCU_3V3 Pin=R12-2
Added Pin To Net: NetName=VCC_MCU_3V3 Pin=R13-2
Added Pin To Net: NetName=VCC_MCU_3V3 Pin=R14-2
Added Pin To Net: NetName=V_USB_SENSE Pin=R23-2
Added Pin To Net: NetName=V_USB_SENSE Pin=R24-1
Added Pin To Net: NetName=SWDCLK Pin=R25-1
Added Pin To Net: NetName=VCC_MCU_3V3 Pin=R25-2
Added Pin To Net: NetName=VCC_MCU_3V3 Pin=R29-2
Added Pin To Net: NetName=VCC_MCU_3V3 Pin=R30-2
Added Pin To Net: NetName=DEBUG_0 Pin=R32-2
Add Pin To Net: Unknown Pin: Pin SD_ACTIVITY-A
Add Pin To Net: Unknown Pin: Pin SD_ACTIVITY-C
Added Pin To Net: NetName=SDDAT2 Pin=TP6-1
Added Pin To Net: NetName=ACCEL_INT_1 Pin=TP11-1
Added Pin To Net: NetName=SPI1_MOSI Pin=TP12-1
Added Pin To Net: NetName=SPI1_SCK Pin=TP14-1
Added Pin To Net: NetName=SPI1_MISO Pin=TP16-1
Added Pin To Net: NetName=CAN0_RX Pin=TP17-1
Added Pin To Net: NetName=CAN0_TX Pin=TP18-1
Added Pin To Net: NetName=CAN1_TX Pin=TP19-1
Added Pin To Net: NetName=CAN1_RX Pin=TP20-1
Added Pin To Net: NetName=VCC_MCU_3V3 Pin=U1-1
Added Pin To Net: NetName=I2C0_SCL Pin=U1-4
Added Pin To Net: NetName=I2C0_SDA Pin=U1-5
Added Pin To Net: NetName=VCC_MCU_3V3 Pin=U2-3
Added Pin To Net: NetName=TEMP_SENSE_VDD Pin=U3-1
Added Pin To Net: NetName=TEMP_SENSE Pin=U4-13
Added Pin To Net: NetName=MOSI Pin=U4-27
Added Pin To Net: NetName=SCK Pin=U4-28
Added Pin To Net: NetName=VCC_MCU_3V3 Pin=U4-32
Added Pin To Net: NetName=SDCMD Pin=U4-33
Added Pin To Net: NetName=SDDAT0 Pin=U4-34
Added Pin To Net: NetName=SDDAT1 Pin=U4-35
Added Pin To Net: NetName=VCC_MCU_3V3 Pin=U4-37
Added Pin To Net: NetName=SDDAT3 Pin=U4-39
Added Pin To Net: NetName=SDCK Pin=U4-40
Added Pin To Net: NetName=SDCD Pin=U4-41
Added Pin To Net: NetName=VCC_MCU_3V3 Pin=U4-46
Added Pin To Net: NetName=VCC_MCU_3V3 Pin=U4-54
Added Pin To Net: NetName=VCC_MCU_3V3 Pin=U4-65
Added Pin To Net: NetName=GND Pin=U4-66
Added Pin To Net: NetName=GND Pin=U4-67
Added Pin To Net: NetName=DEBUG_1 Pin=U4-69
Added Pin To Net: NetName=GND Pin=U4-70
Added Pin To Net: NetName=GND Pin=U4-71
Added Pin To Net: NetName=ACCEL_INT_1 Pin=U4-73
Added Pin To Net: NetName=GND Pin=U4-76
Added Pin To Net: NetName=GND Pin=U4-77
Added Pin To Net: NetName=VCC_MCU_3V3 Pin=U4-79
Added Pin To Net: NetName=SPI1_MOSI Pin=U4-82
Added Pin To Net: NetName=SPI1_SCK Pin=U4-83
Added Pin To Net: NetName=SPI1_MISO Pin=U4-84
Added Pin To Net: NetName=STAT_B Pin=U4-85
Added Pin To Net: NetName=STAT_G Pin=U4-86
Added Pin To Net: NetName=STAT_R Pin=U4-87
Added Pin To Net: NetName=VCC_MCU_3V3 Pin=U4-91
Added Pin To Net: NetName=USB_N Pin=U4-94
Added Pin To Net: NetName=VCC_MCU_3V3 Pin=U4-97
Added Pin To Net: NetName=GND Pin=U4-102
Added Pin To Net: NetName=GND Pin=U4-103
Added Pin To Net: NetName=VCC_MCU_3V3 Pin=U4-107
Added Pin To Net: NetName=VCC_MCU_3V3 Pin=U4-118
Added Pin To Net: NetName=SWDIO Pin=U4-120
Added Pin To Net: NetName=VBAT Pin=U4-128
Added Pin To Net: NetName=CAN0_TX Pin=U5-P1
Added Pin To Net: NetName=CAN0_RX Pin=U5-P4
Added Pin To Net: NetName=CAN0_STBY Pin=U5-P8
Added Pin To Net: NetName=CAN1_TX Pin=U6-P1
Added Pin To Net: NetName=CAN1_RX Pin=U6-P4
Added Pin To Net: NetName=CAN1_STBY Pin=U6-P8
Added Pin To Net: NetName=VCC_MCU_3V3 Pin=U7-3
Added Pin To Net: NetName=ACCEL_TRIG Pin=U7-4
Added Pin To Net: NetName=ACCEL_INT_2 Pin=U7-6
Added Pin To Net: NetName=VCC_MCU_3V3 Pin=U7-7
Added Pin To Net: NetName=ACCEL_CS Pin=U7-10
Added Pin To Net: NetName=USB_P Pin=U8-3
Add Pin To Net: Unknown Pin: Pin U$5-
Added Pin To Net: NetName=USB_P Pin=USB-3
Add Pin To Net: Unknown Pin: Pin USB-SH1-6
Add Pin To Net: Unknown Pin: Pin XTAL2-4
Added Net: Name=NetF1_1
