Importer Log Report
Project : Big-MCU.PrjPcb

Section : Analyze Document - C:\Users\Roland\Desktop\2020-PCB-REVA-Big-MCU\MCU Board.lbr
    Analyzing data of C:\Users\Roland\Desktop\2020-PCB-REVA-Big-MCU\MCU Board.lbr
    Load settings
    Load layers 145
    Load library
    Load Library library
    Load Library ""
    Load Packages 34
    Load Symbols 32
    Load DeviceSets 33
EndSection

Section : Analyze Document - C:\Users\Roland\Desktop\2020-PCB-REVA-Big-MCU\Big-MCU.brd
    Analyzing data of C:\Users\Roland\Desktop\2020-PCB-REVA-Big-MCU\Big-MCU.brd
    Load settings
    Load layers 147
    Load board
    Load Library "CU inSpace 2019 Parts"
    Load Packages 2
    Load Library "pinhead"
    Load Packages 1
    ERROR: Unhandled typepackages3d
    Load Library "MCU Board"
    Load Packages 20
    Load Library "rcl"
    Load Packages 4
    ERROR: Unhandled typepackages3d
    Load Library "led"
    Load Packages 1
    ERROR: Unhandled typepackages3d
    Load Library "CUINSPACE_Managed"
    Load Packages 1
    ERROR: Unhandled typepackages3d
    ERROR: Unhandled typemfgpreviewcolors
EndSection

Section : Analyze Document - C:\Users\Roland\Desktop\2020-PCB-REVA-Big-MCU\Big-MCU.sch
    Analyzing data of C:\Users\Roland\Desktop\2020-PCB-REVA-Big-MCU\Big-MCU.sch
    Load settings
    Load layers 147
    Load schematic
    Load Libraries 10
    Load Library "CU inSpace 2019 Parts"
    Load Packages 2
    Load Symbols 2
    Load DeviceSets 2
    Load Library "pinhead"
    Load Packages 2
    ERROR: Unhandled typepackages3d
    Load Symbols 1
    Load DeviceSets 1
    ERROR: Unhandled typepackage3dinstances
    ERROR: Unhandled typepackage3dinstances
    Load Library "frames"
    Load Packages 0
    Load Symbols 2
    Load DeviceSets 1
    Load Library "1wire"
    Load Packages 0
    Load Symbols 1
    Load DeviceSets 1
    Load Library "SparkFun-PowerSymbols"
    Load Packages 0
    Load Symbols 3
    Load DeviceSets 3
    Load Library "MCU Board"
    Load Packages 20
    Load Symbols 21
    Load DeviceSets 20
    Load Library "rcl"
    Load Packages 164
    ERROR: Unhandled typepackages3d
    Load Symbols 2
    Load DeviceSets 2
    ERROR: Unhandled typepackage3dinstances
    ERROR: Unhandled typepackage3dinstances
    ERROR: Unhandled typepackage3dinstances
    ERROR: Unhandled typepackage3dinstances
    ERROR: Unhandled typepackage3dinstances
    ERROR: Unhandled typepackage3dinstances
    ERROR: Unhandled typepackage3dinstances
    ERROR: Unhandled typepackage3dinstances
    ERROR: Unhandled typepackage3dinstances
    ERROR: Unhandled typepackage3dinstances
    ERROR: Unhandled typepackage3dinstances
    ERROR: Unhandled typepackage3dinstances
    ERROR: Unhandled typepackage3dinstances
    ERROR: Unhandled typepackage3dinstances
    ERROR: Unhandled typepackage3dinstances
    ERROR: Unhandled typepackage3dinstances
    ERROR: Unhandled typepackage3dinstances
    ERROR: Unhandled typepackage3dinstances
    ERROR: Unhandled typepackage3dinstances
    ERROR: Unhandled typepackage3dinstances
    ERROR: Unhandled typepackage3dinstances
    ERROR: Unhandled typepackage3dinstances
    ERROR: Unhandled typepackage3dinstances
    ERROR: Unhandled typepackage3dinstances
    ERROR: Unhandled typepackage3dinstances
    ERROR: Unhandled typepackage3dinstances
    ERROR: Unhandled typepackage3dinstances
    ERROR: Unhandled typepackage3dinstances
    ERROR: Unhandled typepackage3dinstances
    ERROR: Unhandled typepackage3dinstances
    ERROR: Unhandled typepackage3dinstances
    ERROR: Unhandled typepackage3dinstances
    ERROR: Unhandled typepackage3dinstances
    ERROR: Unhandled typepackage3dinstances
    ERROR: Unhandled typepackage3dinstances
    ERROR: Unhandled typepackage3dinstances
    ERROR: Unhandled typepackage3dinstances
    ERROR: Unhandled typepackage3dinstances
    ERROR: Unhandled typepackage3dinstances
    ERROR: Unhandled typepackage3dinstances
    ERROR: Unhandled typepackage3dinstances
    ERROR: Unhandled typepackage3dinstances
    ERROR: Unhandled typepackage3dinstances
    ERROR: Unhandled typepackage3dinstances
    ERROR: Unhandled typepackage3dinstances
    ERROR: Unhandled typepackage3dinstances
    ERROR: Unhandled typepackage3dinstances
    ERROR: Unhandled typepackage3dinstances
    ERROR: Unhandled typepackage3dinstances
    ERROR: Unhandled typepackage3dinstances
    ERROR: Unhandled typepackage3dinstances
    ERROR: Unhandled typepackage3dinstances
    ERROR: Unhandled typepackage3dinstances
    ERROR: Unhandled typepackage3dinstances
    ERROR: Unhandled typepackage3dinstances
    ERROR: Unhandled typepackage3dinstances
    ERROR: Unhandled typepackage3dinstances
    ERROR: Unhandled typepackage3dinstances
    ERROR: Unhandled typepackage3dinstances
    ERROR: Unhandled typepackage3dinstances
    ERROR: Unhandled typepackage3dinstances
    ERROR: Unhandled typepackage3dinstances
    ERROR: Unhandled typepackage3dinstances
    ERROR: Unhandled typepackage3dinstances
    ERROR: Unhandled typepackage3dinstances
    ERROR: Unhandled typepackage3dinstances
    ERROR: Unhandled typepackage3dinstances
    ERROR: Unhandled typepackage3dinstances
    ERROR: Unhandled typepackage3dinstances
    ERROR: Unhandled typepackage3dinstances
    ERROR: Unhandled typepackage3dinstances
    ERROR: Unhandled typepackage3dinstances
    ERROR: Unhandled typepackage3dinstances
    ERROR: Unhandled typepackage3dinstances
    ERROR: Unhandled typepackage3dinstances
    ERROR: Unhandled typepackage3dinstances
    ERROR: Unhandled typepackage3dinstances
    ERROR: Unhandled typepackage3dinstances
    ERROR: Unhandled typepackage3dinstances
    ERROR: Unhandled typespice
    ERROR: Unhandled typepackage3dinstances
    ERROR: Unhandled typepackage3dinstances
    ERROR: Unhandled typepackage3dinstances
    ERROR: Unhandled typepackage3dinstances
    ERROR: Unhandled typepackage3dinstances
    ERROR: Unhandled typepackage3dinstances
    ERROR: Unhandled typepackage3dinstances
    ERROR: Unhandled typepackage3dinstances
    ERROR: Unhandled typepackage3dinstances
    ERROR: Unhandled typepackage3dinstances
    ERROR: Unhandled typepackage3dinstances
    ERROR: Unhandled typepackage3dinstances
    ERROR: Unhandled typepackage3dinstances
    ERROR: Unhandled typepackage3dinstances
    ERROR: Unhandled typepackage3dinstances
    ERROR: Unhandled typepackage3dinstances
    ERROR: Unhandled typepackage3dinstances
    ERROR: Unhandled typepackage3dinstances
    ERROR: Unhandled typepackage3dinstances
    ERROR: Unhandled typepackage3dinstances
    ERROR: Unhandled typepackage3dinstances
    ERROR: Unhandled typepackage3dinstances
    ERROR: Unhandled typepackage3dinstances
    ERROR: Unhandled typepackage3dinstances
    ERROR: Unhandled typepackage3dinstances
    ERROR: Unhandled typepackage3dinstances
    ERROR: Unhandled typepackage3dinstances
    ERROR: Unhandled typepackage3dinstances
    ERROR: Unhandled typepackage3dinstances
    ERROR: Unhandled typepackage3dinstances
    ERROR: Unhandled typepackage3dinstances
    ERROR: Unhandled typepackage3dinstances
    ERROR: Unhandled typepackage3dinstances
    ERROR: Unhandled typepackage3dinstances
    ERROR: Unhandled typepackage3dinstances
    ERROR: Unhandled typepackage3dinstances
    ERROR: Unhandled typepackage3dinstances
    ERROR: Unhandled typepackage3dinstances
    ERROR: Unhandled typepackage3dinstances
    ERROR: Unhandled typepackage3dinstances
    ERROR: Unhandled typepackage3dinstances
    ERROR: Unhandled typepackage3dinstances
    ERROR: Unhandled typepackage3dinstances
    ERROR: Unhandled typepackage3dinstances
    ERROR: Unhandled typepackage3dinstances
    ERROR: Unhandled typepackage3dinstances
    ERROR: Unhandled typepackage3dinstances
    ERROR: Unhandled typepackage3dinstances
    ERROR: Unhandled typepackage3dinstances
    ERROR: Unhandled typepackage3dinstances
    ERROR: Unhandled typepackage3dinstances
    ERROR: Unhandled typepackage3dinstances
    ERROR: Unhandled typepackage3dinstances
    ERROR: Unhandled typepackage3dinstances
    ERROR: Unhandled typepackage3dinstances
    ERROR: Unhandled typepackage3dinstances
    ERROR: Unhandled typepackage3dinstances
    ERROR: Unhandled typepackage3dinstances
    ERROR: Unhandled typepackage3dinstances
    ERROR: Unhandled typepackage3dinstances
    ERROR: Unhandled typepackage3dinstances
    ERROR: Unhandled typepackage3dinstances
    ERROR: Unhandled typepackage3dinstances
    ERROR: Unhandled typepackage3dinstances
    ERROR: Unhandled typepackage3dinstances
    ERROR: Unhandled typepackage3dinstances
    ERROR: Unhandled typepackage3dinstances
    ERROR: Unhandled typepackage3dinstances
    ERROR: Unhandled typepackage3dinstances
    ERROR: Unhandled typepackage3dinstances
    ERROR: Unhandled typepackage3dinstances
    ERROR: Unhandled typepackage3dinstances
    ERROR: Unhandled typepackage3dinstances
    ERROR: Unhandled typepackage3dinstances
    ERROR: Unhandled typepackage3dinstances
    ERROR: Unhandled typepackage3dinstances
    ERROR: Unhandled typepackage3dinstances
    ERROR: Unhandled typepackage3dinstances
    ERROR: Unhandled typepackage3dinstances
    ERROR: Unhandled typepackage3dinstances
    ERROR: Unhandled typepackage3dinstances
    ERROR: Unhandled typepackage3dinstances
    ERROR: Unhandled typepackage3dinstances
    ERROR: Unhandled typepackage3dinstances
    ERROR: Unhandled typepackage3dinstances
    ERROR: Unhandled typespice
    Load Library "led"
    Load Packages 37
    ERROR: Unhandled typepackages3d
    Load Symbols 1
    Load DeviceSets 1
    ERROR: Unhandled typepackage3dinstances
    ERROR: Unhandled typepackage3dinstances
    ERROR: Unhandled typepackage3dinstances
    ERROR: Unhandled typepackage3dinstances
    ERROR: Unhandled typepackage3dinstances
    ERROR: Unhandled typepackage3dinstances
    ERROR: Unhandled typepackage3dinstances
    ERROR: Unhandled typepackage3dinstances
    ERROR: Unhandled typepackage3dinstances
    ERROR: Unhandled typepackage3dinstances
    ERROR: Unhandled typepackage3dinstances
    ERROR: Unhandled typepackage3dinstances
    ERROR: Unhandled typepackage3dinstances
    ERROR: Unhandled typepackage3dinstances
    ERROR: Unhandled typepackage3dinstances
    ERROR: Unhandled typepackage3dinstances
    ERROR: Unhandled typepackage3dinstances
    ERROR: Unhandled typepackage3dinstances
    ERROR: Unhandled typepackage3dinstances
    ERROR: Unhandled typepackage3dinstances
    ERROR: Unhandled typepackage3dinstances
    ERROR: Unhandled typepackage3dinstances
    ERROR: Unhandled typepackage3dinstances
    ERROR: Unhandled typepackage3dinstances
    ERROR: Unhandled typepackage3dinstances
    ERROR: Unhandled typepackage3dinstances
    ERROR: Unhandled typepackage3dinstances
    ERROR: Unhandled typepackage3dinstances
    ERROR: Unhandled typepackage3dinstances
    ERROR: Unhandled typepackage3dinstances
    ERROR: Unhandled typepackage3dinstances
    ERROR: Unhandled typepackage3dinstances
    ERROR: Unhandled typepackage3dinstances
    ERROR: Unhandled typepackage3dinstances
    ERROR: Unhandled typepackage3dinstances
    ERROR: Unhandled typepackage3dinstances
    ERROR: Unhandled typepackage3dinstances
    Load Library "CUINSPACE_Managed"
    Load Packages 1
    ERROR: Unhandled typepackages3d
    Load Symbols 1
    Load DeviceSets 1
    ERROR: Unhandled typepackage3dinstances
    Load Library "supply1"
    Load Packages 0
    Load Symbols 2
    Load DeviceSets 2
    Load Attributes 0
    Load Classes 3
    Load Parts 176
    Load Sheets 5
    ERROR: Unhandled typedescription
    ERROR: Unhandled typedescription
    ERROR: Unhandled typedescription
    ERROR: Unhandled typedescription
    ERROR: Unhandled typedescription
EndSection
