Removed Pin From Net: NetName=VCC_GPS Pin=C1-1
Removed Pin From Net: NetName=GND Pin=C1-2
Removed Pin From Net: NetName=VCC_GPS Pin=C2-1
Removed Pin From Net: NetName=GND Pin=C2-2
Removed Pin From Net: NetName=VCC_ALT Pin=C3-1
Removed Pin From Net: NetName=GND Pin=C3-2
Removed Pin From Net: NetName=GND Pin=C4-1
Removed Pin From Net: NetName=VBACKUP Pin=C4-2
Removed Pin From Net: NetName=IMU_VDDIO Pin=C5-1
Removed Pin From Net: NetName=GND Pin=C5-2
Change Component DesignItemId : Designator=C2 Old DesignItemId=C-EUC0805 New DesignItemId=CMP-001-00007-6
Change Component DesignItemId : Designator=C4 Old DesignItemId=C-EUC0805 New DesignItemId=CMP-001-00007-6
Change Component DesignItemId : Designator=C1 Old DesignItemId=C-EUC0805 New DesignItemId=CMP-001-00018-6
Change Component DesignItemId : Designator=C3 Old DesignItemId=C-EUC0805 New DesignItemId=CMP-001-00018-6
Change Component DesignItemId : Designator=C5 Old DesignItemId=C-EUC0805 New DesignItemId=CMP-001-00018-6
Change Component DesignItemId : Designator=C6 Old DesignItemId=C-EUC1206 New DesignItemId=CMP-001-00016-6
Change Component Footprint: Designator=C1 Old Footprint=C0805 New Footprint=CAPC2013X95X50LL10T25
Change Component Footprint: Designator=C3 Old Footprint=C0805 New Footprint=CAPC2013X95X50LL10T25
Change Component Footprint: Designator=C5 Old Footprint=C0805 New Footprint=CAPC2013X95X50LL10T25
Change Component Footprint: Designator=C2 Old Footprint=C0805 New Footprint=CAPC2013X135X45NL10T25
Change Component Footprint: Designator=C4 Old Footprint=C0805 New Footprint=CAPC2013X135X45NL10T25
Change Component Footprint: Designator=C6 Old Footprint=C1206 New Footprint=CAPC3216X180X50NL20T25
Change Component Comment : Designator=C1 Old Comment=0.1 µF New Comment=Capacitor 100 nF +/-10% 50 V 0805
Change Component Comment : Designator=C3 Old Comment=0.1 µF New Comment=Capacitor 100 nF +/-10% 50 V 0805
Change Component Comment : Designator=C2 Old Comment=1 µF New Comment=Capacitor 1 uF +/- 10% 50 V 0805
Change Component Comment : Designator=C4 Old Comment=1 µF New Comment=Capacitor 1 uF +/- 10% 50 V 0805
Change Component Comment : Designator=C5 Old Comment=10 nF New Comment=Capacitor 100 nF +/-10% 50 V 0805
Change Component Comment : Designator=C6 Old Comment=10 µF New Comment=Capacitor 10 uF +/- 10% 16 V 1206
Change Component Description : Designator=C2 Old Description=CAPACITOR, European symbol New Description=Chip Capacitor, 1 uF, +/- 10%, 50 V, 0805 (2012 Metric)
Change Component Description : Designator=C4 Old Description=CAPACITOR, European symbol New Description=Chip Capacitor, 1 uF, +/- 10%, 50 V, 0805 (2012 Metric)
Change Component Description : Designator=C6 Old Description=CAPACITOR, European symbol New Description=Chip Capacitor, 10 uF, +/- 10%, 16 V, 1206 (3216 Metric)
Change Component Description : Designator=C1 Old Description=CAPACITOR, European symbol New Description=Chip Capacitor, 100 nF, +/- 10%, 50 V, 0805 (2012 Metric)
Change Component Description : Designator=C3 Old Description=CAPACITOR, European symbol New Description=Chip Capacitor, 100 nF, +/- 10%, 50 V, 0805 (2012 Metric)
Change Component Description : Designator=C5 Old Description=CAPACITOR, European symbol New Description=Chip Capacitor, 100 nF, +/- 10%, 50 V, 0805 (2012 Metric)
Change Component Library : Designator=C1 Old Library=rcl.IntLib New Library=Americas- CU InSpace-  Carleton University
Change Component Library : Designator=C2 Old Library=rcl.IntLib New Library=Americas- CU InSpace-  Carleton University
Change Component Library : Designator=C3 Old Library=rcl.IntLib New Library=Americas- CU InSpace-  Carleton University
Change Component Library : Designator=C4 Old Library=rcl.IntLib New Library=Americas- CU InSpace-  Carleton University
Change Component Library : Designator=C5 Old Library=rcl.IntLib New Library=Americas- CU InSpace-  Carleton University
Change Component Library : Designator=C6 Old Library=rcl.IntLib New Library=Americas- CU InSpace-  Carleton University
Change Managed Component Library Link : Designator=C1 Old VaultGUID=0D51059A-7567-4922-900C-B3DB03C4D13B New VaultGUID=0D51059A-7567-4922-900C-B3DB03C4D13B Old ItemGUID= New ItemGUID=1745FC1C-ED7C-4A81-ACC1-3526579DA949 Old RevisionGUID= New RevisionGUID=C0DD816E-8ECE-4CB9-B3D6-1A78C790C67B
Change Managed Component Library Link : Designator=C2 Old VaultGUID=0D51059A-7567-4922-900C-B3DB03C4D13B New VaultGUID=0D51059A-7567-4922-900C-B3DB03C4D13B Old ItemGUID= New ItemGUID=057C951D-F158-43B1-A6CD-BA9DFB5E8CAD Old RevisionGUID= New RevisionGUID=6C9885C3-F24F-4585-8304-2B7B76BF2688
Change Managed Component Library Link : Designator=C3 Old VaultGUID=0D51059A-7567-4922-900C-B3DB03C4D13B New VaultGUID=0D51059A-7567-4922-900C-B3DB03C4D13B Old ItemGUID= New ItemGUID=1745FC1C-ED7C-4A81-ACC1-3526579DA949 Old RevisionGUID= New RevisionGUID=C0DD816E-8ECE-4CB9-B3D6-1A78C790C67B
Change Managed Component Library Link : Designator=C4 Old VaultGUID=0D51059A-7567-4922-900C-B3DB03C4D13B New VaultGUID=0D51059A-7567-4922-900C-B3DB03C4D13B Old ItemGUID= New ItemGUID=057C951D-F158-43B1-A6CD-BA9DFB5E8CAD Old RevisionGUID= New RevisionGUID=6C9885C3-F24F-4585-8304-2B7B76BF2688
Change Managed Component Library Link : Designator=C5 Old VaultGUID=0D51059A-7567-4922-900C-B3DB03C4D13B New VaultGUID=0D51059A-7567-4922-900C-B3DB03C4D13B Old ItemGUID= New ItemGUID=1745FC1C-ED7C-4A81-ACC1-3526579DA949 Old RevisionGUID= New RevisionGUID=C0DD816E-8ECE-4CB9-B3D6-1A78C790C67B
Change Managed Component Library Link : Designator=C6 Old VaultGUID=0D51059A-7567-4922-900C-B3DB03C4D13B New VaultGUID=0D51059A-7567-4922-900C-B3DB03C4D13B Old ItemGUID= New ItemGUID=CF8D031E-ACD0-44D7-AF48-55720B30E370 Old RevisionGUID= New RevisionGUID=02D221B1-D68D-43A5-A2BB-1B1C36D16E51
Change component parameters: Designator = "C1" ("C1"); Footprint = "C0805"; UniqueID = "\PWCVGPRM" ("\PWCVGPRM")
Change component parameters (AddParameter): Name = "Capacitor Type"; Value = "Ceramic"; VariantName = "[No Variations]"
Change component parameters (AddParameter): Name = "Case/Package"; Value = "0805"; VariantName = "[No Variations]"
Change component parameters (AddParameter): Name = "Max Operating Temperature"; Value = "125°C"; VariantName = "[No Variations]"
Change component parameters (AddParameter): Name = "Min Operating Temperature"; Value = "-55°C"; VariantName = "[No Variations]"
Change component parameters (AddParameter): Name = "Mounting Technology"; Value = "SM"; VariantName = "[No Variations]"
Change component parameters (AddParameter): Name = "Pins"; Value = "2"; VariantName = "[No Variations]"
Change component parameters (AddParameter): Name = "Ripple Current"; Value = ""; VariantName = "[No Variations]"
Change component parameters (AddParameter): Name = "Ripple Current (AC)"; Value = ""; VariantName = "[No Variations]"
Change component parameters (AddParameter): Name = "RoHS Compliant"; Value = "True"; VariantName = "[No Variations]"
Change component parameters (AddParameter): Name = "Tolerance"; Value = "10%"; VariantName = "[No Variations]"
Change component parameters (AddParameter): Name = "Value"; Value = "100nF"; VariantName = "[No Variations]"
Change component parameters (AddParameter): Name = "Voltage Rating"; Value = "50V"; VariantName = "[No Variations]"
Change component parameters: Designator = "C2" ("C2"); Footprint = "C0805"; UniqueID = "\OUHAHLAK" ("\OUHAHLAK")
Change component parameters (AddParameter): Name = "Capacitor Type"; Value = "Ceramic"; VariantName = "[No Variations]"
Change component parameters (AddParameter): Name = "Case/Package"; Value = "0805"; VariantName = "[No Variations]"
Change component parameters (AddParameter): Name = "Max Operating Temperature"; Value = "125°C"; VariantName = "[No Variations]"
Change component parameters (AddParameter): Name = "Min Operating Temperature"; Value = "-55°C"; VariantName = "[No Variations]"
Change component parameters (AddParameter): Name = "Mounting Technology"; Value = "SM"; VariantName = "[No Variations]"
Change component parameters (AddParameter): Name = "Pins"; Value = "2"; VariantName = "[No Variations]"
Change component parameters (AddParameter): Name = "Ripple Current"; Value = ""; VariantName = "[No Variations]"
Change component parameters (AddParameter): Name = "Ripple Current (AC)"; Value = ""; VariantName = "[No Variations]"
Change component parameters (AddParameter): Name = "RoHS Compliant"; Value = "True"; VariantName = "[No Variations]"
Change component parameters (AddParameter): Name = "Tolerance"; Value = "10%"; VariantName = "[No Variations]"
Change component parameters (AddParameter): Name = "Value"; Value = "1µF"; VariantName = "[No Variations]"
Change component parameters (AddParameter): Name = "Voltage Rating"; Value = "50V"; VariantName = "[No Variations]"
Change component parameters: Designator = "C3" ("C3"); Footprint = "C0805"; UniqueID = "\SHGYIXGA" ("\SHGYIXGA")
Change component parameters (AddParameter): Name = "Capacitor Type"; Value = "Ceramic"; VariantName = "[No Variations]"
Change component parameters (AddParameter): Name = "Case/Package"; Value = "0805"; VariantName = "[No Variations]"
Change component parameters (AddParameter): Name = "Max Operating Temperature"; Value = "125°C"; VariantName = "[No Variations]"
Change component parameters (AddParameter): Name = "Min Operating Temperature"; Value = "-55°C"; VariantName = "[No Variations]"
Change component parameters (AddParameter): Name = "Mounting Technology"; Value = "SM"; VariantName = "[No Variations]"
Change component parameters (AddParameter): Name = "Pins"; Value = "2"; VariantName = "[No Variations]"
Change component parameters (AddParameter): Name = "Ripple Current"; Value = ""; VariantName = "[No Variations]"
Change component parameters (AddParameter): Name = "Ripple Current (AC)"; Value = ""; VariantName = "[No Variations]"
Change component parameters (AddParameter): Name = "RoHS Compliant"; Value = "True"; VariantName = "[No Variations]"
Change component parameters (AddParameter): Name = "Tolerance"; Value = "10%"; VariantName = "[No Variations]"
Change component parameters (AddParameter): Name = "Value"; Value = "100nF"; VariantName = "[No Variations]"
Change component parameters (AddParameter): Name = "Voltage Rating"; Value = "50V"; VariantName = "[No Variations]"
Change component parameters: Designator = "C4" ("C4"); Footprint = "C0805"; UniqueID = "\CECADXLQ" ("\CECADXLQ")
Change component parameters (AddParameter): Name = "Capacitor Type"; Value = "Ceramic"; VariantName = "[No Variations]"
Change component parameters (AddParameter): Name = "Case/Package"; Value = "0805"; VariantName = "[No Variations]"
Change component parameters (AddParameter): Name = "Max Operating Temperature"; Value = "125°C"; VariantName = "[No Variations]"
Change component parameters (AddParameter): Name = "Min Operating Temperature"; Value = "-55°C"; VariantName = "[No Variations]"
Change component parameters (AddParameter): Name = "Mounting Technology"; Value = "SM"; VariantName = "[No Variations]"
Change component parameters (AddParameter): Name = "Pins"; Value = "2"; VariantName = "[No Variations]"
Change component parameters (AddParameter): Name = "Ripple Current"; Value = ""; VariantName = "[No Variations]"
Change component parameters (AddParameter): Name = "Ripple Current (AC)"; Value = ""; VariantName = "[No Variations]"
Change component parameters (AddParameter): Name = "RoHS Compliant"; Value = "True"; VariantName = "[No Variations]"
Change component parameters (AddParameter): Name = "Tolerance"; Value = "10%"; VariantName = "[No Variations]"
Change component parameters (AddParameter): Name = "Value"; Value = "1µF"; VariantName = "[No Variations]"
Change component parameters (AddParameter): Name = "Voltage Rating"; Value = "50V"; VariantName = "[No Variations]"
Change component parameters: Designator = "C5" ("C5"); Footprint = "C0805"; UniqueID = "\AKEAYOMO" ("\AKEAYOMO")
Change component parameters (AddParameter): Name = "Capacitor Type"; Value = "Ceramic"; VariantName = "[No Variations]"
Change component parameters (AddParameter): Name = "Case/Package"; Value = "0805"; VariantName = "[No Variations]"
Change component parameters (AddParameter): Name = "Max Operating Temperature"; Value = "125°C"; VariantName = "[No Variations]"
Change component parameters (AddParameter): Name = "Min Operating Temperature"; Value = "-55°C"; VariantName = "[No Variations]"
Change component parameters (AddParameter): Name = "Mounting Technology"; Value = "SM"; VariantName = "[No Variations]"
Change component parameters (AddParameter): Name = "Pins"; Value = "2"; VariantName = "[No Variations]"
Change component parameters (AddParameter): Name = "Ripple Current"; Value = ""; VariantName = "[No Variations]"
Change component parameters (AddParameter): Name = "Ripple Current (AC)"; Value = ""; VariantName = "[No Variations]"
Change component parameters (AddParameter): Name = "RoHS Compliant"; Value = "True"; VariantName = "[No Variations]"
Change component parameters (AddParameter): Name = "Tolerance"; Value = "10%"; VariantName = "[No Variations]"
Change component parameters (AddParameter): Name = "Value"; Value = "100nF"; VariantName = "[No Variations]"
Change component parameters (AddParameter): Name = "Voltage Rating"; Value = "50V"; VariantName = "[No Variations]"
Change component parameters: Designator = "C6" ("C6"); Footprint = "C1206"; UniqueID = "\DAEQCSOF" ("\DAEQCSOF")
Change component parameters (AddParameter): Name = "Capacitor Type"; Value = "Ceramic"; VariantName = "[No Variations]"
Change component parameters (AddParameter): Name = "Case/Package"; Value = "1206"; VariantName = "[No Variations]"
Change component parameters (AddParameter): Name = "Max Operating Temperature"; Value = "125°C"; VariantName = "[No Variations]"
Change component parameters (AddParameter): Name = "Min Operating Temperature"; Value = "-55°C"; VariantName = "[No Variations]"
Change component parameters (AddParameter): Name = "Mounting Technology"; Value = "SM"; VariantName = "[No Variations]"
Change component parameters (AddParameter): Name = "Pins"; Value = "2"; VariantName = "[No Variations]"
Change component parameters (AddParameter): Name = "Ripple Current"; Value = ""; VariantName = "[No Variations]"
Change component parameters (AddParameter): Name = "Ripple Current (AC)"; Value = ""; VariantName = "[No Variations]"
Change component parameters (AddParameter): Name = "RoHS Compliant"; Value = "True"; VariantName = "[No Variations]"
Change component parameters (AddParameter): Name = "Tolerance"; Value = "10%"; VariantName = "[No Variations]"
Change component parameters (AddParameter): Name = "Value"; Value = "10µF"; VariantName = "[No Variations]"
Change component parameters (AddParameter): Name = "Voltage Rating"; Value = "16V"; VariantName = "[No Variations]"
Added Pin To Net: NetName=GND Pin=C1-1
Added Pin To Net: NetName=VCC_GPS Pin=C1-2
Added Pin To Net: NetName=GND Pin=C2-1
Added Pin To Net: NetName=VCC_GPS Pin=C2-2
Added Pin To Net: NetName=GND Pin=C3-1
Added Pin To Net: NetName=VCC_ALT Pin=C3-2
Added Pin To Net: NetName=VBACKUP Pin=C4-1
Added Pin To Net: NetName=GND Pin=C4-2
Added Pin To Net: NetName=GND Pin=C5-1
Added Pin To Net: NetName=IMU_VDDIO Pin=C5-2
Add Pin To Net: Unknown Pin: Pin GPS_BACKUP-NEG
Add Pin To Net: Unknown Pin: Pin GPS_BACKUP-POS
Add Net: Net with name "I2C_SCL" already exists
Add Net: Net with name "I2C_SDA" already exists
Add Class Member: Failed to add class member : Component GPS_BACKUP CMP-002-000015-1
