Removed Pin From Net: NetName=RX2 Pin=SJ1-1
Removed Pin From Net: NetName=TX2 Pin=SJ2-1
Removed Pin From Net: NetName=RX3 Pin=SJ3-1
Removed Pin From Net: NetName=TX3 Pin=SJ4-1
Removed Pin From Net: NetName=3.3V_FUSED Pin=SJ5-0
Removed Pin From Net: NetName=VCC_ALT Pin=SJ5-1
Removed Pin From Net: NetName=GPS_INT Pin=SJ6-0
Removed Pin From Net: NetName=GPIO6 Pin=SJ6-1
Removed Pin From Net: NetName=GPS_INT Pin=SJ7-0
Removed Pin From Net: NetName=GPIO7 Pin=SJ7-1
Removed Pin From Net: NetName=NetFB1_1 Pin=SJ8-1
Removed Pin From Net: NetName=3.3V_FUSED Pin=SJ9-0
Removed Pin From Net: NetName=VCC_IMU Pin=SJ9-1
Removed Pin From Net: NetName=IMU_INT Pin=SJ10-0
Removed Pin From Net: NetName=GPIO4 Pin=SJ10-1
Removed Pin From Net: NetName=IMU_INT Pin=SJ11-0
Removed Pin From Net: NetName=GPIO5 Pin=SJ11-1
Removed Pin From Net: NetName=I2C_SCL Pin=SJ12-0
Removed Pin From Net: NetName=ALT_SCL Pin=SJ12-1
Removed Pin From Net: NetName=I2C_SDA Pin=SJ13-0
Removed Pin From Net: NetName=ALT_SDA Pin=SJ13-1
Removed Pin From Net: NetName=IMU_SCL Pin=SJ14-0
Removed Pin From Net: NetName=I2C_SCL Pin=SJ14-1
Removed Pin From Net: NetName=IMU_SDA Pin=SJ15-0
Removed Pin From Net: NetName=I2C_SDA Pin=SJ15-1
Removed Pin From Net: NetName=GPS_SCL Pin=SJ16-0
Removed Pin From Net: NetName=GPS_SDA Pin=SJ17-0
Removed Pin From Net: NetName=VCC_ALT Pin=SJ18-0
Removed Pin From Net: NetName=NetSJ18_1 Pin=SJ18-1
Removed Pin From Net: NetName=GPS_WAKEUP Pin=SJ20-0
Removed Pin From Net: NetName=VCC_GPS Pin=SJ20-1
Removed Pin From Net: NetName=GPS_WAKEUP Pin=SJ21-0
Removed Pin From Net: NetName=GPIO22 Pin=SJ21-1
Removed Pin From Net: NetName=GPS_WAKEUP Pin=SJ22-0
Removed Pin From Net: NetName=GPIO23 Pin=SJ22-1
Removed Pin From Net: NetName=AUX_SCL Pin=SJ23-0
Removed Pin From Net: NetName=ALT_SCL Pin=SJ23-1
Removed Pin From Net: NetName=AUX_SDA Pin=SJ24-0
Removed Pin From Net: NetName=ALT_SDA Pin=SJ24-1
Removed Pin From Net: NetName=SDO Pin=SJ25-0
Removed Pin From Net: NetName=IMU_VDDIO Pin=SJ25-1
Removed Pin From Net: NetName=IMU_CS Pin=SJ26-0
Removed Pin From Net: NetName=GPIO0 Pin=SJ26-1
Removed Pin From Net: NetName=IMU_SCL Pin=SJ27-0
Removed Pin From Net: NetName=SPI_SCK Pin=SJ27-1
Removed Pin From Net: NetName=IMU_SDA Pin=SJ28-0
Removed Pin From Net: NetName=SPI_MOSI Pin=SJ28-1
Removed Pin From Net: NetName=SDO Pin=SJ29-0
Removed Pin From Net: NetName=SPI_MISO Pin=SJ29-1
Removed Pin From Net: NetName=IMU_CS Pin=SJ30-0
Removed Pin From Net: NetName=GPIO1 Pin=SJ30-1
Removed Pin From Net: NetName=SDO Pin=SJ31-0
Removed Pin From Net: NetName=GND Pin=SJ31-1
Removed Pin From Net: NetName=3.3V_FUSED Pin=SJ32-0
Removed Pin From Net: NetName=VCC_ALT2 Pin=SJ32-1
Removed Pin From Net: NetName=I2C_SCL Pin=SJ33-0
Removed Pin From Net: NetName=ALT2_SCL Pin=SJ33-1
Removed Pin From Net: NetName=I2C_SDA Pin=SJ34-0
Removed Pin From Net: NetName=ALT2_SDA Pin=SJ34-1
Removed Pin From Net: NetName=VCC_ALT2 Pin=SJ35-0
Removed Pin From Net: NetName=NetSJ35_1 Pin=SJ35-1
Removed Pin From Net: NetName=NetSJ35_1 Pin=SJ36-0
Removed Pin From Net: NetName=GND Pin=SJ36-1
Change Component DesignItemId : Designator=SJ1 Old DesignItemId=CMP-00020-2 New DesignItemId=CMP-00020-3
Change Component DesignItemId : Designator=SJ2 Old DesignItemId=CMP-00020-2 New DesignItemId=CMP-00020-3
Change Component DesignItemId : Designator=SJ3 Old DesignItemId=CMP-00020-2 New DesignItemId=CMP-00020-3
Change Component DesignItemId : Designator=SJ4 Old DesignItemId=CMP-00020-2 New DesignItemId=CMP-00020-3
Change Component DesignItemId : Designator=SJ5 Old DesignItemId=CMP-00020-2 New DesignItemId=CMP-00020-3
Change Component DesignItemId : Designator=SJ6 Old DesignItemId=CMP-00020-2 New DesignItemId=CMP-00020-3
Change Component DesignItemId : Designator=SJ7 Old DesignItemId=CMP-00020-2 New DesignItemId=CMP-00020-3
Change Component DesignItemId : Designator=SJ8 Old DesignItemId=CMP-00020-2 New DesignItemId=CMP-00020-3
Change Component DesignItemId : Designator=SJ9 Old DesignItemId=CMP-00020-2 New DesignItemId=CMP-00020-3
Change Component DesignItemId : Designator=SJ10 Old DesignItemId=CMP-00020-2 New DesignItemId=CMP-00020-3
Change Component DesignItemId : Designator=SJ11 Old DesignItemId=CMP-00020-2 New DesignItemId=CMP-00020-3
Change Component DesignItemId : Designator=SJ12 Old DesignItemId=CMP-00020-2 New DesignItemId=CMP-00020-3
Change Component DesignItemId : Designator=SJ13 Old DesignItemId=CMP-00020-2 New DesignItemId=CMP-00020-3
Change Component DesignItemId : Designator=SJ14 Old DesignItemId=CMP-00020-2 New DesignItemId=CMP-00020-3
Change Component DesignItemId : Designator=SJ15 Old DesignItemId=CMP-00020-2 New DesignItemId=CMP-00020-3
Change Component DesignItemId : Designator=SJ16 Old DesignItemId=CMP-00020-2 New DesignItemId=CMP-00020-3
Change Component DesignItemId : Designator=SJ17 Old DesignItemId=CMP-00020-2 New DesignItemId=CMP-00020-3
Change Component DesignItemId : Designator=SJ18 Old DesignItemId=CMP-00020-2 New DesignItemId=CMP-00020-3
Change Component DesignItemId : Designator=SJ20 Old DesignItemId=CMP-00020-2 New DesignItemId=CMP-00020-3
Change Component DesignItemId : Designator=SJ21 Old DesignItemId=CMP-00020-2 New DesignItemId=CMP-00020-3
Change Component DesignItemId : Designator=SJ22 Old DesignItemId=CMP-00020-2 New DesignItemId=CMP-00020-3
Change Component DesignItemId : Designator=SJ23 Old DesignItemId=CMP-00020-2 New DesignItemId=CMP-00020-3
Change Component DesignItemId : Designator=SJ24 Old DesignItemId=CMP-00020-2 New DesignItemId=CMP-00020-3
Change Component DesignItemId : Designator=SJ25 Old DesignItemId=CMP-00020-2 New DesignItemId=CMP-00020-3
Change Component DesignItemId : Designator=SJ26 Old DesignItemId=CMP-00020-2 New DesignItemId=CMP-00020-3
Change Component DesignItemId : Designator=SJ27 Old DesignItemId=CMP-00020-2 New DesignItemId=CMP-00020-3
Change Component DesignItemId : Designator=SJ28 Old DesignItemId=CMP-00020-2 New DesignItemId=CMP-00020-3
Change Component DesignItemId : Designator=SJ29 Old DesignItemId=CMP-00020-2 New DesignItemId=CMP-00020-3
Change Component DesignItemId : Designator=SJ30 Old DesignItemId=CMP-00020-2 New DesignItemId=CMP-00020-3
Change Component DesignItemId : Designator=SJ31 Old DesignItemId=CMP-00020-2 New DesignItemId=CMP-00020-3
Change Component DesignItemId : Designator=SJ32 Old DesignItemId=CMP-00020-2 New DesignItemId=CMP-00020-3
Change Component DesignItemId : Designator=SJ33 Old DesignItemId=CMP-00020-2 New DesignItemId=CMP-00020-3
Change Component DesignItemId : Designator=SJ34 Old DesignItemId=CMP-00020-2 New DesignItemId=CMP-00020-3
Change Component DesignItemId : Designator=SJ35 Old DesignItemId=CMP-00020-2 New DesignItemId=CMP-00020-3
Change Component DesignItemId : Designator=SJ36 Old DesignItemId=CMP-00020-2 New DesignItemId=CMP-00020-3
Change Component Footprint: Designator=SJ1 Old Footprint=SJ New Footprint=Solder Jumper-Footprint-1
Change Component Footprint: Designator=SJ2 Old Footprint=SJ New Footprint=Solder Jumper-Footprint-1
Change Component Footprint: Designator=SJ3 Old Footprint=SJ New Footprint=Solder Jumper-Footprint-1
Change Component Footprint: Designator=SJ4 Old Footprint=SJ New Footprint=Solder Jumper-Footprint-1
Change Component Footprint: Designator=SJ8 Old Footprint=SJ New Footprint=Solder Jumper-Footprint-1
Change Component Footprint: Designator=SJ5 Old Footprint=Solder Jumper-Footprint-1 New Footprint=Solder Jumper-Footprint-1
Change Component Footprint: Designator=SJ6 Old Footprint=Solder Jumper-Footprint-1 New Footprint=Solder Jumper-Footprint-1
Change Component Footprint: Designator=SJ7 Old Footprint=Solder Jumper-Footprint-1 New Footprint=Solder Jumper-Footprint-1
Change Component Footprint: Designator=SJ9 Old Footprint=Solder Jumper-Footprint-1 New Footprint=Solder Jumper-Footprint-1
Change Component Footprint: Designator=SJ10 Old Footprint=Solder Jumper-Footprint-1 New Footprint=Solder Jumper-Footprint-1
Change Component Footprint: Designator=SJ11 Old Footprint=Solder Jumper-Footprint-1 New Footprint=Solder Jumper-Footprint-1
Change Component Footprint: Designator=SJ12 Old Footprint=Solder Jumper-Footprint-1 New Footprint=Solder Jumper-Footprint-1
Change Component Footprint: Designator=SJ13 Old Footprint=Solder Jumper-Footprint-1 New Footprint=Solder Jumper-Footprint-1
Change Component Footprint: Designator=SJ14 Old Footprint=Solder Jumper-Footprint-1 New Footprint=Solder Jumper-Footprint-1
Change Component Footprint: Designator=SJ15 Old Footprint=Solder Jumper-Footprint-1 New Footprint=Solder Jumper-Footprint-1
Change Component Footprint: Designator=SJ16 Old Footprint=Solder Jumper-Footprint-1 New Footprint=Solder Jumper-Footprint-1
Change Component Footprint: Designator=SJ17 Old Footprint=Solder Jumper-Footprint-1 New Footprint=Solder Jumper-Footprint-1
Change Component Footprint: Designator=SJ18 Old Footprint=Solder Jumper-Footprint-1 New Footprint=Solder Jumper-Footprint-1
Change Component Footprint: Designator=SJ20 Old Footprint=Solder Jumper-Footprint-1 New Footprint=Solder Jumper-Footprint-1
Change Component Footprint: Designator=SJ21 Old Footprint=Solder Jumper-Footprint-1 New Footprint=Solder Jumper-Footprint-1
Change Component Footprint: Designator=SJ22 Old Footprint=Solder Jumper-Footprint-1 New Footprint=Solder Jumper-Footprint-1
Change Component Footprint: Designator=SJ23 Old Footprint=Solder Jumper-Footprint-1 New Footprint=Solder Jumper-Footprint-1
Change Component Footprint: Designator=SJ24 Old Footprint=Solder Jumper-Footprint-1 New Footprint=Solder Jumper-Footprint-1
Change Component Footprint: Designator=SJ25 Old Footprint=Solder Jumper-Footprint-1 New Footprint=Solder Jumper-Footprint-1
Change Component Footprint: Designator=SJ26 Old Footprint=Solder Jumper-Footprint-1 New Footprint=Solder Jumper-Footprint-1
Change Component Footprint: Designator=SJ27 Old Footprint=Solder Jumper-Footprint-1 New Footprint=Solder Jumper-Footprint-1
Change Component Footprint: Designator=SJ28 Old Footprint=Solder Jumper-Footprint-1 New Footprint=Solder Jumper-Footprint-1
Change Component Footprint: Designator=SJ29 Old Footprint=Solder Jumper-Footprint-1 New Footprint=Solder Jumper-Footprint-1
Change Component Footprint: Designator=SJ30 Old Footprint=Solder Jumper-Footprint-1 New Footprint=Solder Jumper-Footprint-1
Change Component Footprint: Designator=SJ31 Old Footprint=Solder Jumper-Footprint-1 New Footprint=Solder Jumper-Footprint-1
Change Component Footprint: Designator=SJ32 Old Footprint=Solder Jumper-Footprint-1 New Footprint=Solder Jumper-Footprint-1
Change Component Footprint: Designator=SJ33 Old Footprint=Solder Jumper-Footprint-1 New Footprint=Solder Jumper-Footprint-1
Change Component Footprint: Designator=SJ34 Old Footprint=Solder Jumper-Footprint-1 New Footprint=Solder Jumper-Footprint-1
Change Component Footprint: Designator=SJ35 Old Footprint=Solder Jumper-Footprint-1 New Footprint=Solder Jumper-Footprint-1
Change Component Footprint: Designator=SJ36 Old Footprint=Solder Jumper-Footprint-1 New Footprint=Solder Jumper-Footprint-1
Change Managed Component Library Link : Designator=SJ1 Old VaultGUID=0D51059A-7567-4922-900C-B3DB03C4D13B New VaultGUID=0D51059A-7567-4922-900C-B3DB03C4D13B Old ItemGUID=0800be41-4120-474e-b2a9-1c3e48800a3e New ItemGUID=0800be41-4120-474e-b2a9-1c3e48800a3e Old RevisionGUID=5175838b-95cc-4267-ac31-5f577ae473d0 New RevisionGUID=2a04fc7a-8c75-445a-8876-a3b496492229
Change Managed Component Library Link : Designator=SJ2 Old VaultGUID=0D51059A-7567-4922-900C-B3DB03C4D13B New VaultGUID=0D51059A-7567-4922-900C-B3DB03C4D13B Old ItemGUID=0800be41-4120-474e-b2a9-1c3e48800a3e New ItemGUID=0800be41-4120-474e-b2a9-1c3e48800a3e Old RevisionGUID=5175838b-95cc-4267-ac31-5f577ae473d0 New RevisionGUID=2a04fc7a-8c75-445a-8876-a3b496492229
Change Managed Component Library Link : Designator=SJ3 Old VaultGUID=0D51059A-7567-4922-900C-B3DB03C4D13B New VaultGUID=0D51059A-7567-4922-900C-B3DB03C4D13B Old ItemGUID=0800be41-4120-474e-b2a9-1c3e48800a3e New ItemGUID=0800be41-4120-474e-b2a9-1c3e48800a3e Old RevisionGUID=5175838b-95cc-4267-ac31-5f577ae473d0 New RevisionGUID=2a04fc7a-8c75-445a-8876-a3b496492229
Change Managed Component Library Link : Designator=SJ4 Old VaultGUID=0D51059A-7567-4922-900C-B3DB03C4D13B New VaultGUID=0D51059A-7567-4922-900C-B3DB03C4D13B Old ItemGUID=0800be41-4120-474e-b2a9-1c3e48800a3e New ItemGUID=0800be41-4120-474e-b2a9-1c3e48800a3e Old RevisionGUID=5175838b-95cc-4267-ac31-5f577ae473d0 New RevisionGUID=2a04fc7a-8c75-445a-8876-a3b496492229
Change Managed Component Library Link : Designator=SJ5 Old VaultGUID=0D51059A-7567-4922-900C-B3DB03C4D13B New VaultGUID=0D51059A-7567-4922-900C-B3DB03C4D13B Old ItemGUID=0800be41-4120-474e-b2a9-1c3e48800a3e New ItemGUID=0800be41-4120-474e-b2a9-1c3e48800a3e Old RevisionGUID=5175838b-95cc-4267-ac31-5f577ae473d0 New RevisionGUID=2a04fc7a-8c75-445a-8876-a3b496492229
Change Managed Component Library Link : Designator=SJ6 Old VaultGUID=0D51059A-7567-4922-900C-B3DB03C4D13B New VaultGUID=0D51059A-7567-4922-900C-B3DB03C4D13B Old ItemGUID=0800be41-4120-474e-b2a9-1c3e48800a3e New ItemGUID=0800be41-4120-474e-b2a9-1c3e48800a3e Old RevisionGUID=5175838b-95cc-4267-ac31-5f577ae473d0 New RevisionGUID=2a04fc7a-8c75-445a-8876-a3b496492229
Change Managed Component Library Link : Designator=SJ7 Old VaultGUID=0D51059A-7567-4922-900C-B3DB03C4D13B New VaultGUID=0D51059A-7567-4922-900C-B3DB03C4D13B Old ItemGUID=0800be41-4120-474e-b2a9-1c3e48800a3e New ItemGUID=0800be41-4120-474e-b2a9-1c3e48800a3e Old RevisionGUID=5175838b-95cc-4267-ac31-5f577ae473d0 New RevisionGUID=2a04fc7a-8c75-445a-8876-a3b496492229
Change Managed Component Library Link : Designator=SJ8 Old VaultGUID=0D51059A-7567-4922-900C-B3DB03C4D13B New VaultGUID=0D51059A-7567-4922-900C-B3DB03C4D13B Old ItemGUID=0800be41-4120-474e-b2a9-1c3e48800a3e New ItemGUID=0800be41-4120-474e-b2a9-1c3e48800a3e Old RevisionGUID=5175838b-95cc-4267-ac31-5f577ae473d0 New RevisionGUID=2a04fc7a-8c75-445a-8876-a3b496492229
Change Managed Component Library Link : Designator=SJ9 Old VaultGUID=0D51059A-7567-4922-900C-B3DB03C4D13B New VaultGUID=0D51059A-7567-4922-900C-B3DB03C4D13B Old ItemGUID=0800be41-4120-474e-b2a9-1c3e48800a3e New ItemGUID=0800be41-4120-474e-b2a9-1c3e48800a3e Old RevisionGUID=5175838b-95cc-4267-ac31-5f577ae473d0 New RevisionGUID=2a04fc7a-8c75-445a-8876-a3b496492229
Change Managed Component Library Link : Designator=SJ10 Old VaultGUID=0D51059A-7567-4922-900C-B3DB03C4D13B New VaultGUID=0D51059A-7567-4922-900C-B3DB03C4D13B Old ItemGUID=0800be41-4120-474e-b2a9-1c3e48800a3e New ItemGUID=0800be41-4120-474e-b2a9-1c3e48800a3e Old RevisionGUID=5175838b-95cc-4267-ac31-5f577ae473d0 New RevisionGUID=2a04fc7a-8c75-445a-8876-a3b496492229
Change Managed Component Library Link : Designator=SJ11 Old VaultGUID=0D51059A-7567-4922-900C-B3DB03C4D13B New VaultGUID=0D51059A-7567-4922-900C-B3DB03C4D13B Old ItemGUID=0800be41-4120-474e-b2a9-1c3e48800a3e New ItemGUID=0800be41-4120-474e-b2a9-1c3e48800a3e Old RevisionGUID=5175838b-95cc-4267-ac31-5f577ae473d0 New RevisionGUID=2a04fc7a-8c75-445a-8876-a3b496492229
Change Managed Component Library Link : Designator=SJ12 Old VaultGUID=0D51059A-7567-4922-900C-B3DB03C4D13B New VaultGUID=0D51059A-7567-4922-900C-B3DB03C4D13B Old ItemGUID=0800be41-4120-474e-b2a9-1c3e48800a3e New ItemGUID=0800be41-4120-474e-b2a9-1c3e48800a3e Old RevisionGUID=5175838b-95cc-4267-ac31-5f577ae473d0 New RevisionGUID=2a04fc7a-8c75-445a-8876-a3b496492229
Change Managed Component Library Link : Designator=SJ13 Old VaultGUID=0D51059A-7567-4922-900C-B3DB03C4D13B New VaultGUID=0D51059A-7567-4922-900C-B3DB03C4D13B Old ItemGUID=0800be41-4120-474e-b2a9-1c3e48800a3e New ItemGUID=0800be41-4120-474e-b2a9-1c3e48800a3e Old RevisionGUID=5175838b-95cc-4267-ac31-5f577ae473d0 New RevisionGUID=2a04fc7a-8c75-445a-8876-a3b496492229
Change Managed Component Library Link : Designator=SJ14 Old VaultGUID=0D51059A-7567-4922-900C-B3DB03C4D13B New VaultGUID=0D51059A-7567-4922-900C-B3DB03C4D13B Old ItemGUID=0800be41-4120-474e-b2a9-1c3e48800a3e New ItemGUID=0800be41-4120-474e-b2a9-1c3e48800a3e Old RevisionGUID=5175838b-95cc-4267-ac31-5f577ae473d0 New RevisionGUID=2a04fc7a-8c75-445a-8876-a3b496492229
Change Managed Component Library Link : Designator=SJ15 Old VaultGUID=0D51059A-7567-4922-900C-B3DB03C4D13B New VaultGUID=0D51059A-7567-4922-900C-B3DB03C4D13B Old ItemGUID=0800be41-4120-474e-b2a9-1c3e48800a3e New ItemGUID=0800be41-4120-474e-b2a9-1c3e48800a3e Old RevisionGUID=5175838b-95cc-4267-ac31-5f577ae473d0 New RevisionGUID=2a04fc7a-8c75-445a-8876-a3b496492229
Change Managed Component Library Link : Designator=SJ16 Old VaultGUID=0D51059A-7567-4922-900C-B3DB03C4D13B New VaultGUID=0D51059A-7567-4922-900C-B3DB03C4D13B Old ItemGUID=0800be41-4120-474e-b2a9-1c3e48800a3e New ItemGUID=0800be41-4120-474e-b2a9-1c3e48800a3e Old RevisionGUID=5175838b-95cc-4267-ac31-5f577ae473d0 New RevisionGUID=2a04fc7a-8c75-445a-8876-a3b496492229
Change Managed Component Library Link : Designator=SJ17 Old VaultGUID=0D51059A-7567-4922-900C-B3DB03C4D13B New VaultGUID=0D51059A-7567-4922-900C-B3DB03C4D13B Old ItemGUID=0800be41-4120-474e-b2a9-1c3e48800a3e New ItemGUID=0800be41-4120-474e-b2a9-1c3e48800a3e Old RevisionGUID=5175838b-95cc-4267-ac31-5f577ae473d0 New RevisionGUID=2a04fc7a-8c75-445a-8876-a3b496492229
Change Managed Component Library Link : Designator=SJ18 Old VaultGUID=0D51059A-7567-4922-900C-B3DB03C4D13B New VaultGUID=0D51059A-7567-4922-900C-B3DB03C4D13B Old ItemGUID=0800be41-4120-474e-b2a9-1c3e48800a3e New ItemGUID=0800be41-4120-474e-b2a9-1c3e48800a3e Old RevisionGUID=5175838b-95cc-4267-ac31-5f577ae473d0 New RevisionGUID=2a04fc7a-8c75-445a-8876-a3b496492229
Change Managed Component Library Link : Designator=SJ20 Old VaultGUID=0D51059A-7567-4922-900C-B3DB03C4D13B New VaultGUID=0D51059A-7567-4922-900C-B3DB03C4D13B Old ItemGUID=0800be41-4120-474e-b2a9-1c3e48800a3e New ItemGUID=0800be41-4120-474e-b2a9-1c3e48800a3e Old RevisionGUID=5175838b-95cc-4267-ac31-5f577ae473d0 New RevisionGUID=2a04fc7a-8c75-445a-8876-a3b496492229
Change Managed Component Library Link : Designator=SJ21 Old VaultGUID=0D51059A-7567-4922-900C-B3DB03C4D13B New VaultGUID=0D51059A-7567-4922-900C-B3DB03C4D13B Old ItemGUID=0800be41-4120-474e-b2a9-1c3e48800a3e New ItemGUID=0800be41-4120-474e-b2a9-1c3e48800a3e Old RevisionGUID=5175838b-95cc-4267-ac31-5f577ae473d0 New RevisionGUID=2a04fc7a-8c75-445a-8876-a3b496492229
Change Managed Component Library Link : Designator=SJ22 Old VaultGUID=0D51059A-7567-4922-900C-B3DB03C4D13B New VaultGUID=0D51059A-7567-4922-900C-B3DB03C4D13B Old ItemGUID=0800be41-4120-474e-b2a9-1c3e48800a3e New ItemGUID=0800be41-4120-474e-b2a9-1c3e48800a3e Old RevisionGUID=5175838b-95cc-4267-ac31-5f577ae473d0 New RevisionGUID=2a04fc7a-8c75-445a-8876-a3b496492229
Change Managed Component Library Link : Designator=SJ23 Old VaultGUID=0D51059A-7567-4922-900C-B3DB03C4D13B New VaultGUID=0D51059A-7567-4922-900C-B3DB03C4D13B Old ItemGUID=0800be41-4120-474e-b2a9-1c3e48800a3e New ItemGUID=0800be41-4120-474e-b2a9-1c3e48800a3e Old RevisionGUID=5175838b-95cc-4267-ac31-5f577ae473d0 New RevisionGUID=2a04fc7a-8c75-445a-8876-a3b496492229
Change Managed Component Library Link : Designator=SJ24 Old VaultGUID=0D51059A-7567-4922-900C-B3DB03C4D13B New VaultGUID=0D51059A-7567-4922-900C-B3DB03C4D13B Old ItemGUID=0800be41-4120-474e-b2a9-1c3e48800a3e New ItemGUID=0800be41-4120-474e-b2a9-1c3e48800a3e Old RevisionGUID=5175838b-95cc-4267-ac31-5f577ae473d0 New RevisionGUID=2a04fc7a-8c75-445a-8876-a3b496492229
Change Managed Component Library Link : Designator=SJ25 Old VaultGUID=0D51059A-7567-4922-900C-B3DB03C4D13B New VaultGUID=0D51059A-7567-4922-900C-B3DB03C4D13B Old ItemGUID=0800be41-4120-474e-b2a9-1c3e48800a3e New ItemGUID=0800be41-4120-474e-b2a9-1c3e48800a3e Old RevisionGUID=5175838b-95cc-4267-ac31-5f577ae473d0 New RevisionGUID=2a04fc7a-8c75-445a-8876-a3b496492229
Change Managed Component Library Link : Designator=SJ26 Old VaultGUID=0D51059A-7567-4922-900C-B3DB03C4D13B New VaultGUID=0D51059A-7567-4922-900C-B3DB03C4D13B Old ItemGUID=0800be41-4120-474e-b2a9-1c3e48800a3e New ItemGUID=0800be41-4120-474e-b2a9-1c3e48800a3e Old RevisionGUID=5175838b-95cc-4267-ac31-5f577ae473d0 New RevisionGUID=2a04fc7a-8c75-445a-8876-a3b496492229
Change Managed Component Library Link : Designator=SJ27 Old VaultGUID=0D51059A-7567-4922-900C-B3DB03C4D13B New VaultGUID=0D51059A-7567-4922-900C-B3DB03C4D13B Old ItemGUID=0800be41-4120-474e-b2a9-1c3e48800a3e New ItemGUID=0800be41-4120-474e-b2a9-1c3e48800a3e Old RevisionGUID=5175838b-95cc-4267-ac31-5f577ae473d0 New RevisionGUID=2a04fc7a-8c75-445a-8876-a3b496492229
Change Managed Component Library Link : Designator=SJ28 Old VaultGUID=0D51059A-7567-4922-900C-B3DB03C4D13B New VaultGUID=0D51059A-7567-4922-900C-B3DB03C4D13B Old ItemGUID=0800be41-4120-474e-b2a9-1c3e48800a3e New ItemGUID=0800be41-4120-474e-b2a9-1c3e48800a3e Old RevisionGUID=5175838b-95cc-4267-ac31-5f577ae473d0 New RevisionGUID=2a04fc7a-8c75-445a-8876-a3b496492229
Change Managed Component Library Link : Designator=SJ29 Old VaultGUID=0D51059A-7567-4922-900C-B3DB03C4D13B New VaultGUID=0D51059A-7567-4922-900C-B3DB03C4D13B Old ItemGUID=0800be41-4120-474e-b2a9-1c3e48800a3e New ItemGUID=0800be41-4120-474e-b2a9-1c3e48800a3e Old RevisionGUID=5175838b-95cc-4267-ac31-5f577ae473d0 New RevisionGUID=2a04fc7a-8c75-445a-8876-a3b496492229
Change Managed Component Library Link : Designator=SJ30 Old VaultGUID=0D51059A-7567-4922-900C-B3DB03C4D13B New VaultGUID=0D51059A-7567-4922-900C-B3DB03C4D13B Old ItemGUID=0800be41-4120-474e-b2a9-1c3e48800a3e New ItemGUID=0800be41-4120-474e-b2a9-1c3e48800a3e Old RevisionGUID=5175838b-95cc-4267-ac31-5f577ae473d0 New RevisionGUID=2a04fc7a-8c75-445a-8876-a3b496492229
Change Managed Component Library Link : Designator=SJ31 Old VaultGUID=0D51059A-7567-4922-900C-B3DB03C4D13B New VaultGUID=0D51059A-7567-4922-900C-B3DB03C4D13B Old ItemGUID=0800be41-4120-474e-b2a9-1c3e48800a3e New ItemGUID=0800be41-4120-474e-b2a9-1c3e48800a3e Old RevisionGUID=5175838b-95cc-4267-ac31-5f577ae473d0 New RevisionGUID=2a04fc7a-8c75-445a-8876-a3b496492229
Change Managed Component Library Link : Designator=SJ32 Old VaultGUID=0D51059A-7567-4922-900C-B3DB03C4D13B New VaultGUID=0D51059A-7567-4922-900C-B3DB03C4D13B Old ItemGUID=0800be41-4120-474e-b2a9-1c3e48800a3e New ItemGUID=0800be41-4120-474e-b2a9-1c3e48800a3e Old RevisionGUID=5175838b-95cc-4267-ac31-5f577ae473d0 New RevisionGUID=2a04fc7a-8c75-445a-8876-a3b496492229
Change Managed Component Library Link : Designator=SJ33 Old VaultGUID=0D51059A-7567-4922-900C-B3DB03C4D13B New VaultGUID=0D51059A-7567-4922-900C-B3DB03C4D13B Old ItemGUID=0800be41-4120-474e-b2a9-1c3e48800a3e New ItemGUID=0800be41-4120-474e-b2a9-1c3e48800a3e Old RevisionGUID=5175838b-95cc-4267-ac31-5f577ae473d0 New RevisionGUID=2a04fc7a-8c75-445a-8876-a3b496492229
Change Managed Component Library Link : Designator=SJ34 Old VaultGUID=0D51059A-7567-4922-900C-B3DB03C4D13B New VaultGUID=0D51059A-7567-4922-900C-B3DB03C4D13B Old ItemGUID=0800be41-4120-474e-b2a9-1c3e48800a3e New ItemGUID=0800be41-4120-474e-b2a9-1c3e48800a3e Old RevisionGUID=5175838b-95cc-4267-ac31-5f577ae473d0 New RevisionGUID=2a04fc7a-8c75-445a-8876-a3b496492229
Change Managed Component Library Link : Designator=SJ35 Old VaultGUID=0D51059A-7567-4922-900C-B3DB03C4D13B New VaultGUID=0D51059A-7567-4922-900C-B3DB03C4D13B Old ItemGUID=0800be41-4120-474e-b2a9-1c3e48800a3e New ItemGUID=0800be41-4120-474e-b2a9-1c3e48800a3e Old RevisionGUID=5175838b-95cc-4267-ac31-5f577ae473d0 New RevisionGUID=2a04fc7a-8c75-445a-8876-a3b496492229
Change Managed Component Library Link : Designator=SJ36 Old VaultGUID=0D51059A-7567-4922-900C-B3DB03C4D13B New VaultGUID=0D51059A-7567-4922-900C-B3DB03C4D13B Old ItemGUID=0800be41-4120-474e-b2a9-1c3e48800a3e New ItemGUID=0800be41-4120-474e-b2a9-1c3e48800a3e Old RevisionGUID=5175838b-95cc-4267-ac31-5f577ae473d0 New RevisionGUID=2a04fc7a-8c75-445a-8876-a3b496492229
Add Pin To Net: Unknown Pin: Pin GPS_BACKUP-NEG
Add Pin To Net: Unknown Pin: Pin GPS_BACKUP-POS
Added Pin To Net: NetName=NetR1_2 Pin=SJ1-1
Added Pin To Net: NetName=RX2 Pin=SJ1-2
Added Pin To Net: NetName=NetR2_2 Pin=SJ2-1
Added Pin To Net: NetName=TX2 Pin=SJ2-2
Added Pin To Net: NetName=NetR1_2 Pin=SJ3-1
Added Pin To Net: NetName=RX3 Pin=SJ3-2
Added Pin To Net: NetName=NetR2_2 Pin=SJ4-1
Added Pin To Net: NetName=TX3 Pin=SJ4-2
Added Pin To Net: NetName=3.3V_FUSED Pin=SJ5-1
Added Pin To Net: NetName=VCC_ALT Pin=SJ5-2
Added Pin To Net: NetName=GPS_INT Pin=SJ6-1
Added Pin To Net: NetName=GPIO6 Pin=SJ6-2
Added Pin To Net: NetName=GPS_INT Pin=SJ7-1
Added Pin To Net: NetName=GPIO7 Pin=SJ7-2
Added Pin To Net: NetName=3.3V_FUSED Pin=SJ8-1
Added Pin To Net: NetName=NetFB1_1 Pin=SJ8-2
Added Pin To Net: NetName=3.3V_FUSED Pin=SJ9-1
Added Pin To Net: NetName=VCC_IMU Pin=SJ9-2
Added Pin To Net: NetName=IMU_INT Pin=SJ10-1
Added Pin To Net: NetName=GPIO4 Pin=SJ10-2
Added Pin To Net: NetName=IMU_INT Pin=SJ11-1
Added Pin To Net: NetName=GPIO5 Pin=SJ11-2
Added Pin To Net: NetName=I2C_SCL Pin=SJ12-1
Added Pin To Net: NetName=ALT_SCL Pin=SJ12-2
Added Pin To Net: NetName=I2C_SDA Pin=SJ13-1
Added Pin To Net: NetName=ALT_SDA Pin=SJ13-2
Added Pin To Net: NetName=IMU_SCL Pin=SJ14-1
Added Pin To Net: NetName=I2C_SCL Pin=SJ14-2
Added Pin To Net: NetName=IMU_SDA Pin=SJ15-1
Added Pin To Net: NetName=I2C_SDA Pin=SJ15-2
Added Pin To Net: NetName=GPS_SCL Pin=SJ16-1
Added Pin To Net: NetName=GPS_SDA Pin=SJ17-1
Added Pin To Net: NetName=VCC_ALT Pin=SJ18-1
Added Pin To Net: NetName=NetSJ18_1 Pin=SJ18-2
Added Pin To Net: NetName=GPS_WAKEUP Pin=SJ20-1
Added Pin To Net: NetName=VCC_GPS Pin=SJ20-2
Added Pin To Net: NetName=GPS_WAKEUP Pin=SJ21-1
Added Pin To Net: NetName=GPIO22 Pin=SJ21-2
Added Pin To Net: NetName=GPS_WAKEUP Pin=SJ22-1
Added Pin To Net: NetName=GPIO23 Pin=SJ22-2
Added Pin To Net: NetName=AUX_SCL Pin=SJ23-1
Added Pin To Net: NetName=ALT_SCL Pin=SJ23-2
Added Pin To Net: NetName=AUX_SDA Pin=SJ24-1
Added Pin To Net: NetName=ALT_SDA Pin=SJ24-2
Added Pin To Net: NetName=SDO Pin=SJ25-1
Added Pin To Net: NetName=IMU_VDDIO Pin=SJ25-2
Added Pin To Net: NetName=IMU_CS Pin=SJ26-1
Added Pin To Net: NetName=GPIO0 Pin=SJ26-2
Added Pin To Net: NetName=IMU_SCL Pin=SJ27-1
Added Pin To Net: NetName=SPI_SCK Pin=SJ27-2
Added Pin To Net: NetName=IMU_SDA Pin=SJ28-1
Added Pin To Net: NetName=SPI_MOSI Pin=SJ28-2
Added Pin To Net: NetName=SDO Pin=SJ29-1
Added Pin To Net: NetName=SPI_MISO Pin=SJ29-2
Added Pin To Net: NetName=IMU_CS Pin=SJ30-1
Added Pin To Net: NetName=GPIO1 Pin=SJ30-2
Added Pin To Net: NetName=SDO Pin=SJ31-1
Added Pin To Net: NetName=GND Pin=SJ31-2
Added Pin To Net: NetName=3.3V_FUSED Pin=SJ32-1
Added Pin To Net: NetName=VCC_ALT2 Pin=SJ32-2
Added Pin To Net: NetName=I2C_SCL Pin=SJ33-1
Added Pin To Net: NetName=ALT2_SCL Pin=SJ33-2
Added Pin To Net: NetName=I2C_SDA Pin=SJ34-1
Added Pin To Net: NetName=ALT2_SDA Pin=SJ34-2
Added Pin To Net: NetName=VCC_ALT2 Pin=SJ35-1
Added Pin To Net: NetName=NetSJ35_1 Pin=SJ35-2
Added Pin To Net: NetName=NetSJ35_1 Pin=SJ36-1
Added Pin To Net: NetName=GND Pin=SJ36-2
Add Net: Net with name "I2C_SCL" already exists
Add Net: Net with name "I2C_SDA" already exists
Add Class Member: Failed to add class member : Component GPS_BACKUP CMP-002-000015-1
