Removed Pin From Net: NetName=VBACKUP Pin=C4-2
Removed Pin From Net: NetName=GPS_RF Pin=GPS_ANT-RF
Removed Pin From Net: NetName=NetR2_2 Pin=SJ2-0
Removed Pin From Net: NetName=NetR2_2 Pin=SJ4-0
Removed Pin From Net: NetName=VCC_IMU Pin=SJ9-1
Removed Pin From Net: NetName=GPS_SDA Pin=SJ17-0
Removed Pin From Net: NetName=VCC_IMU Pin=U2-VDD
Added Component: Designator=C1(C0805)
Add component (AddParameter): Name = "DeviceName"; Value = "C0805"; VariantName = "[No Variations]"
Add component (AddParameter): Name = "DeviceSetName"; Value = "C-EU"; VariantName = "[No Variations]"
Add component (AddParameter): Name = "GateName_1"; Value = "G$1"; VariantName = "[No Variations]"
Add component (AddParameter): Name = "LibraryName"; Value = "rcl"; VariantName = "[No Variations]"
Add component (AddParameter): Name = "SPICEPREFIX"; Value = "C"; VariantName = "[No Variations]"
Add component (AddParameter): Name = "SymbolName_1"; Value = "C-EU"; VariantName = "[No Variations]"
Added Component: Designator=C2(C0805)
Add component (AddParameter): Name = "DeviceName"; Value = "C0805"; VariantName = "[No Variations]"
Add component (AddParameter): Name = "DeviceSetName"; Value = "C-EU"; VariantName = "[No Variations]"
Add component (AddParameter): Name = "GateName_1"; Value = "G$1"; VariantName = "[No Variations]"
Add component (AddParameter): Name = "LibraryName"; Value = "rcl"; VariantName = "[No Variations]"
Add component (AddParameter): Name = "SPICEPREFIX"; Value = "C"; VariantName = "[No Variations]"
Add component (AddParameter): Name = "SymbolName_1"; Value = "C-EU"; VariantName = "[No Variations]"
Added Component: Designator=C3(C0805)
Add component (AddParameter): Name = "DeviceName"; Value = "C0805"; VariantName = "[No Variations]"
Add component (AddParameter): Name = "DeviceSetName"; Value = "C-EU"; VariantName = "[No Variations]"
Add component (AddParameter): Name = "GateName_1"; Value = "G$1"; VariantName = "[No Variations]"
Add component (AddParameter): Name = "LibraryName"; Value = "rcl"; VariantName = "[No Variations]"
Add component (AddParameter): Name = "SPICEPREFIX"; Value = "C"; VariantName = "[No Variations]"
Add component (AddParameter): Name = "SymbolName_1"; Value = "C-EU"; VariantName = "[No Variations]"
Added Component: Designator=C4(C0805)
Add component (AddParameter): Name = "DeviceName"; Value = "C0805"; VariantName = "[No Variations]"
Add component (AddParameter): Name = "DeviceSetName"; Value = "C-EU"; VariantName = "[No Variations]"
Add component (AddParameter): Name = "GateName_1"; Value = "G$1"; VariantName = "[No Variations]"
Add component (AddParameter): Name = "LibraryName"; Value = "rcl"; VariantName = "[No Variations]"
Add component (AddParameter): Name = "SPICEPREFIX"; Value = "C"; VariantName = "[No Variations]"
Add component (AddParameter): Name = "SymbolName_1"; Value = "C-EU"; VariantName = "[No Variations]"
Added Component: Designator=C5(C0805)
Add component (AddParameter): Name = "DeviceName"; Value = "C0805"; VariantName = "[No Variations]"
Add component (AddParameter): Name = "DeviceSetName"; Value = "C-EU"; VariantName = "[No Variations]"
Add component (AddParameter): Name = "GateName_1"; Value = "G$1"; VariantName = "[No Variations]"
Add component (AddParameter): Name = "LibraryName"; Value = "rcl"; VariantName = "[No Variations]"
Add component (AddParameter): Name = "SPICEPREFIX"; Value = "C"; VariantName = "[No Variations]"
Add component (AddParameter): Name = "SymbolName_1"; Value = "C-EU"; VariantName = "[No Variations]"
Added Component: Designator=C6(C1206)
Add component (AddParameter): Name = "DeviceName"; Value = "C1206"; VariantName = "[No Variations]"
Add component (AddParameter): Name = "DeviceSetName"; Value = "C-EU"; VariantName = "[No Variations]"
Add component (AddParameter): Name = "GateName_1"; Value = "G$1"; VariantName = "[No Variations]"
Add component (AddParameter): Name = "LibraryName"; Value = "rcl"; VariantName = "[No Variations]"
Add component (AddParameter): Name = "SPICEPREFIX"; Value = "C"; VariantName = "[No Variations]"
Add component (AddParameter): Name = "SymbolName_1"; Value = "C-EU"; VariantName = "[No Variations]"
Added Component: Designator=C7(C0805)
Add component (AddParameter): Name = "DeviceName"; Value = "C0805"; VariantName = "[No Variations]"
Add component (AddParameter): Name = "DeviceSetName"; Value = "C-EU"; VariantName = "[No Variations]"
Add component (AddParameter): Name = "GateName_1"; Value = "G$1"; VariantName = "[No Variations]"
Add component (AddParameter): Name = "LibraryName"; Value = "rcl"; VariantName = "[No Variations]"
Add component (AddParameter): Name = "SPICEPREFIX"; Value = "C"; VariantName = "[No Variations]"
Add component (AddParameter): Name = "SymbolName_1"; Value = "C-EU"; VariantName = "[No Variations]"
Added Component: Designator=FB1(0603)
Add component (AddParameter): Name = "DeviceName"; Value = "-0603"; VariantName = "[No Variations]"
Add component (AddParameter): Name = "DeviceSetName"; Value = "FERRITE_BEAD"; VariantName = "[No Variations]"
Add component (AddParameter): Name = "GateName_1"; Value = "G$1"; VariantName = "[No Variations]"
Add component (AddParameter): Name = "LibraryName"; Value = "SparkFun-Coils"; VariantName = "[No Variations]"
Add component (AddParameter): Name = "PROD_ID"; Value = "NDUC-07859"; VariantName = "[No Variations]"
Add component (AddParameter): Name = "SymbolName_1"; Value = "FERRITE_BEAD"; VariantName = "[No Variations]"
Added Component: Designator=GPS_ANT(5MMSMA)
Add component (AddParameter): Name = "DeviceName"; Value = ""; VariantName = "[No Variations]"
Add component (AddParameter): Name = "DeviceSetName"; Value = "5MMSMA"; VariantName = "[No Variations]"
Add component (AddParameter): Name = "GateName_1"; Value = "G$1"; VariantName = "[No Variations]"
Add component (AddParameter): Name = "LibraryName"; Value = "CU inSpace 2019 Parts"; VariantName = "[No Variations]"
Add component (AddParameter): Name = "SymbolName_1"; Value = "BNC-F2"; VariantName = "[No Variations]"
Add Component: Footprint Not Found R1206
Add Component: Footprint Not Found R1206
Add Component: Footprint Not Found R1206
Add Component: Footprint Not Found R1206
Add Component: Footprint Not Found R1206
Add Component: Footprint Not Found R1206
Add Component: Footprint Not Found R1206
Add Component: Footprint Not Found R1206
Add Component: Footprint Not Found R1206
Add Component: Footprint Not Found R1206
Add Component: Footprint Not Found R1206
Add Component: Footprint Not Found R1206
Add Component: Footprint Not Found R1206
Add Component: Footprint Not Found R1206
Add Component: Footprint Not Found R1206
Add Component: Footprint Not Found R1206
Added Component: Designator=SJ1(Solder Jumper-Footprint-1)
Added Component: Designator=SJ2(Solder Jumper-Footprint-1)
Added Component: Designator=SJ3(Solder Jumper-Footprint-1)
Added Component: Designator=SJ4(Solder Jumper-Footprint-1)
Added Component: Designator=SJ5(Solder Jumper-Footprint-1)
Added Component: Designator=SJ6(Solder Jumper-Footprint-1)
Added Component: Designator=SJ7(Solder Jumper-Footprint-1)
Added Component: Designator=SJ8(Solder Jumper-Footprint-1)
Added Component: Designator=SJ9(Solder Jumper-Footprint-1)
Added Component: Designator=SJ10(Solder Jumper-Footprint-1)
Added Component: Designator=SJ11(Solder Jumper-Footprint-1)
Added Component: Designator=SJ12(Solder Jumper-Footprint-1)
Added Component: Designator=SJ13(Solder Jumper-Footprint-1)
Added Component: Designator=SJ14(Solder Jumper-Footprint-1)
Added Component: Designator=SJ15(Solder Jumper-Footprint-1)
Added Component: Designator=SJ16(Solder Jumper-Footprint-1)
Added Component: Designator=SJ17(Solder Jumper-Footprint-1)
Added Component: Designator=SJ18(Solder Jumper-Footprint-1)
Added Component: Designator=SJ19(Solder Jumper-Footprint-1)
Added Component: Designator=SJ20(Solder Jumper-Footprint-1)
Added Component: Designator=SJ21(Solder Jumper-Footprint-1)
Added Component: Designator=SJ22(Solder Jumper-Footprint-1)
Added Component: Designator=SJ23(Solder Jumper-Footprint-1)
Added Component: Designator=SJ24(Solder Jumper-Footprint-1)
Added Component: Designator=SJ25(Solder Jumper-Footprint-1)
Added Component: Designator=SJ26(Solder Jumper-Footprint-1)
Added Component: Designator=SJ27(Solder Jumper-Footprint-1)
Added Component: Designator=SJ28(Solder Jumper-Footprint-1)
Added Component: Designator=SJ29(Solder Jumper-Footprint-1)
Added Component: Designator=SJ30(Solder Jumper-Footprint-1)
Added Component: Designator=SJ31(Solder Jumper-Footprint-1)
Added Component: Designator=SJ32(Solder Jumper-Footprint-1)
Added Component: Designator=SJ33(Solder Jumper-Footprint-1)
Added Component: Designator=SJ34(Solder Jumper-Footprint-1)
Added Component: Designator=SJ35(Solder Jumper-Footprint-1)
Added Component: Designator=SJ36(Solder Jumper-Footprint-1)
Added Component: Designator=U1(SON125P500X300X100-8N)
Add component (AddParameter): Name = "AVAILABILITY"; Value = "Unavailable"; VariantName = "[No Variations]"
Add component (AddParameter): Name = "Component Type"; Value = "Standard"; VariantName = "[No Variations]"
Add component (AddParameter): Name = "Design Item ID"; Value = "MS561101BA03-50"; VariantName = "[No Variations]"
Add component (AddParameter): Name = "DeviceSetName"; Value = "MS561101BA03-50"; VariantName = "[No Variations]"
Add component (AddParameter): Name = "EU_ROHS_COMPLIANCE"; Value = "Compliant"; VariantName = "[No Variations]"
Add component (AddParameter): Name = "GateName_1"; Value = "G$1"; VariantName = "[No Variations]"
Add component (AddParameter): Name = "LibraryName"; Value = "Sensors Board"; VariantName = "[No Variations]"
Add component (AddParameter): Name = "MF"; Value = "TE Connectivity"; VariantName = "[No Variations]"
Add component (AddParameter): Name = "MP"; Value = "MS561101BA03-50"; VariantName = "[No Variations]"
Add component (AddParameter): Name = "Package"; Value = "SON125P500X300X100-8N"; VariantName = "[No Variations]"
Add component (AddParameter): Name = "Pin Count"; Value = "7"; VariantName = "[No Variations]"
Add component (AddParameter): Name = "PRICE"; Value = "None"; VariantName = "[No Variations]"
Add component (AddParameter): Name = "Source"; Value = "Sensors Board.SCHLIB"; VariantName = "[No Variations]"
Add component (AddParameter): Name = "SymbolName_1"; Value = "MS561101BA03-50"; VariantName = "[No Variations]"
Add component (AddParameter): Name = "TE_PURCHASE_URL"; Value = "https://www.te.com/usa-en/product-MS561101BA03-50.html?te_bu=Cor&te_type=disp&te_campaign=seda_glo_cor-seda-global-disp-prtnr-fy19-seda-model-bom-cta_sma-317_1&elqCampaignId=32493"; VariantName = "[No Variations]"
Added Component: Designator=U2(MPU-9250-BREAKOUT)
Add component (AddParameter): Name = "Component Type"; Value = "Standard"; VariantName = "[No Variations]"
Add component (AddParameter): Name = "Design Item ID"; Value = "MPU-9250-BREAKOUT"; VariantName = "[No Variations]"
Add component (AddParameter): Name = "DeviceSetName"; Value = "MPU-9250-BREAKOUT"; VariantName = "[No Variations]"
Add component (AddParameter): Name = "GateName_1"; Value = "G$1"; VariantName = "[No Variations]"
Add component (AddParameter): Name = "LibraryName"; Value = "Sensors Board"; VariantName = "[No Variations]"
Add component (AddParameter): Name = "Package"; Value = "MPU-9250-BREAKOUT"; VariantName = "[No Variations]"
Add component (AddParameter): Name = "Pin Count"; Value = "11"; VariantName = "[No Variations]"
Add component (AddParameter): Name = "Source"; Value = "Sensors Board.SCHLIB"; VariantName = "[No Variations]"
Add component (AddParameter): Name = "SymbolName_1"; Value = "MPU-9250-BREAKOUT"; VariantName = "[No Variations]"
Added Component: Designator=U3(SON125P500X300X100-8N)
Add component (AddParameter): Name = "AVAILABILITY"; Value = "Unavailable"; VariantName = "[No Variations]"
Add component (AddParameter): Name = "Component Type"; Value = "Standard"; VariantName = "[No Variations]"
Add component (AddParameter): Name = "Design Item ID"; Value = "MS561101BA03-50"; VariantName = "[No Variations]"
Add component (AddParameter): Name = "DeviceSetName"; Value = "MS561101BA03-50"; VariantName = "[No Variations]"
Add component (AddParameter): Name = "EU_ROHS_COMPLIANCE"; Value = "Compliant"; VariantName = "[No Variations]"
Add component (AddParameter): Name = "GateName_1"; Value = "G$1"; VariantName = "[No Variations]"
Add component (AddParameter): Name = "LibraryName"; Value = "Sensors Board"; VariantName = "[No Variations]"
Add component (AddParameter): Name = "MF"; Value = "TE Connectivity"; VariantName = "[No Variations]"
Add component (AddParameter): Name = "MP"; Value = "MS561101BA03-50"; VariantName = "[No Variations]"
Add component (AddParameter): Name = "Package"; Value = "SON125P500X300X100-8N"; VariantName = "[No Variations]"
Add component (AddParameter): Name = "Pin Count"; Value = "7"; VariantName = "[No Variations]"
Add component (AddParameter): Name = "PRICE"; Value = "None"; VariantName = "[No Variations]"
Add component (AddParameter): Name = "Source"; Value = "Sensors Board.SCHLIB"; VariantName = "[No Variations]"
Add component (AddParameter): Name = "SymbolName_1"; Value = "MS561101BA03-50"; VariantName = "[No Variations]"
Add component (AddParameter): Name = "TE_PURCHASE_URL"; Value = "https://www.te.com/usa-en/product-MS561101BA03-50.html?te_bu=Cor&te_type=disp&te_campaign=seda_glo_cor-seda-global-disp-prtnr-fy19-seda-model-bom-cta_sma-317_1&elqCampaignId=32493"; VariantName = "[No Variations]"
Added Pin To Net: NetName=GND Pin=C1-2
Added Pin To Net: NetName=GND Pin=C2-2
Added Pin To Net: NetName=GND Pin=C3-2
Added Pin To Net: NetName=GND Pin=C4-1
Added Pin To Net: NetName=VBACKUP Pin=C4-2
Added Pin To Net: NetName=GND Pin=C5-2
Added Pin To Net: NetName=3.3V_FUSED Pin=C6-1
Added Pin To Net: NetName=GND Pin=C6-2
Added Pin To Net: NetName=GND Pin=C7-2
Added Pin To Net: NetName=GND Pin=GPS_ANT-GND2
Added Pin To Net: NetName=GND Pin=GPS_ANT-GND
Added Pin To Net: NetName=GPS_RF Pin=GPS_ANT-RF
Add Pin To Net: Unknown Pin: Pin GPS_BACKUP-NEG
Add Pin To Net: Unknown Pin: Pin GPS_BACKUP-NEG
Add Pin To Net: Unknown Pin: Pin GPS_BACKUP-POS
Add Pin To Net: Unknown Pin: Pin R1-1
Add Pin To Net: Unknown Pin: Pin R1-2
Add Pin To Net: Unknown Pin: Pin R2-1
Add Pin To Net: Unknown Pin: Pin R2-2
Add Pin To Net: Unknown Pin: Pin R3-1
Add Pin To Net: Unknown Pin: Pin R3-2
Add Pin To Net: Unknown Pin: Pin R4-1
Add Pin To Net: Unknown Pin: Pin R4-2
Add Pin To Net: Unknown Pin: Pin R5-1
Add Pin To Net: Unknown Pin: Pin R5-2
Add Pin To Net: Unknown Pin: Pin R6-1
Add Pin To Net: Unknown Pin: Pin R6-1
Add Pin To Net: Unknown Pin: Pin R6-2
Add Pin To Net: Unknown Pin: Pin R7-1
Add Pin To Net: Unknown Pin: Pin R7-2
Add Pin To Net: Unknown Pin: Pin R8-1
Add Pin To Net: Unknown Pin: Pin R8-2
Added Pin To Net: NetName=NetR2_2 Pin=SJ2-0
Added Pin To Net: NetName=NetR2_2 Pin=SJ4-0
Added Pin To Net: NetName=3.3V_FUSED Pin=SJ5-0
Added Pin To Net: NetName=3.3V_FUSED Pin=SJ8-0
Added Pin To Net: NetName=3.3V_FUSED Pin=SJ9-0
Added Pin To Net: NetName=VCC_IMU Pin=SJ9-1
Added Pin To Net: NetName=GPS_SDA Pin=SJ17-0
Added Pin To Net: NetName=GND Pin=SJ19-1
Added Pin To Net: NetName=GND Pin=SJ31-1
Added Pin To Net: NetName=3.3V_FUSED Pin=SJ32-0
Added Pin To Net: NetName=GND Pin=SJ36-1
Added Pin To Net: NetName=GND Pin=U1-3
Added Pin To Net: NetName=GND Pin=U2-FSYNC
Added Pin To Net: NetName=GND Pin=U2-GND
Added Pin To Net: NetName=VCC_IMU Pin=U2-VDD
Added Pin To Net: NetName=GND Pin=U3-3
Add Pin To Net: Unknown Pin: Pin U$6-P$1,3,4,5,6,9,10,11,24
Add Pin To Net: Unknown Pin: Pin U$6-P$1,3,4,5,6,9,10,11,24
Add Pin To Net: Unknown Pin: Pin U$6-P$2
Add Pin To Net: Unknown Pin: Pin U$6-P$7
Add Pin To Net: Unknown Pin: Pin U$6-P$8
Add Pin To Net: Unknown Pin: Pin U$6-P$12
Add Pin To Net: Unknown Pin: Pin U$6-P$13
Add Pin To Net: Unknown Pin: Pin U$6-P$14
Add Pin To Net: Unknown Pin: Pin U$6-P$16
Add Pin To Net: Unknown Pin: Pin U$6-P$19
Add Pin To Net: Unknown Pin: Pin U$6-P$20
Add Pin To Net: Unknown Pin: Pin U$6-P$22
Add Net: Net with name "ALT2_SCL" already exists
Add Net: Net with name "ALT2_SDA" already exists
Add Net: Net with name "ALT_SCL" already exists
Add Net: Net with name "ALT_SDA" already exists
Add Net: Net with name "AUX_SCL" already exists
Add Net: Net with name "AUX_SDA" already exists
Add Net: Net with name "GPIO0" already exists
Add Net: Net with name "GPIO1" already exists
Add Net: Net with name "GPIO4" already exists
Add Net: Net with name "GPIO5" already exists
Add Net: Net with name "GPIO6" already exists
Add Net: Net with name "GPIO7" already exists
Add Net: Net with name "GPIO22" already exists
Add Net: Net with name "GPIO23" already exists
Add Net: Net with name "GPS_INT" already exists
Add Net: Net with name "GPS_RF" already exists
Add Net: Net with name "GPS_SCL" already exists
Add Net: Net with name "GPS_SDA" already exists
Add Net: Net with name "GPS_WAKEUP" already exists
Add Net: Net with name "I2C_SCL" already exists
Add Net: Net with name "I2C_SCL" already exists
Add Net: Net with name "I2C_SCL" already exists
Add Net: Net with name "I2C_SDA" already exists
Add Net: Net with name "I2C_SDA" already exists
Add Net: Net with name "I2C_SDA" already exists
Add Net: Net with name "IMU_CS" already exists
Add Net: Net with name "IMU_INT" already exists
Add Net: Net with name "IMU_SCL" already exists
Add Net: Net with name "IMU_SDA" already exists
Add Net: Net with name "IMU_VDDIO" already exists
Add Net: Net with name "NetFB1_1" already exists
Add Net: Net with name "NetR1_1" already exists
Add Net: Net with name "NetR1_2" already exists
Add Net: Net with name "NetR2_1" already exists
Add Net: Net with name "NetR2_2" already exists
Add Net: Net with name "NetR5_2" already exists
Add Net: Net with name "NetSJ18_1" already exists
Add Net: Net with name "NetSJ35_1" already exists
Add Net: Net with name "RX2" already exists
Add Net: Net with name "RX3" already exists
Add Net: Net with name "SDO" already exists
Add Net: Net with name "SPI_MISO" already exists
Add Net: Net with name "SPI_MOSI" already exists
Add Net: Net with name "SPI_SCK" already exists
Add Net: Net with name "TX2" already exists
Add Net: Net with name "TX3" already exists
Add Net: Net with name "VBACKUP" already exists
Add Net: Net with name "VCC_ALT2" already exists
Add Net: Net with name "VCC_ALT" already exists
Add Net: Net with name "VCC_GPS" already exists
Add Net: Net with name "VCC_IMU" already exists
Add Class: Class already exists: SEN_REVC_1
Add Class: Class already exists: SEN_REVC_2
Add Class Member: Failed to add class member : Component GPS_BACKUP CMP-002-000015-1
Add Class Member: Failed to add class member : Component R1 470 O
Add Class Member: Failed to add class member : Component R2 470 O
Add Class Member: Failed to add class member : Component R3 10 KO
Add Class Member: Failed to add class member : Component R4 10 KO
Add Class Member: Failed to add class member : Component R5 10 KO
Add Class Member: Failed to add class member : Component R6 10 KO
Add Class Member: Failed to add class member : Component R7 2.2 KO
Add Class Member: Failed to add class member : Component R8 2.2 KO
Add Class Member: Failed to add class member : Component U$6 CMP-002-000018-1
