Removed Pin From Net: NetName=VCC_ALT2 Pin=C7-1
Removed Pin From Net: NetName=GND Pin=C7-2
Change Component DesignItemId : Designator=C7 Old DesignItemId=C-EUC0805 New DesignItemId=CMP-001-00018-6
Change Component Footprint: Designator=C7 Old Footprint=C0805 New Footprint=CAPC2013X95X50LL10T25
Change Footprint: Cannot match pads with new footprint in component :SJ1 Footprint:Solder Jumper-Footprint-1
Change Footprint: Cannot match pads with new footprint in component :SJ2 Footprint:Solder Jumper-Footprint-1
Change Footprint: Cannot match pads with new footprint in component :SJ3 Footprint:Solder Jumper-Footprint-1
Change Footprint: Cannot match pads with new footprint in component :SJ4 Footprint:Solder Jumper-Footprint-1
Change Footprint: Cannot match pads with new footprint in component :SJ8 Footprint:Solder Jumper-Footprint-1
Change Footprint: Cannot match pads with new footprint in component :U6 Footprint:XA1110-Footprint-1
Change Component Comment : Designator=C7 Old Comment=0.1 µF New Comment=Capacitor 100 nF +/-10% 50 V 0805
Change Component Description : Designator=C7 Old Description=CAPACITOR, European symbol New Description=Chip Capacitor, 100 nF, +/- 10%, 50 V, 0805 (2012 Metric)
Change Component Library : Designator=C7 Old Library=rcl.IntLib New Library=Americas- CU InSpace-  Carleton University
Change Managed Component Library Link : Designator=C7 Old VaultGUID=0D51059A-7567-4922-900C-B3DB03C4D13B New VaultGUID=0D51059A-7567-4922-900C-B3DB03C4D13B Old ItemGUID= New ItemGUID=1745FC1C-ED7C-4A81-ACC1-3526579DA949 Old RevisionGUID= New RevisionGUID=C0DD816E-8ECE-4CB9-B3D6-1A78C790C67B
Change component parameters: Designator = "C7" ("C7"); Footprint = "C0805"; UniqueID = "\IOAOCRDH" ("\IOAOCRDH")
Change component parameters (AddParameter): Name = "Capacitor Type"; Value = "Ceramic"; VariantName = "[No Variations]"
Change component parameters (AddParameter): Name = "Case/Package"; Value = "0805"; VariantName = "[No Variations]"
Change component parameters (AddParameter): Name = "Max Operating Temperature"; Value = "125°C"; VariantName = "[No Variations]"
Change component parameters (AddParameter): Name = "Min Operating Temperature"; Value = "-55°C"; VariantName = "[No Variations]"
Change component parameters (AddParameter): Name = "Mounting Technology"; Value = "SM"; VariantName = "[No Variations]"
Change component parameters (AddParameter): Name = "Pins"; Value = "2"; VariantName = "[No Variations]"
Change component parameters (AddParameter): Name = "Ripple Current"; Value = ""; VariantName = "[No Variations]"
Change component parameters (AddParameter): Name = "Ripple Current (AC)"; Value = ""; VariantName = "[No Variations]"
Change component parameters (AddParameter): Name = "RoHS Compliant"; Value = "True"; VariantName = "[No Variations]"
Change component parameters (AddParameter): Name = "Tolerance"; Value = "10%"; VariantName = "[No Variations]"
Change component parameters (AddParameter): Name = "Value"; Value = "0.1uF"; VariantName = "[No Variations]"
Change component parameters (AddParameter): Name = "Voltage Rating"; Value = "50V"; VariantName = "[No Variations]"
Added Pin To Net: NetName=GND Pin=C7-1
Added Pin To Net: NetName=VCC_ALT2 Pin=C7-2
Add Pin To Net: Unknown Pin: Pin GPS_BACKUP-NEG
Add Pin To Net: Unknown Pin: Pin GPS_BACKUP-POS
Add Pin To Net: Unknown Pin: Pin SJ1-0
Add Pin To Net: Unknown Pin: Pin SJ2-0
Add Pin To Net: Unknown Pin: Pin SJ3-0
Add Pin To Net: Unknown Pin: Pin SJ4-0
Add Pin To Net: Unknown Pin: Pin SJ8-0
Add Pin To Net: Unknown Pin: Pin U6-1
Add Pin To Net: Unknown Pin: Pin U6-2
Add Pin To Net: Unknown Pin: Pin U6-3
Add Pin To Net: Unknown Pin: Pin U6-4
Add Pin To Net: Unknown Pin: Pin U6-5
Add Pin To Net: Unknown Pin: Pin U6-6
Add Pin To Net: Unknown Pin: Pin U6-7
Add Pin To Net: Unknown Pin: Pin U6-8
Add Pin To Net: Unknown Pin: Pin U6-9
Add Pin To Net: Unknown Pin: Pin U6-10
Add Pin To Net: Unknown Pin: Pin U6-11
Add Pin To Net: Unknown Pin: Pin U6-12
Add Pin To Net: Unknown Pin: Pin U6-13
Add Pin To Net: Unknown Pin: Pin U6-14
Add Pin To Net: Unknown Pin: Pin U6-16
Add Pin To Net: Unknown Pin: Pin U6-19
Add Pin To Net: Unknown Pin: Pin U6-20
Add Pin To Net: Unknown Pin: Pin U6-22
Add Pin To Net: Unknown Pin: Pin U6-24
Add Net: Net with name "I2C_SCL" already exists
Add Net: Net with name "I2C_SDA" already exists
Add Class Member: Failed to add class member : Component GPS_BACKUP CMP-002-000015-1
