Added Component: Designator=R1(6-0805_N)
Add component (AddParameter): Name = "DeviceName"; Value = "R1206"; VariantName = "[No Variations]"
Add component (AddParameter): Name = "DeviceSetName"; Value = "R-US_"; VariantName = "[No Variations]"
Add component (AddParameter): Name = "GateName_1"; Value = "G$1"; VariantName = "[No Variations]"
Add component (AddParameter): Name = "LibraryName"; Value = "rcl"; VariantName = "[No Variations]"
Add component (AddParameter): Name = "SPICEPREFIX"; Value = "R"; VariantName = "[No Variations]"
Add component (AddParameter): Name = "SymbolName_1"; Value = "R-US"; VariantName = "[No Variations]"
Added Component: Designator=R2(6-0805_N)
Add component (AddParameter): Name = "DeviceName"; Value = "R1206"; VariantName = "[No Variations]"
Add component (AddParameter): Name = "DeviceSetName"; Value = "R-US_"; VariantName = "[No Variations]"
Add component (AddParameter): Name = "GateName_1"; Value = "G$1"; VariantName = "[No Variations]"
Add component (AddParameter): Name = "LibraryName"; Value = "rcl"; VariantName = "[No Variations]"
Add component (AddParameter): Name = "SPICEPREFIX"; Value = "R"; VariantName = "[No Variations]"
Add component (AddParameter): Name = "SymbolName_1"; Value = "R-US"; VariantName = "[No Variations]"
Added Component: Designator=R3(6-0805_N)
Add component (AddParameter): Name = "DeviceName"; Value = "R1206"; VariantName = "[No Variations]"
Add component (AddParameter): Name = "DeviceSetName"; Value = "R-US_"; VariantName = "[No Variations]"
Add component (AddParameter): Name = "GateName_1"; Value = "G$1"; VariantName = "[No Variations]"
Add component (AddParameter): Name = "LibraryName"; Value = "rcl"; VariantName = "[No Variations]"
Add component (AddParameter): Name = "SPICEPREFIX"; Value = "R"; VariantName = "[No Variations]"
Add component (AddParameter): Name = "SymbolName_1"; Value = "R-US"; VariantName = "[No Variations]"
Added Component: Designator=R4(6-0805_N)
Add component (AddParameter): Name = "DeviceName"; Value = "R1206"; VariantName = "[No Variations]"
Add component (AddParameter): Name = "DeviceSetName"; Value = "R-US_"; VariantName = "[No Variations]"
Add component (AddParameter): Name = "GateName_1"; Value = "G$1"; VariantName = "[No Variations]"
Add component (AddParameter): Name = "LibraryName"; Value = "rcl"; VariantName = "[No Variations]"
Add component (AddParameter): Name = "SPICEPREFIX"; Value = "R"; VariantName = "[No Variations]"
Add component (AddParameter): Name = "SymbolName_1"; Value = "R-US"; VariantName = "[No Variations]"
Added Component: Designator=R5(6-0805_N)
Add component (AddParameter): Name = "DeviceName"; Value = "R1206"; VariantName = "[No Variations]"
Add component (AddParameter): Name = "DeviceSetName"; Value = "R-US_"; VariantName = "[No Variations]"
Add component (AddParameter): Name = "GateName_1"; Value = "G$1"; VariantName = "[No Variations]"
Add component (AddParameter): Name = "LibraryName"; Value = "rcl"; VariantName = "[No Variations]"
Add component (AddParameter): Name = "SPICEPREFIX"; Value = "R"; VariantName = "[No Variations]"
Add component (AddParameter): Name = "SymbolName_1"; Value = "R-US"; VariantName = "[No Variations]"
Added Component: Designator=R6(6-0805_N)
Add component (AddParameter): Name = "DeviceName"; Value = "R1206"; VariantName = "[No Variations]"
Add component (AddParameter): Name = "DeviceSetName"; Value = "R-US_"; VariantName = "[No Variations]"
Add component (AddParameter): Name = "GateName_1"; Value = "G$1"; VariantName = "[No Variations]"
Add component (AddParameter): Name = "LibraryName"; Value = "rcl"; VariantName = "[No Variations]"
Add component (AddParameter): Name = "SPICEPREFIX"; Value = "R"; VariantName = "[No Variations]"
Add component (AddParameter): Name = "SymbolName_1"; Value = "R-US"; VariantName = "[No Variations]"
Added Component: Designator=R7(6-0805_N)
Add component (AddParameter): Name = "DeviceName"; Value = "R1206"; VariantName = "[No Variations]"
Add component (AddParameter): Name = "DeviceSetName"; Value = "R-US_"; VariantName = "[No Variations]"
Add component (AddParameter): Name = "GateName_1"; Value = "G$1"; VariantName = "[No Variations]"
Add component (AddParameter): Name = "LibraryName"; Value = "rcl"; VariantName = "[No Variations]"
Add component (AddParameter): Name = "SPICEPREFIX"; Value = "R"; VariantName = "[No Variations]"
Add component (AddParameter): Name = "SymbolName_1"; Value = "R-US"; VariantName = "[No Variations]"
Added Component: Designator=R8(6-0805_N)
Add component (AddParameter): Name = "DeviceName"; Value = "R1206"; VariantName = "[No Variations]"
Add component (AddParameter): Name = "DeviceSetName"; Value = "R-US_"; VariantName = "[No Variations]"
Add component (AddParameter): Name = "GateName_1"; Value = "G$1"; VariantName = "[No Variations]"
Add component (AddParameter): Name = "LibraryName"; Value = "rcl"; VariantName = "[No Variations]"
Add component (AddParameter): Name = "SPICEPREFIX"; Value = "R"; VariantName = "[No Variations]"
Add component (AddParameter): Name = "SymbolName_1"; Value = "R-US"; VariantName = "[No Variations]"
Add Pin To Net: Unknown Pin: Pin GPS_BACKUP-NEG
Add Pin To Net: Unknown Pin: Pin GPS_BACKUP-POS
Added Pin To Net: NetName=NetR1_1 Pin=R1-1
Added Pin To Net: NetName=NetR1_2 Pin=R1-2
Added Pin To Net: NetName=NetR2_1 Pin=R2-1
Added Pin To Net: NetName=NetR2_2 Pin=R2-2
Added Pin To Net: NetName=NetR1_2 Pin=R3-1
Added Pin To Net: NetName=VCC_GPS Pin=R3-2
Added Pin To Net: NetName=NetR2_2 Pin=R4-1
Added Pin To Net: NetName=VCC_GPS Pin=R4-2
Added Pin To Net: NetName=VCC_GPS Pin=R5-1
Added Pin To Net: NetName=NetR5_2 Pin=R5-2
Added Pin To Net: NetName=GND Pin=R6-1
Added Pin To Net: NetName=GPS_WAKEUP Pin=R6-2
Added Pin To Net: NetName=AUX_SCL Pin=R7-1
Added Pin To Net: NetName=VCC_IMU Pin=R7-2
Added Pin To Net: NetName=AUX_SDA Pin=R8-1
Added Pin To Net: NetName=VCC_IMU Pin=R8-2
Add Net: Net with name "I2C_SCL" already exists
Add Net: Net with name "I2C_SDA" already exists
Add Class Member: Failed to add class member : Component GPS_BACKUP CMP-002-000015-1
Added Member To Class: ClassName=SEN_REVC_1 Member=Component R1 470 O
Added Member To Class: ClassName=SEN_REVC_1 Member=Component R2 470 O
Added Member To Class: ClassName=SEN_REVC_1 Member=Component R3 10 KO
Added Member To Class: ClassName=SEN_REVC_1 Member=Component R4 10 KO
Added Member To Class: ClassName=SEN_REVC_1 Member=Component R5 10 KO
Added Member To Class: ClassName=SEN_REVC_1 Member=Component R6 10 KO
Added Member To Class: ClassName=SEN_REVC_2 Member=Component R7 2.2 KO
Added Member To Class: ClassName=SEN_REVC_2 Member=Component R8 2.2 KO
