Removed Pin From Net: NetName=NetR1_2 Pin=SJ1-0
Removed Pin From Net: NetName=NetR1_2 Pin=SJ3-0
Removed Pin From Net: NetName=GPS_INT Pin=SJ6-0
Removed Pin From Net: NetName=GPS_INT Pin=SJ7-0
Removed Pin From Net: NetName=AUX_SCL Pin=SJ23-0
Removed Pin From Net: NetName=AUX_SDA Pin=SJ24-0
Removed Pin From Net: NetName=AUX_SCL Pin=U2-AUX_CL
Removed Pin From Net: NetName=AUX_SDA Pin=U2-AUX_DA
Added Component: Designator=GPS_ANT(5MMSMA)
Add component (AddParameter): Name = "DeviceName"; Value = ""; VariantName = "[No Variations]"
Add component (AddParameter): Name = "DeviceSetName"; Value = "5MMSMA"; VariantName = "[No Variations]"
Add component (AddParameter): Name = "GateName_1"; Value = "G$1"; VariantName = "[No Variations]"
Add component (AddParameter): Name = "LibraryName"; Value = "CU inSpace 2019 Parts"; VariantName = "[No Variations]"
Add component (AddParameter): Name = "SymbolName_1"; Value = "BNC-F2"; VariantName = "[No Variations]"
Add Component: Footprint Not Found R1206
Add Component: Footprint Not Found R1206
Add Component: Footprint Not Found R1206
Add Component: Footprint Not Found R1206
Add Component: Footprint Not Found R1206
Add Component: Footprint Not Found R1206
Add Component: Footprint Not Found R1206
Add Component: Footprint Not Found R1206
Add Component: Footprint Not Found R1206
Add Component: Footprint Not Found R1206
Add Component: Footprint Not Found R1206
Add Component: Footprint Not Found R1206
Add Component: Footprint Not Found R1206
Add Component: Footprint Not Found R1206
Add Component: Footprint Not Found R1206
Add Component: Footprint Not Found R1206
Added Component: Designator=U$6(XA1110-Footprint-1)
Add component (AddParameter): Name = "Component Type"; Value = "Standard"; VariantName = "[No Variations]"
Add component (AddParameter): Name = "Design Item ID"; Value = "XA1110"; VariantName = "[No Variations]"
Add component (AddParameter): Name = "DeviceSetName"; Value = "XA1110"; VariantName = "[No Variations]"
Add component (AddParameter): Name = "GateName_1"; Value = "G$1"; VariantName = "[No Variations]"
Add component (AddParameter): Name = "LibraryName"; Value = "Sensors Board"; VariantName = "[No Variations]"
Add component (AddParameter): Name = "Package"; Value = "XA1110"; VariantName = "[No Variations]"
Add component (AddParameter): Name = "Pin Count"; Value = "16"; VariantName = "[No Variations]"
Add component (AddParameter): Name = "Source"; Value = "Sensors Board.SCHLIB"; VariantName = "[No Variations]"
Add component (AddParameter): Name = "SymbolName_1"; Value = "XA1110"; VariantName = "[No Variations]"
Added Pin To Net: NetName=GND Pin=GPS_ANT-GND2
Added Pin To Net: NetName=GND Pin=GPS_ANT-GND
Add Pin To Net: Unknown Pin: Pin GPS_BACKUP-NEG
Add Pin To Net: Unknown Pin: Pin GPS_BACKUP-NEG
Add Pin To Net: Unknown Pin: Pin GPS_BACKUP-POS
Add Pin To Net: Unknown Pin: Pin R1-1
Add Pin To Net: Unknown Pin: Pin R1-2
Add Pin To Net: Unknown Pin: Pin R2-1
Add Pin To Net: Unknown Pin: Pin R2-2
Add Pin To Net: Unknown Pin: Pin R3-1
Add Pin To Net: Unknown Pin: Pin R3-2
Add Pin To Net: Unknown Pin: Pin R4-1
Add Pin To Net: Unknown Pin: Pin R4-2
Add Pin To Net: Unknown Pin: Pin R5-1
Add Pin To Net: Unknown Pin: Pin R5-2
Add Pin To Net: Unknown Pin: Pin R6-1
Add Pin To Net: Unknown Pin: Pin R6-1
Add Pin To Net: Unknown Pin: Pin R6-2
Add Pin To Net: Unknown Pin: Pin R7-1
Add Pin To Net: Unknown Pin: Pin R7-2
Add Pin To Net: Unknown Pin: Pin R8-1
Add Pin To Net: Unknown Pin: Pin R8-2
Added Pin To Net: NetName=NetR1_2 Pin=SJ1-0
Added Pin To Net: NetName=NetR1_2 Pin=SJ3-0
Added Pin To Net: NetName=GPS_INT Pin=SJ6-0
Added Pin To Net: NetName=GPS_INT Pin=SJ7-0
Added Pin To Net: NetName=AUX_SCL Pin=SJ23-0
Added Pin To Net: NetName=AUX_SDA Pin=SJ24-0
Added Pin To Net: NetName=AUX_SCL Pin=U2-AUX_CL
Added Pin To Net: NetName=AUX_SDA Pin=U2-AUX_DA
Added Pin To Net: NetName=GND Pin=U$6-1
Added Pin To Net: NetName=GPS_RF Pin=U$6-2
Added Pin To Net: NetName=GND Pin=U$6-3
Added Pin To Net: NetName=GND Pin=U$6-4
Added Pin To Net: NetName=GND Pin=U$6-5
Added Pin To Net: NetName=GND Pin=U$6-6
Added Pin To Net: NetName=VBACKUP Pin=U$6-8
Added Pin To Net: NetName=GND Pin=U$6-9
Added Pin To Net: NetName=GND Pin=U$6-10
Added Pin To Net: NetName=GND Pin=U$6-11
Added Pin To Net: NetName=GPS_SDA Pin=U$6-13
Added Pin To Net: NetName=GPS_INT Pin=U$6-16
Added Pin To Net: NetName=NetR2_1 Pin=U$6-20
Added Pin To Net: NetName=NetR5_2 Pin=U$6-22
Added Pin To Net: NetName=GND Pin=U$6-24
Add Pin To Net: Unknown Pin: Pin U$6-P$1,3,4,5,6,9,10,11,24
Add Pin To Net: Unknown Pin: Pin U$6-P$7
Add Pin To Net: Unknown Pin: Pin U$6-P$12
Add Pin To Net: Unknown Pin: Pin U$6-P$14
Add Pin To Net: Unknown Pin: Pin U$6-P$19
Add Net: Net with name "ALT2_SCL" already exists
Add Net: Net with name "ALT2_SDA" already exists
Add Net: Net with name "ALT_SCL" already exists
Add Net: Net with name "ALT_SDA" already exists
Add Net: Net with name "AUX_SCL" already exists
Add Net: Net with name "AUX_SDA" already exists
Add Net: Net with name "GPIO0" already exists
Add Net: Net with name "GPIO1" already exists
Add Net: Net with name "GPIO4" already exists
Add Net: Net with name "GPIO5" already exists
Add Net: Net with name "GPIO6" already exists
Add Net: Net with name "GPIO7" already exists
Add Net: Net with name "GPIO22" already exists
Add Net: Net with name "GPIO23" already exists
Add Net: Net with name "GPS_INT" already exists
Add Net: Net with name "GPS_RF" already exists
Add Net: Net with name "GPS_SCL" already exists
Add Net: Net with name "GPS_SDA" already exists
Add Net: Net with name "GPS_WAKEUP" already exists
Add Net: Net with name "I2C_SCL" already exists
Add Net: Net with name "I2C_SCL" already exists
Add Net: Net with name "I2C_SCL" already exists
Add Net: Net with name "I2C_SDA" already exists
Add Net: Net with name "I2C_SDA" already exists
Add Net: Net with name "I2C_SDA" already exists
Add Net: Net with name "IMU_CS" already exists
Add Net: Net with name "IMU_INT" already exists
Add Net: Net with name "IMU_SCL" already exists
Add Net: Net with name "IMU_SDA" already exists
Add Net: Net with name "IMU_VDDIO" already exists
Add Net: Net with name "NetFB1_1" already exists
Add Net: Net with name "NetR1_1" already exists
Add Net: Net with name "NetR1_2" already exists
Add Net: Net with name "NetR2_1" already exists
Add Net: Net with name "NetR2_2" already exists
Add Net: Net with name "NetR5_2" already exists
Add Net: Net with name "NetSJ18_1" already exists
Add Net: Net with name "NetSJ35_1" already exists
Add Net: Net with name "RX2" already exists
Add Net: Net with name "RX3" already exists
Add Net: Net with name "SDO" already exists
Add Net: Net with name "SPI_MISO" already exists
Add Net: Net with name "SPI_MOSI" already exists
Add Net: Net with name "SPI_SCK" already exists
Add Net: Net with name "TX2" already exists
Add Net: Net with name "TX3" already exists
Add Net: Net with name "VBACKUP" already exists
Add Net: Net with name "VCC_ALT2" already exists
Add Net: Net with name "VCC_ALT" already exists
Add Net: Net with name "VCC_GPS" already exists
Add Net: Net with name "VCC_IMU" already exists
Add Class: Class already exists: SEN_REVC_1
Add Class: Class already exists: SEN_REVC_2
Added Member To Class: ClassName=SEN_REVC_1 Member=Component GPS_ANT 0732512120
Add Class Member: Failed to add class member : Component GPS_BACKUP CMP-002-000015-1
Add Class Member: Failed to add class member : Component R1 470 O
Add Class Member: Failed to add class member : Component R2 470 O
Add Class Member: Failed to add class member : Component R3 10 KO
Add Class Member: Failed to add class member : Component R4 10 KO
Add Class Member: Failed to add class member : Component R5 10 KO
Add Class Member: Failed to add class member : Component R6 10 KO
Add Class Member: Failed to add class member : Component R7 2.2 KO
Add Class Member: Failed to add class member : Component R8 2.2 KO
Added Member To Class: ClassName=SEN_REVC_1 Member=Component U$6 XA1110
