Added Pin To Net: NetName=VCC_MCU_3V3 Pin=C1-1
Added Pin To Net: NetName=VCC_MCU_3V3 Pin=C2-1
Added Pin To Net: NetName=VCC_MCU_3V3 Pin=C4-2
Added Pin To Net: NetName=VCC_MCU_3V3 Pin=C13-2
Added Pin To Net: NetName=VCC_MCU_3V3 Pin=C15-1
Added Pin To Net: NetName=VCC_MCU_3V3 Pin=C18-1
Added Pin To Net: NetName=VCC_MCU_3V3 Pin=C19-2
Added Pin To Net: NetName=3.3V_FUSED Pin=F1-2
Added Pin To Net: NetName=VCC_MCU_3V3 Pin=J2-1
Added Pin To Net: NetName=SWDIO Pin=J2-2
Added Pin To Net: NetName=SWO Pin=J2-6
Added Pin To Net: NetName=RESET Pin=J2-10
Added Pin To Net: NetName=VCC_MCU_3V3 Pin=MICRO_SD-4
Added Pin To Net: NetName=SD_ACTIVE_LED Pin=R1-2
Added Pin To Net: NetName=VCC_MCU_3V3 Pin=R2-2
Added Pin To Net: NetName=VCC_MCU_3V3 Pin=R3-1
Added Pin To Net: NetName=VCC_MCU_3V3 Pin=R4-2
Added Pin To Net: NetName=VCC_MCU_3V3 Pin=R5-2
Added Pin To Net: NetName=VCC_MCU_3V3 Pin=R6-2
Added Pin To Net: NetName=VCC_MCU_3V3 Pin=R8-2
Added Pin To Net: NetName=VCC_MCU_3V3 Pin=R9-2
Added Pin To Net: NetName=MOSI Pin=R10-1
Added Pin To Net: NetName=SCK Pin=R11-1
Added Pin To Net: NetName=SPI1_MOSI Pin=R19-2
Added Pin To Net: NetName=SPI1_SCK Pin=R21-2
Added Pin To Net: NetName=SPI1_MISO Pin=R22-2
Added Pin To Net: NetName=VCC_MCU_3V3 Pin=R25-2
Added Pin To Net: NetName=STAT_B Pin=R26-2
Added Pin To Net: NetName=STAT_G Pin=R27-2
Added Pin To Net: NetName=STAT_R Pin=R28-2
Added Pin To Net: NetName=DEBUG_0 Pin=R32-2
Added Pin To Net: NetName=DEBUG_1 Pin=R33-2
Added Pin To Net: NetName=VCC_MCU_3V3 Pin=U1-1
Added Pin To Net: NetName=I2C0_SCL Pin=U1-4
Added Pin To Net: NetName=I2C0_SDA Pin=U1-5
Added Pin To Net: NetName=VCC_MCU_3V3 Pin=U2-3
Added Pin To Net: NetName=TEMP_SENSE_VDD Pin=U3-1
Added Pin To Net: NetName=TEMP_SENSE Pin=U3-2
Added Pin To Net: NetName=V_USB_SENSE Pin=U4-3
Added Pin To Net: NetName=SDCMD Pin=U4-33
Added Pin To Net: NetName=SDDAT0 Pin=U4-34
Added Pin To Net: NetName=SDDAT1 Pin=U4-35
Added Pin To Net: NetName=SDDAT2 Pin=U4-36
Added Pin To Net: NetName=SDDAT3 Pin=U4-39
Added Pin To Net: NetName=SDCK Pin=U4-40
Added Pin To Net: NetName=SDCD Pin=U4-41
Added Pin To Net: NetName=CAN1_TX Pin=U4-43
Added Pin To Net: NetName=CAN1_RX Pin=U4-44
Added Pin To Net: NetName=CAN0_TX Pin=U4-92
Added Pin To Net: NetName=CAN0_RX Pin=U4-93
Added Pin To Net: NetName=USB_N Pin=U4-94
Added Pin To Net: NetName=USB_P Pin=U4-95
Added Pin To Net: NetName=SWDCLK Pin=U4-119
Added Pin To Net: NetName=VBAT Pin=U4-128
Added Pin To Net: NetName=VCC_MCU_3V3 Pin=U5-5
Added Pin To Net: NetName=CAN0_STBY Pin=U5-8
Added Pin To Net: NetName=VCC_MCU_3V3 Pin=U6-5
Added Pin To Net: NetName=CAN1_STBY Pin=U6-8
Added Pin To Net: NetName=VCC_MCU_3V3 Pin=U7-3
Added Pin To Net: NetName=ACCEL_TRIG Pin=U7-4
Added Pin To Net: NetName=ACCEL_INT_1 Pin=U7-5
Added Pin To Net: NetName=ACCEL_INT_2 Pin=U7-6
Added Pin To Net: NetName=VCC_MCU_3V3 Pin=U7-7
Added Pin To Net: NetName=ACCEL_CS Pin=U7-10
Added Pin To Net: NetName=NetJ2_7 Pin=J2-7
Added Net: Name=NetJ2_7
Added Pin To Net: NetName=NetJ2_8 Pin=J2-8
Added Net: Name=NetJ2_8
Added Pin To Net: NetName=NetJ2_9 Pin=J2-9
Added Net: Name=NetJ2_9
Added Pin To Net: NetName=NetU1_6 Pin=U1-6
Added Net: Name=NetU1_6
Added Pin To Net: NetName=NetU4_58 Pin=U4-58
Added Net: Name=NetU4_58
Added Pin To Net: NetName=NetU4_59 Pin=U4-59
Added Net: Name=NetU4_59
Added Pin To Net: NetName=NetU4_74 Pin=U4-74
Added Net: Name=NetU4_74
Added Pin To Net: NetName=NetU4_75 Pin=U4-75
Added Net: Name=NetU4_75
Added Pin To Net: NetName=NetU4_88 Pin=U4-88
Added Net: Name=NetU4_88
Added Pin To Net: NetName=NetU4_89 Pin=U4-89
Added Net: Name=NetU4_89
Added Pin To Net: NetName=NetU4_100 Pin=U4-100
Added Net: Name=NetU4_100
Added Pin To Net: NetName=NetU4_101 Pin=U4-101
Added Net: Name=NetU4_101
Added Pin To Net: NetName=NetU4_108 Pin=U4-108
Added Net: Name=NetU4_108
Added Pin To Net: NetName=NetU4_109 Pin=U4-109
Added Net: Name=NetU4_109
Added Pin To Net: NetName=NetU4_110 Pin=U4-110
Added Net: Name=NetU4_110
Added Pin To Net: NetName=NetU4_111 Pin=U4-111
Added Net: Name=NetU4_111
Added Pin To Net: NetName=NetU4_112 Pin=U4-112
Added Net: Name=NetU4_112
Added Pin To Net: NetName=NetU4_113 Pin=U4-113
Added Net: Name=NetU4_113
Added Pin To Net: NetName=NetUSB_4 Pin=USB-4
Added Net: Name=NetUSB_4
