Change Component DesignItemId : Designator=U2 Old DesignItemId=CMP-006-000009-1 New DesignItemId=CMP-006-000009-2
Change Component DesignItemId : Designator=Q1 Old DesignItemId=CMP-006-000012-1 New DesignItemId=CMP-006-000012-2
Change Component DesignItemId : Designator=U7 Old DesignItemId=CMP-006-000015-1 New DesignItemId=CMP-006-000015-2
Change Component Footprint: Designator=U7 Old Footprint=KX134-1211 New Footprint=FP-KX134-1211-MFG
Change Component Footprint: Designator=Q1 Old Footprint=SOT91P240X110-3N New Footprint=FP-SOT23-MFG
Change Component Comment : Designator=U2 Old Comment=CMP-006-000009-1 New Comment=BU7265SG-TR
Change Component Comment : Designator=Q1 Old Comment=CMP-006-000012-1 New Comment=DMG2305UX-13
Change Component Comment : Designator=U7 Old Comment=CMP-006-000015-1 New Comment=KX134-1211
Change Component Description : Designator=U7 Old Description= New Description=KX134 Series 3.6 V ±8g/16g/32g/64g SMT 3 Axis Digital Accelerometer- LGA-12
Change Component Description : Designator=U2 Old Description= New Description=Operational Amplifier, Single, 4 kHz, 1, 2.4 V/ms, 1.8V to 5.5V, SSOP, 5 RoHS Compliant: Yes
Change Component Description : Designator=Q1 Old Description= New Description=P-Channel 20 V 65 Ohms Surface Mount Enhancement Mode Mosfet - SOT-23-3
Change Managed Component Library Link : Designator=Q1 Old VaultGUID=0D51059A-7567-4922-900C-B3DB03C4D13B New VaultGUID=0D51059A-7567-4922-900C-B3DB03C4D13B Old ItemGUID=E2FCC0E9-90FA-4451-BDB1-8AAB1D6AA932 New ItemGUID=E2FCC0E9-90FA-4451-BDB1-8AAB1D6AA932 Old RevisionGUID=56A1EBB5-CB98-41DE-A623-265BC80CAFD6 New RevisionGUID=697416b9-97bc-4f88-8484-baf32e13961d
Change Managed Component Library Link : Designator=U2 Old VaultGUID=0D51059A-7567-4922-900C-B3DB03C4D13B New VaultGUID=0D51059A-7567-4922-900C-B3DB03C4D13B Old ItemGUID=BF143180-097A-461F-9526-3E40E0AE2BF7 New ItemGUID=BF143180-097A-461F-9526-3E40E0AE2BF7 Old RevisionGUID=7383D33C-AA43-4F3F-BC2F-B7B09AAE9E39 New RevisionGUID=d54e3efc-a6a5-4854-8598-f9834dbb5f5e
Change Managed Component Library Link : Designator=U7 Old VaultGUID=0D51059A-7567-4922-900C-B3DB03C4D13B New VaultGUID=0D51059A-7567-4922-900C-B3DB03C4D13B Old ItemGUID=787ECA24-2A4A-4D0E-B178-5F98C13D88C0 New ItemGUID=787ECA24-2A4A-4D0E-B178-5F98C13D88C0 Old RevisionGUID=6E2FA0E8-AD33-4543-A553-ABFFF2B96FAA New RevisionGUID=461f87ba-a1b2-45c3-9859-03a19b0e6fe9
Change component parameters: Designator = "Q1" ("Q1"); Footprint = "SOT91P240X110-3N"; UniqueID = "\JQNNGNNF" ("\JQNNGNNF")
Change component parameters (AddParameter): Name = "AVAILABILITY"; Value = "Good"; VariantName = "[No Variations]"
Change component parameters (AddParameter): Name = "Case/Package"; Value = "SOT-23"; VariantName = "[No Variations]"
Change component parameters (AddParameter): Name = "Component Type"; Value = "Standard"; VariantName = "[No Variations]"
Change component parameters (AddParameter): Name = "Continuous Drain Current (ID)"; Value = "4.2A"; VariantName = "[No Variations]"
Change component parameters (AddParameter): Name = "Design Item ID"; Value = "DMG2305UX-13"; VariantName = "[No Variations]"
Change component parameters (AddParameter): Name = "DeviceSetName"; Value = "DMG2305UX-13"; VariantName = "[No Variations]"
Change component parameters (AddParameter): Name = "Drain to Source Breakdown Voltage"; Value = "-20V"; VariantName = "[No Variations]"
Change component parameters (AddParameter): Name = "Drain to Source Resistance"; Value = "52mR"; VariantName = "[No Variations]"
Change component parameters (AddParameter): Name = "Drain to Source Voltage (Vdss)"; Value = "20V"; VariantName = "[No Variations]"
Change component parameters (AddParameter): Name = "Drain-source On Resistance-Max"; Value = "65MR"; VariantName = "[No Variations]"
Change component parameters (AddParameter): Name = "Element Configuration"; Value = "Single"; VariantName = "[No Variations]"
Change component parameters (AddParameter): Name = "Fall Time"; Value = "34.7ns"; VariantName = "[No Variations]"
Change component parameters (AddParameter): Name = "Gate to Source Voltage (Vgs)"; Value = "8V"; VariantName = "[No Variations]"
Change component parameters (AddParameter): Name = "GateName_1"; Value = "G$1"; VariantName = "[No Variations]"
Change component parameters (AddParameter): Name = "Height"; Value = "1.1mm"; VariantName = "[No Variations]"
Change component parameters (AddParameter): Name = "Input Capacitance"; Value = "808pF"; VariantName = "[No Variations]"
Change component parameters (AddParameter): Name = "Lead Free"; Value = "Lead Free"; VariantName = "[No Variations]"
Change component parameters (AddParameter): Name = "Length"; Value = "3mm"; VariantName = "[No Variations]"
Change component parameters (AddParameter): Name = "LibraryName"; Value = "MCU Board"; VariantName = "[No Variations]"
Change component parameters (AddParameter): Name = "Max Operating Temperature"; Value = "150°C"; VariantName = "[No Variations]"
Change component parameters (AddParameter): Name = "Max Power Dissipation"; Value = "1.4W"; VariantName = "[No Variations]"
Change component parameters (AddParameter): Name = "MF"; Value = "Diodes Zetex"; VariantName = "[No Variations]"
Change component parameters (AddParameter): Name = "Min Operating Temperature"; Value = "-55°C"; VariantName = "[No Variations]"
Change component parameters (AddParameter): Name = "Mounting Technology"; Value = "Surface Mount"; VariantName = "[No Variations]"
Change component parameters (AddParameter): Name = "MP"; Value = "DMG2305UX-13"; VariantName = "[No Variations]"
Change component parameters (AddParameter): Name = "Number of Channels"; Value = "1"; VariantName = "[No Variations]"
Change component parameters (AddParameter): Name = "On-State Resistance"; Value = "65MR"; VariantName = "[No Variations]"
Change component parameters (AddParameter): Name = "Package"; Value = "SOT91P240X110-3N"; VariantName = "[No Variations]"
Change component parameters (AddParameter): Name = "Package Quantity"; Value = "1"; VariantName = "[No Variations]"
Change component parameters (AddParameter): Name = "Packaging"; Value = "Tape and Reel"; VariantName = "[No Variations]"
Change component parameters (AddParameter): Name = "Pin Count"; Value = "3"; VariantName = "[No Variations]"
Change component parameters (AddParameter): Name = "Pins"; Value = "3"; VariantName = "[No Variations]"
Change component parameters (AddParameter): Name = "Polarity"; Value = "P-CHANNEL"; VariantName = "[No Variations]"
Change component parameters (AddParameter): Name = "PRICE"; Value = "None"; VariantName = "[No Variations]"
Change component parameters (AddParameter): Name = "PURCHASE-URL"; Value = "https://pricing.snapeda.com/search/part/DMG2305UX-13/?ref=eda"; VariantName = "[No Variations]"
Change component parameters (AddParameter): Name = "Radiation Hardening"; Value = "No"; VariantName = "[No Variations]"
Change component parameters (AddParameter): Name = "Rds On Max"; Value = "52mR"; VariantName = "[No Variations]"
Change component parameters (AddParameter): Name = "Reach SVHC Compliant"; Value = "Yes"; VariantName = "[No Variations]"
Change component parameters (AddParameter): Name = "Rise Time"; Value = "13.7ns"; VariantName = "[No Variations]"
Change component parameters (AddParameter): Name = "RoHS Compliant"; Value = "Yes"; VariantName = "[No Variations]"
Change component parameters (AddParameter): Name = "Series"; Value = "-"; VariantName = "[No Variations]"
Change component parameters (AddParameter): Name = "Source"; Value = "MCU Board.SCHLIB"; VariantName = "[No Variations]"
Change component parameters (AddParameter): Name = "SymbolName_1"; Value = "DMG2305UX-13"; VariantName = "[No Variations]"
Change component parameters (AddParameter): Name = "Threshold Voltage"; Value = "-900mV"; VariantName = "[No Variations]"
Change component parameters (AddParameter): Name = "Turn-Off Delay Time"; Value = "79.3ns"; VariantName = "[No Variations]"
Change component parameters (AddParameter): Name = "Turn-On Delay Time"; Value = "10.8ns"; VariantName = "[No Variations]"
Change component parameters (AddParameter): Name = "Weight"; Value = "0.000282oz"; VariantName = "[No Variations]"
Change component parameters (AddParameter): Name = "Width"; Value = "1.4mm"; VariantName = "[No Variations]"
Change component parameters: Designator = "U2" ("U2"); Footprint = "SOT95P285X145-5N"; UniqueID = "\HBDCKXFS" ("\HBDCKXFS")
Change component parameters (AddParameter): Name = "Amplifier Type"; Value = "GENERAL PURPOSE"; VariantName = "[No Variations]"
Change component parameters (AddParameter): Name = "Bandwidth"; Value = "4kHz"; VariantName = "[No Variations]"
Change component parameters (AddParameter): Name = "Case/Package"; Value = "SSOP"; VariantName = "[No Variations]"
Change component parameters (AddParameter): Name = "Common Mode Rejection Ratio"; Value = "45dB"; VariantName = "[No Variations]"
Change component parameters (AddParameter): Name = "Component Type"; Value = "Standard"; VariantName = "[No Variations]"
Change component parameters (AddParameter): Name = "Design Item ID"; Value = "BU7265SG-TR"; VariantName = "[No Variations]"
Change component parameters (AddParameter): Name = "DeviceSetName"; Value = "BU7265SG-TR"; VariantName = "[No Variations]"
Change component parameters (AddParameter): Name = "Gain Bandwidth Product"; Value = "4kHz"; VariantName = "[No Variations]"
Change component parameters (AddParameter): Name = "GateName_1"; Value = "G$1"; VariantName = "[No Variations]"
Change component parameters (AddParameter): Name = "Input Bias Current"; Value = "1pA"; VariantName = "[No Variations]"
Change component parameters (AddParameter): Name = "Input Offset Voltage (Vos)"; Value = "1mV"; VariantName = "[No Variations]"
Change component parameters (AddParameter): Name = "Lead Free"; Value = "Lead Free"; VariantName = "[No Variations]"
Change component parameters (AddParameter): Name = "LibraryName"; Value = "MCU Board"; VariantName = "[No Variations]"
Change component parameters (AddParameter): Name = "Max Operating Temperature"; Value = "105°C"; VariantName = "[No Variations]"
Change component parameters (AddParameter): Name = "Max Supply Voltage"; Value = "5.5V"; VariantName = "[No Variations]"
Change component parameters (AddParameter): Name = "Min Operating Temperature"; Value = "-40°C"; VariantName = "[No Variations]"
Change component parameters (AddParameter): Name = "Min Supply Voltage"; Value = "1.8V"; VariantName = "[No Variations]"
Change component parameters (AddParameter): Name = "Mounting Technology"; Value = "Surface Mount"; VariantName = "[No Variations]"
Change component parameters (AddParameter): Name = "Number of Amplifiers"; Value = "1"; VariantName = "[No Variations]"
Change component parameters (AddParameter): Name = "Number of Circuits"; Value = "1"; VariantName = "[No Variations]"
Change component parameters (AddParameter): Name = "Operating Supply Current"; Value = "350nA"; VariantName = "[No Variations]"
Change component parameters (AddParameter): Name = "Output Current per Channel"; Value = "4mA"; VariantName = "[No Variations]"
Change component parameters (AddParameter): Name = "Package"; Value = "SOT95P285X145-5N"; VariantName = "[No Variations]"
Change component parameters (AddParameter): Name = "Package Quantity"; Value = "1"; VariantName = "[No Variations]"
Change component parameters (AddParameter): Name = "Packaging"; Value = "Tape and Reel"; VariantName = "[No Variations]"
Change component parameters (AddParameter): Name = "Pin Count"; Value = "5"; VariantName = "[No Variations]"
Change component parameters (AddParameter): Name = "Pins"; Value = "5"; VariantName = "[No Variations]"
Change component parameters (AddParameter): Name = "Radiation Hardening"; Value = "No"; VariantName = "[No Variations]"
Change component parameters (AddParameter): Name = "RoHS Compliant"; Value = "Yes"; VariantName = "[No Variations]"
Change component parameters (AddParameter): Name = "Series"; Value = "-"; VariantName = "[No Variations]"
Change component parameters (AddParameter): Name = "Slew Rate"; Value = "0.024V/µs"; VariantName = "[No Variations]"
Change component parameters (AddParameter): Name = "Source"; Value = "MCU Board.SCHLIB"; VariantName = "[No Variations]"
Change component parameters (AddParameter): Name = "SymbolName_1"; Value = "OP-AMP"; VariantName = "[No Variations]"
Change component parameters (AddParameter): Name = "Voltage Gain"; Value = "95dB"; VariantName = "[No Variations]"
Change component parameters: Designator = "U7" ("U7"); Footprint = "KX134-1211"; UniqueID = "\AWNOSOQA" ("\AWNOSOQA")
Change component parameters (AddParameter): Name = "Axis"; Value = "X, Y, Z"; VariantName = "[No Variations]"
Change component parameters (AddParameter): Name = "Bandwidth"; Value = "0.39Hz"; VariantName = "[No Variations]"
Change component parameters (AddParameter): Name = "Case/Package"; Value = "VFLGA"; VariantName = "[No Variations]"
Change component parameters (AddParameter): Name = "Component Type"; Value = "Standard"; VariantName = "[No Variations]"
Change component parameters (AddParameter): Name = "Design Item ID"; Value = "KX134-1211"; VariantName = "[No Variations]"
Change component parameters (AddParameter): Name = "DeviceSetName"; Value = "KX134-1211"; VariantName = "[No Variations]"
Change component parameters (AddParameter): Name = "GateName_1"; Value = "G$1"; VariantName = "[No Variations]"
Change component parameters (AddParameter): Name = "LibraryName"; Value = "MCU Board"; VariantName = "[No Variations]"
Change component parameters (AddParameter): Name = "Max Operating Temperature"; Value = "105°C"; VariantName = "[No Variations]"
Change component parameters (AddParameter): Name = "Min Operating Temperature"; Value = "-40°C"; VariantName = "[No Variations]"
Change component parameters (AddParameter): Name = "Mounting Technology"; Value = "Surface Mount"; VariantName = "[No Variations]"
Change component parameters (AddParameter): Name = "Output Type"; Value = "SPI,I2C"; VariantName = "[No Variations]"
Change component parameters (AddParameter): Name = "Package"; Value = "KX134-1211"; VariantName = "[No Variations]"
Change component parameters (AddParameter): Name = "Pin Count"; Value = "10"; VariantName = "[No Variations]"
Change component parameters (AddParameter): Name = "Series"; Value = "-"; VariantName = "[No Variations]"
Change component parameters (AddParameter): Name = "Source"; Value = "MCU Board.SCHLIB"; VariantName = "[No Variations]"
Change component parameters (AddParameter): Name = "SymbolName_1"; Value = "KX134-1211"; VariantName = "[No Variations]"
Add Net: Net with name "ACCEL_CS" already exists
Add Net: Net with name "ACCEL_INT_1" already exists
Add Net: Net with name "ACCEL_INT_2" already exists
Add Net: Net with name "ACCEL_TRIG" already exists
Add Net: Net with name "CAN0_RX" already exists
Add Net: Net with name "CAN0_STBY" already exists
Add Net: Net with name "CAN0_TX" already exists
Add Net: Net with name "CAN1_RX" already exists
Add Net: Net with name "CAN1_STBY" already exists
Add Net: Net with name "CAN1_TX" already exists
Add Net: Net with name "DEBUG_0" already exists
Add Net: Net with name "DEBUG_1" already exists
Add Net: Net with name "I2C0_SCL" already exists
Add Net: Net with name "I2C0_SDA" already exists
Add Net: Net with name "MOSI" already exists
Add Net: Net with name "RESET" already exists
Add Net: Net with name "SCK" already exists
Add Net: Net with name "SD_ACTIVE_LED" already exists
Add Net: Net with name "SDCD" already exists
Add Net: Net with name "SDCK" already exists
Add Net: Net with name "SDCMD" already exists
Add Net: Net with name "SDDAT0" already exists
Add Net: Net with name "SDDAT1" already exists
Add Net: Net with name "SDDAT2" already exists
Add Net: Net with name "SDDAT3" already exists
Add Net: Net with name "SPI1_MISO" already exists
Add Net: Net with name "SPI1_MOSI" already exists
Add Net: Net with name "SPI1_SCK" already exists
Add Net: Net with name "STAT_B" already exists
Add Net: Net with name "STAT_G" already exists
Add Net: Net with name "STAT_R" already exists
Add Net: Net with name "SWDCLK" already exists
Add Net: Net with name "SWDIO" already exists
Add Net: Net with name "SWO" already exists
Add Net: Net with name "TEMP_SENSE_VDD" already exists
Add Net: Net with name "TEMP_SENSE" already exists
Add Net: Net with name "USB_N" already exists
Add Net: Net with name "USB_P" already exists
Add Net: Net with name "V_USB_SENSE" already exists
Add Net: Net with name "VBAT" already exists
Add Net: Net with name "VCC_MCU_3V3" already exists
Add Net: Net with name "VCC_MCU_3V3" already exists
Add Net: Net with name "VCC_MCU_3V3" already exists
