Change Component DesignItemId : Designator=J1 Old DesignItemId=CMP-006-000025-1 New DesignItemId=CMP-006-000025-2
Change Component Footprint: Designator=J1 Old Footprint=TSM-102-01-L-SV New Footprint=FP-TSM-102-01-L-SV-P-TR-MFG
Change Component Comment : Designator=J1 Old Comment=CMP-006-000025-1 New Comment=TSM-102-01-L-SVJ
Change Component Description : Designator=J1 Old Description= New Description=Conn Unshrouded Header HDR 2 POS 2.54mm Solder ST Top Entry SMD T/R
Change Managed Component Library Link : Designator=J1 Old VaultGUID=0D51059A-7567-4922-900C-B3DB03C4D13B New VaultGUID=0D51059A-7567-4922-900C-B3DB03C4D13B Old ItemGUID=2C3097DC-CB02-4399-B350-8BA6A064FDC9 New ItemGUID=2C3097DC-CB02-4399-B350-8BA6A064FDC9 Old RevisionGUID=C9C2F375-BA82-4475-8B48-79A9F3F6A9D1 New RevisionGUID=ef057280-7478-4e2b-a0db-754961f5b076
Change component parameters: Designator = "J1" ("J1"); Footprint = "TSM-102-01-L-SV"; UniqueID = "\KKGQDLPH" ("\KKGQDLPH")
Change component parameters (AddParameter): Name = "Component Type"; Value = "Standard"; VariantName = "[No Variations]"
Change component parameters (AddParameter): Name = "Contact Material"; Value = "Bronze"; VariantName = "[No Variations]"
Change component parameters (AddParameter): Name = "Contact Plating"; Value = "Gold"; VariantName = "[No Variations]"
Change component parameters (AddParameter): Name = "Depth"; Value = "2.54mm"; VariantName = "[No Variations]"
Change component parameters (AddParameter): Name = "Design Item ID"; Value = "TSM-102-01-L-SVJ"; VariantName = "[No Variations]"
Change component parameters (AddParameter): Name = "DeviceName"; Value = "J"; VariantName = "[No Variations]"
Change component parameters (AddParameter): Name = "DeviceSetName"; Value = "TSM-102-01-L-SV"; VariantName = "[No Variations]"
Change component parameters (AddParameter): Name = "DIGI-KEY_PART_NUMBER"; Value = "SAM14923TR-ND"; VariantName = "[No Variations]"
Change component parameters (AddParameter): Name = "GateName_1"; Value = "A"; VariantName = "[No Variations]"
Change component parameters (AddParameter): Name = "Gender"; Value = "Male"; VariantName = "[No Variations]"
Change component parameters (AddParameter): Name = "Housing Color"; Value = "Black"; VariantName = "[No Variations]"
Change component parameters (AddParameter): Name = "Housing Material"; Value = "Polymer"; VariantName = "[No Variations]"
Change component parameters (AddParameter): Name = "Lead Free"; Value = "Lead Free"; VariantName = "[No Variations]"
Change component parameters (AddParameter): Name = "Length"; Value = "5.08mm"; VariantName = "[No Variations]"
Change component parameters (AddParameter): Name = "LibraryName"; Value = "MCU Board"; VariantName = "[No Variations]"
Change component parameters (AddParameter): Name = "Max Current Rating"; Value = "7A"; VariantName = "[No Variations]"
Change component parameters (AddParameter): Name = "Max Operating Temperature"; Value = "125°C"; VariantName = "[No Variations]"
Change component parameters (AddParameter): Name = "Max Voltage Rating (AC)"; Value = "475V"; VariantName = "[No Variations]"
Change component parameters (AddParameter): Name = "MF"; Value = "Samtec"; VariantName = "[No Variations]"
Change component parameters (AddParameter): Name = "Min Operating Temperature"; Value = "-55°C"; VariantName = "[No Variations]"
Change component parameters (AddParameter): Name = "MP"; Value = "TSM-102-01-L-SV"; VariantName = "[No Variations]"
Change component parameters (AddParameter): Name = "Number of Contacts"; Value = "2"; VariantName = "[No Variations]"
Change component parameters (AddParameter): Name = "Number of Rows"; Value = "1"; VariantName = "[No Variations]"
Change component parameters (AddParameter): Name = "Orientation"; Value = "Straight"; VariantName = "[No Variations]"
Change component parameters (AddParameter): Name = "Package"; Value = "TSM-102-01-L-SV"; VariantName = "[No Variations]"
Change component parameters (AddParameter): Name = "Packaging"; Value = "Tape and Reel"; VariantName = "[No Variations]"
Change component parameters (AddParameter): Name = "Pin Count"; Value = "2"; VariantName = "[No Variations]"
Change component parameters (AddParameter): Name = "Pitch"; Value = "2.54mm"; VariantName = "[No Variations]"
Change component parameters (AddParameter): Name = "Radiation Hardening"; Value = "No"; VariantName = "[No Variations]"
Change component parameters (AddParameter): Name = "Reach SVHC Compliant"; Value = "Yes"; VariantName = "[No Variations]"
Change component parameters (AddParameter): Name = "RoHS Compliant"; Value = "Yes"; VariantName = "[No Variations]"
Change component parameters (AddParameter): Name = "Source"; Value = "MCU Board.SCHLIB"; VariantName = "[No Variations]"
Change component parameters (AddParameter): Name = "SymbolName_1"; Value = "TSM-102-01-L-SVA"; VariantName = "[No Variations]"
Change component parameters (AddParameter): Name = "Termination"; Value = "Solder"; VariantName = "[No Variations]"
Change component parameters (AddParameter): Name = "TOBY_UK-PURCHASE-URL"; Value = "https://snapeda.com/shop?store=Toby+UK&id=2748087"; VariantName = "[No Variations]"
Add Pin To Net: Unknown Pin: Pin MICRO_SD-1
Add Pin To Net: Unknown Pin: Pin MICRO_SD-2
Add Pin To Net: Unknown Pin: Pin MICRO_SD-3
Add Pin To Net: Unknown Pin: Pin MICRO_SD-5
Add Pin To Net: Unknown Pin: Pin MICRO_SD-6,9
Add Pin To Net: Unknown Pin: Pin MICRO_SD-7
Add Pin To Net: Unknown Pin: Pin MICRO_SD-8
Add Pin To Net: Unknown Pin: Pin MICRO_SD-10
Add Pin To Net: Unknown Pin: Pin MICRO_SD-P1-4
Add Pin To Net: Unknown Pin: Pin USB-1
Add Pin To Net: Unknown Pin: Pin USB-2
Add Pin To Net: Unknown Pin: Pin USB-3
Add Pin To Net: Unknown Pin: Pin USB-5
Add Pin To Net: Unknown Pin: Pin USB-SH1-6
Add Pin To Net: Unknown Pin: Pin XTAL1-P$1
Add Pin To Net: Unknown Pin: Pin XTAL1-P$2
Add Pin To Net: Unknown Pin: Pin XTAL2-P1
Add Pin To Net: Unknown Pin: Pin XTAL2-P2,4
Add Pin To Net: Unknown Pin: Pin XTAL2-P3
Add Net: Net with name "ACCEL_CS" already exists
Add Net: Net with name "ACCEL_INT_1" already exists
Add Net: Net with name "ACCEL_INT_2" already exists
Add Net: Net with name "ACCEL_TRIG" already exists
Add Net: Net with name "CAN0_RX" already exists
Add Net: Net with name "CAN0_STBY" already exists
Add Net: Net with name "CAN0_TX" already exists
Add Net: Net with name "CAN1_RX" already exists
Add Net: Net with name "CAN1_STBY" already exists
Add Net: Net with name "CAN1_TX" already exists
Add Net: Net with name "DEBUG_0" already exists
Add Net: Net with name "DEBUG_1" already exists
Add Net: Net with name "I2C0_SCL" already exists
Add Net: Net with name "I2C0_SDA" already exists
Add Net: Net with name "MOSI" already exists
Add Net: Net with name "RESET" already exists
Add Net: Net with name "SCK" already exists
Add Net: Net with name "SD_ACTIVE_LED" already exists
Add Net: Net with name "SDCD" already exists
Add Net: Net with name "SDCK" already exists
Add Net: Net with name "SDCMD" already exists
Add Net: Net with name "SDDAT0" already exists
Add Net: Net with name "SDDAT1" already exists
Add Net: Net with name "SDDAT2" already exists
Add Net: Net with name "SDDAT3" already exists
Add Net: Net with name "SPI1_MISO" already exists
Add Net: Net with name "SPI1_MOSI" already exists
Add Net: Net with name "SPI1_SCK" already exists
Add Net: Net with name "STAT_B" already exists
Add Net: Net with name "STAT_G" already exists
Add Net: Net with name "STAT_R" already exists
Add Net: Net with name "SWDCLK" already exists
Add Net: Net with name "SWDIO" already exists
Add Net: Net with name "SWO" already exists
Add Net: Net with name "TEMP_SENSE_VDD" already exists
Add Net: Net with name "TEMP_SENSE" already exists
Add Net: Net with name "USB_N" already exists
Add Net: Net with name "USB_P" already exists
Add Net: Net with name "V_USB_SENSE" already exists
Add Net: Net with name "VBAT" already exists
Add Net: Net with name "VCC_MCU_3V3" already exists
Add Net: Net with name "VCC_MCU_3V3" already exists
Add Net: Net with name "VCC_MCU_3V3" already exists
Add Class Member: Failed to add class member : Component MICRO_SD 503398-1892
Add Class Member: Failed to add class member : Component USB CMP-006-000000-1
Add Class Member: Failed to add class member : Component XTAL1 CM7V-T1A-32.768KHZ-12.5PF-10PPM-TA-QC
Add Class Member: Failed to add class member : Component XTAL2 RH100-12.000-12-1010-EXT-TR
