Added Component: Designator=MICRO_SD(MOLX-503398-1892_V)
Add component (AddParameter): Name = "Component Type"; Value = "Standard"; VariantName = "[No Variations]"
Add component (AddParameter): Name = "Connector Type"; Value = "Connector"; VariantName = "[No Variations]"
Add component (AddParameter): Name = "Contact Material"; Value = "Bronze,Stainless Steel"; VariantName = "[No Variations]"
Add component (AddParameter): Name = "Contact Plating"; Value = "Gold"; VariantName = "[No Variations]"
Add component (AddParameter): Name = "Current Rating"; Value = "500mA"; VariantName = "[No Variations]"
Add component (AddParameter): Name = "Depth"; Value = "14.05mm"; VariantName = "[No Variations]"
Add component (AddParameter): Name = "Design Item ID"; Value = "503398-1892"; VariantName = "[No Variations]"
Add component (AddParameter): Name = "DeviceSetName"; Value = "503398-1892"; VariantName = "[No Variations]"
Add component (AddParameter): Name = "GateName_1"; Value = "G$1"; VariantName = "[No Variations]"
Add component (AddParameter): Name = "Gender"; Value = "Male"; VariantName = "[No Variations]"
Add component (AddParameter): Name = "Halogen Free"; Value = "Low Halogen"; VariantName = "[No Variations]"
Add component (AddParameter): Name = "Housing Material"; Value = "Thermoplastic"; VariantName = "[No Variations]"
Add component (AddParameter): Name = "Length"; Value = "13.6mm"; VariantName = "[No Variations]"
Add component (AddParameter): Name = "LibraryName"; Value = "MCU Board"; VariantName = "[No Variations]"
Add component (AddParameter): Name = "Max Operating Temperature"; Value = "85°C"; VariantName = "[No Variations]"
Add component (AddParameter): Name = "Min Operating Temperature"; Value = "-25°C"; VariantName = "[No Variations]"
Add component (AddParameter): Name = "Mounting Technology"; Value = "Surface Mount"; VariantName = "[No Variations]"
Add component (AddParameter): Name = "Number of Circuits"; Value = "8"; VariantName = "[No Variations]"
Add component (AddParameter): Name = "Number of Contacts"; Value = "8"; VariantName = "[No Variations]"
Add component (AddParameter): Name = "Number of Rows"; Value = "1"; VariantName = "[No Variations]"
Add component (AddParameter): Name = "Orientation"; Value = "Right Angle"; VariantName = "[No Variations]"
Add component (AddParameter): Name = "Package"; Value = "MOLEX_503398-1892"; VariantName = "[No Variations]"
Add component (AddParameter): Name = "Package Quantity"; Value = "2400"; VariantName = "[No Variations]"
Add component (AddParameter): Name = "Packaging"; Value = "Tape and Reel"; VariantName = "[No Variations]"
Add component (AddParameter): Name = "Pin Count"; Value = "10"; VariantName = "[No Variations]"
Add component (AddParameter): Name = "Pitch"; Value = "1.1mm"; VariantName = "[No Variations]"
Add component (AddParameter): Name = "Radiation Hardening"; Value = "No"; VariantName = "[No Variations]"
Add component (AddParameter): Name = "RoHS Compliant"; Value = "Yes"; VariantName = "[No Variations]"
Add component (AddParameter): Name = "Series"; Value = "503398"; VariantName = "[No Variations]"
Add component (AddParameter): Name = "Source"; Value = "MCU Board.SCHLIB"; VariantName = "[No Variations]"
Add component (AddParameter): Name = "SymbolName_1"; Value = "503398-1892"; VariantName = "[No Variations]"
Add component (AddParameter): Name = "Termination"; Value = "Solder"; VariantName = "[No Variations]"
Add component (AddParameter): Name = "Voltage Rating (AC)"; Value = "10V"; VariantName = "[No Variations]"
Add component (AddParameter): Name = "Width"; Value = "14.05mm"; VariantName = "[No Variations]"
Added Pin To Net: NetName=SDDAT2 Pin=MICRO_SD-1
Added Pin To Net: NetName=SDDAT3 Pin=MICRO_SD-2
Added Pin To Net: NetName=SDCMD Pin=MICRO_SD-3
Added Pin To Net: NetName=SDCK Pin=MICRO_SD-5
Added Pin To Net: NetName=GND Pin=MICRO_SD-6
Added Pin To Net: NetName=SDDAT0 Pin=MICRO_SD-7
Added Pin To Net: NetName=SDDAT1 Pin=MICRO_SD-8
Added Pin To Net: NetName=GND Pin=MICRO_SD-9
Added Pin To Net: NetName=SDCD Pin=MICRO_SD-10
Added Pin To Net: NetName=GND Pin=MICRO_SD-11
Added Pin To Net: NetName=GND Pin=MICRO_SD-12
Added Pin To Net: NetName=GND Pin=MICRO_SD-13
Added Pin To Net: NetName=GND Pin=MICRO_SD-14
Add Pin To Net: Unknown Pin: Pin USB-1
Add Pin To Net: Unknown Pin: Pin USB-2
Add Pin To Net: Unknown Pin: Pin USB-3
Add Pin To Net: Unknown Pin: Pin USB-5
Add Pin To Net: Unknown Pin: Pin USB-SH1-6
Add Net: Net with name "ACCEL_CS" already exists
Add Net: Net with name "ACCEL_INT_1" already exists
Add Net: Net with name "ACCEL_INT_2" already exists
Add Net: Net with name "ACCEL_TRIG" already exists
Add Net: Net with name "CAN0_RX" already exists
Add Net: Net with name "CAN0_STBY" already exists
Add Net: Net with name "CAN0_TX" already exists
Add Net: Net with name "CAN1_RX" already exists
Add Net: Net with name "CAN1_STBY" already exists
Add Net: Net with name "CAN1_TX" already exists
Add Net: Net with name "DEBUG_0" already exists
Add Net: Net with name "DEBUG_1" already exists
Add Net: Net with name "I2C0_SCL" already exists
Add Net: Net with name "I2C0_SDA" already exists
Add Net: Net with name "MOSI" already exists
Add Net: Net with name "RESET" already exists
Add Net: Net with name "SCK" already exists
Add Net: Net with name "SD_ACTIVE_LED" already exists
Add Net: Net with name "SDCD" already exists
Add Net: Net with name "SDCK" already exists
Add Net: Net with name "SDCMD" already exists
Add Net: Net with name "SDDAT0" already exists
Add Net: Net with name "SDDAT1" already exists
Add Net: Net with name "SDDAT2" already exists
Add Net: Net with name "SDDAT3" already exists
Add Net: Net with name "SPI1_MISO" already exists
Add Net: Net with name "SPI1_MOSI" already exists
Add Net: Net with name "SPI1_SCK" already exists
Add Net: Net with name "STAT_B" already exists
Add Net: Net with name "STAT_G" already exists
Add Net: Net with name "STAT_R" already exists
Add Net: Net with name "SWDCLK" already exists
Add Net: Net with name "SWDIO" already exists
Add Net: Net with name "SWO" already exists
Add Net: Net with name "TEMP_SENSE_VDD" already exists
Add Net: Net with name "TEMP_SENSE" already exists
Add Net: Net with name "USB_N" already exists
Add Net: Net with name "USB_P" already exists
Add Net: Net with name "V_USB_SENSE" already exists
Add Net: Net with name "VBAT" already exists
Add Net: Net with name "VCC_MCU_3V3" already exists
Add Net: Net with name "VCC_MCU_3V3" already exists
Add Net: Net with name "VCC_MCU_3V3" already exists
Added Member To Class: ClassName=MCU_REVB_2 Member=Component MICRO_SD 503398-1892
Add Class Member: Failed to add class member : Component USB CMP-006-000000-1
