Added Component: Designator=L1(LQH43PN100M26L)
Add component (AddParameter): Name = "Component Type"; Value = "Standard"; VariantName = "[No Variations]"
Add component (AddParameter): Name = "Design Item ID"; Value = "LQH43PN100M26L"; VariantName = "[No Variations]"
Add component (AddParameter): Name = "DeviceSetName"; Value = "LQH43PN100M26L"; VariantName = "[No Variations]"
Add component (AddParameter): Name = "GateName_1"; Value = "G$1"; VariantName = "[No Variations]"
Add component (AddParameter): Name = "LibraryName"; Value = "MCU Board"; VariantName = "[No Variations]"
Add component (AddParameter): Name = "Package"; Value = "LQH43PN100M26L"; VariantName = "[No Variations]"
Add component (AddParameter): Name = "Pin Count"; Value = "2"; VariantName = "[No Variations]"
Add component (AddParameter): Name = "Source"; Value = "MCU Board.SCHLIB"; VariantName = "[No Variations]"
Add component (AddParameter): Name = "SymbolName_1"; Value = "INDUCTOR"; VariantName = "[No Variations]"
Added Component: Designator=XTAL2(SON160P320X80-4N)
Add component (AddParameter): Name = "Component Type"; Value = "Standard"; VariantName = "[No Variations]"
Add component (AddParameter): Name = "Design Item ID"; Value = "RH100-12.000-12-1010-EXT-TR"; VariantName = "[No Variations]"
Add component (AddParameter): Name = "DeviceSetName"; Value = "RH100-12.000-12-1010-EXT-TR"; VariantName = "[No Variations]"
Add component (AddParameter): Name = "GateName_1"; Value = "G$1"; VariantName = "[No Variations]"
Add component (AddParameter): Name = "LibraryName"; Value = "MCU Board"; VariantName = "[No Variations]"
Add component (AddParameter): Name = "Package"; Value = "RH100-12.000-12-1010-EXT-TR"; VariantName = "[No Variations]"
Add component (AddParameter): Name = "Pin Count"; Value = "3"; VariantName = "[No Variations]"
Add component (AddParameter): Name = "Source"; Value = "MCU Board.SCHLIB"; VariantName = "[No Variations]"
Add component (AddParameter): Name = "SymbolName_1"; Value = "CRYSTAL_W_GROUND"; VariantName = "[No Variations]"
Added Pin To Net: NetName=3.3V Pin=L1-1
Added Pin To Net: NetName=VCC_MCU_3V3 Pin=L1-2
Add Pin To Net: Unknown Pin: Pin MICRO_SD-1
Add Pin To Net: Unknown Pin: Pin MICRO_SD-2
Add Pin To Net: Unknown Pin: Pin MICRO_SD-3
Add Pin To Net: Unknown Pin: Pin MICRO_SD-5
Add Pin To Net: Unknown Pin: Pin MICRO_SD-6,9
Add Pin To Net: Unknown Pin: Pin MICRO_SD-7
Add Pin To Net: Unknown Pin: Pin MICRO_SD-8
Add Pin To Net: Unknown Pin: Pin MICRO_SD-10
Add Pin To Net: Unknown Pin: Pin MICRO_SD-P1-4
Add Pin To Net: Unknown Pin: Pin USB-1
Add Pin To Net: Unknown Pin: Pin USB-2
Add Pin To Net: Unknown Pin: Pin USB-3
Add Pin To Net: Unknown Pin: Pin USB-5
Add Pin To Net: Unknown Pin: Pin USB-SH1-6
Added Pin To Net: NetName=XOUT0 Pin=XTAL2-1
Added Pin To Net: NetName=GND Pin=XTAL2-2
Added Pin To Net: NetName=XIN0 Pin=XTAL2-3
Added Pin To Net: NetName=GND Pin=XTAL2-4
Add Net: Net with name "ACCEL_CS" already exists
Add Net: Net with name "ACCEL_INT_1" already exists
Add Net: Net with name "ACCEL_INT_2" already exists
Add Net: Net with name "ACCEL_TRIG" already exists
Add Net: Net with name "CAN0_RX" already exists
Add Net: Net with name "CAN0_STBY" already exists
Add Net: Net with name "CAN0_TX" already exists
Add Net: Net with name "CAN1_RX" already exists
Add Net: Net with name "CAN1_STBY" already exists
Add Net: Net with name "CAN1_TX" already exists
Add Net: Net with name "DEBUG_0" already exists
Add Net: Net with name "DEBUG_1" already exists
Add Net: Net with name "I2C0_SCL" already exists
Add Net: Net with name "I2C0_SDA" already exists
Add Net: Net with name "MOSI" already exists
Add Net: Net with name "RESET" already exists
Add Net: Net with name "SCK" already exists
Add Net: Net with name "SD_ACTIVE_LED" already exists
Add Net: Net with name "SDCD" already exists
Add Net: Net with name "SDCK" already exists
Add Net: Net with name "SDCMD" already exists
Add Net: Net with name "SDDAT0" already exists
Add Net: Net with name "SDDAT1" already exists
Add Net: Net with name "SDDAT2" already exists
Add Net: Net with name "SDDAT3" already exists
Add Net: Net with name "SPI1_MISO" already exists
Add Net: Net with name "SPI1_MOSI" already exists
Add Net: Net with name "SPI1_SCK" already exists
Add Net: Net with name "STAT_B" already exists
Add Net: Net with name "STAT_G" already exists
Add Net: Net with name "STAT_R" already exists
Add Net: Net with name "SWDCLK" already exists
Add Net: Net with name "SWDIO" already exists
Add Net: Net with name "SWO" already exists
Add Net: Net with name "TEMP_SENSE_VDD" already exists
Add Net: Net with name "TEMP_SENSE" already exists
Add Net: Net with name "USB_N" already exists
Add Net: Net with name "USB_P" already exists
Add Net: Net with name "V_USB_SENSE" already exists
Add Net: Net with name "VBAT" already exists
Add Net: Net with name "VCC_MCU_3V3" already exists
Add Net: Net with name "VCC_MCU_3V3" already exists
Add Net: Net with name "VCC_MCU_3V3" already exists
Added Member To Class: ClassName=MCU_REVB_1 Member=Component L1 LQH43PN100M26L
Add Class Member: Failed to add class member : Component MICRO_SD 503398-1892
Add Class Member: Failed to add class member : Component USB CMP-006-000000-1
Added Member To Class: ClassName=MCU_REVB_1 Member=Component XTAL2 RH100-12.000-12-1010-EXT-TR
