Change Component DesignItemId : Designator=L1 Old DesignItemId=CMP-004-000001-2 New DesignItemId=CMP-004-000001-3
Change Component DesignItemId : Designator=L100 Old DesignItemId=CMP-004-000001-2 New DesignItemId=CMP-004-000001-3
Change Component Footprint: Designator=L1 Old Footprint=LQH43PN100M26L New Footprint=LQH43PN100M26L
Change Component Footprint: Designator=L100 Old Footprint=LQH43PN100M26L New Footprint=LQH43PN100M26L
Change Managed Component Library Link : Designator=L1 Old VaultGUID=0D51059A-7567-4922-900C-B3DB03C4D13B New VaultGUID=0D51059A-7567-4922-900C-B3DB03C4D13B Old ItemGUID=EB6C0776-2C4A-4A9F-A54A-80129E2553CA New ItemGUID=EB6C0776-2C4A-4A9F-A54A-80129E2553CA Old RevisionGUID=33081660-bb38-4ee9-9c5f-760fb3e54a58 New RevisionGUID=086bd68a-56e0-455b-919c-9f543b184610
Change Managed Component Library Link : Designator=L100 Old VaultGUID=0D51059A-7567-4922-900C-B3DB03C4D13B New VaultGUID=0D51059A-7567-4922-900C-B3DB03C4D13B Old ItemGUID=EB6C0776-2C4A-4A9F-A54A-80129E2553CA New ItemGUID=EB6C0776-2C4A-4A9F-A54A-80129E2553CA Old RevisionGUID=33081660-bb38-4ee9-9c5f-760fb3e54a58 New RevisionGUID=086bd68a-56e0-455b-919c-9f543b184610
Add Net: Net with name "ACCEL_CS" already exists
Add Net: Net with name "ACCEL_INT_1" already exists
Add Net: Net with name "ACCEL_INT_2" already exists
Add Net: Net with name "ACCEL_TRIG" already exists
Add Net: Net with name "CAN0_RX" already exists
Add Net: Net with name "CAN0_STBY" already exists
Add Net: Net with name "CAN0_TX" already exists
Add Net: Net with name "CAN1_RX" already exists
Add Net: Net with name "CAN1_STBY" already exists
Add Net: Net with name "CAN1_TX" already exists
Add Net: Net with name "DEBUG_0" already exists
Add Net: Net with name "DEBUG_1" already exists
Add Net: Net with name "I2C0_SCL" already exists
Add Net: Net with name "I2C0_SDA" already exists
Add Net: Net with name "MOSI" already exists
Add Net: Net with name "RESET" already exists
Add Net: Net with name "SCK" already exists
Add Net: Net with name "SD_ACTIVE_LED" already exists
Add Net: Net with name "SDCD" already exists
Add Net: Net with name "SDCK" already exists
Add Net: Net with name "SDCMD" already exists
Add Net: Net with name "SDDAT0" already exists
Add Net: Net with name "SDDAT1" already exists
Add Net: Net with name "SDDAT2" already exists
Add Net: Net with name "SDDAT3" already exists
Add Net: Net with name "SPI1_MISO" already exists
Add Net: Net with name "SPI1_MOSI" already exists
Add Net: Net with name "SPI1_SCK" already exists
Add Net: Net with name "STAT_B" already exists
Add Net: Net with name "STAT_G" already exists
Add Net: Net with name "STAT_R" already exists
Add Net: Net with name "SWDCLK" already exists
Add Net: Net with name "SWDIO" already exists
Add Net: Net with name "SWO" already exists
Add Net: Net with name "TEMP_SENSE_VDD" already exists
Add Net: Net with name "TEMP_SENSE" already exists
Add Net: Net with name "USB_N" already exists
Add Net: Net with name "USB_P" already exists
Add Net: Net with name "V_USB_SENSE" already exists
Add Net: Net with name "VBAT" already exists
Add Net: Net with name "VCC_MCU_3V3" already exists
Add Net: Net with name "VCC_MCU_3V3" already exists
Add Net: Net with name "VCC_MCU_3V3" already exists
