Removed Pin From Net: NetName=GND Pin=STATUS-P1
Removed Pin From Net: NetName=GND Pin=STATUS-P2
Removed Pin From Net: NetName=GND Pin=STATUS-P3
Removed Pin From Net: NetName=NetR28_1 Pin=STATUS-P4
Removed Pin From Net: NetName=NetR27_1 Pin=STATUS-P5
Removed Pin From Net: NetName=NetR26_1 Pin=STATUS-P6
Change Component DesignItemId : Designator=STATUS Old DesignItemId=CMP-003-000006-1 New DesignItemId=CMP-003-000006-2
Change Component Footprint: Designator=STATUS Old Footprint=MSL0402RGB New Footprint=FP-MSL0402-MFG
Change Component Description : Designator=STATUS Old Description= New Description=LEDRGBDIFFUSEDSMD
Change Managed Component Library Link : Designator=STATUS Old VaultGUID=0D51059A-7567-4922-900C-B3DB03C4D13B New VaultGUID=0D51059A-7567-4922-900C-B3DB03C4D13B Old ItemGUID=BDBF7FB9-4F03-428F-A13E-00B2C2027770 New ItemGUID=BDBF7FB9-4F03-428F-A13E-00B2C2027770 Old RevisionGUID=BA613789-B592-4D7C-946A-8B28273BA313 New RevisionGUID=1adc1b35-4edd-40b5-8e5e-5fe5bdeb5cdd
Added Pin To Net: NetName=GND Pin=STATUS-1
Added Pin To Net: NetName=GND Pin=STATUS-2
Added Pin To Net: NetName=GND Pin=STATUS-3
Added Pin To Net: NetName=NetR28_1 Pin=STATUS-4
Added Pin To Net: NetName=NetR27_1 Pin=STATUS-5
Added Pin To Net: NetName=NetR26_1 Pin=STATUS-6
Add Net: Net with name "ACCEL_CS" already exists
Add Net: Net with name "ACCEL_INT_1" already exists
Add Net: Net with name "ACCEL_INT_2" already exists
Add Net: Net with name "ACCEL_TRIG" already exists
Add Net: Net with name "CAN0_RX" already exists
Add Net: Net with name "CAN0_STBY" already exists
Add Net: Net with name "CAN0_TX" already exists
Add Net: Net with name "CAN1_RX" already exists
Add Net: Net with name "CAN1_STBY" already exists
Add Net: Net with name "CAN1_TX" already exists
Add Net: Net with name "DEBUG_0" already exists
Add Net: Net with name "DEBUG_1" already exists
Add Net: Net with name "I2C0_SCL" already exists
Add Net: Net with name "I2C0_SDA" already exists
Add Net: Net with name "MOSI" already exists
Add Net: Net with name "RESET" already exists
Add Net: Net with name "SCK" already exists
Add Net: Net with name "SD_ACTIVE_LED" already exists
Add Net: Net with name "SDCD" already exists
Add Net: Net with name "SDCK" already exists
Add Net: Net with name "SDCMD" already exists
Add Net: Net with name "SDDAT0" already exists
Add Net: Net with name "SDDAT1" already exists
Add Net: Net with name "SDDAT2" already exists
Add Net: Net with name "SDDAT3" already exists
Add Net: Net with name "SPI1_MISO" already exists
Add Net: Net with name "SPI1_MOSI" already exists
Add Net: Net with name "SPI1_SCK" already exists
Add Net: Net with name "STAT_B" already exists
Add Net: Net with name "STAT_G" already exists
Add Net: Net with name "STAT_R" already exists
Add Net: Net with name "SWDCLK" already exists
Add Net: Net with name "SWDIO" already exists
Add Net: Net with name "SWO" already exists
Add Net: Net with name "TEMP_SENSE_VDD" already exists
Add Net: Net with name "TEMP_SENSE" already exists
Add Net: Net with name "USB_N" already exists
Add Net: Net with name "USB_P" already exists
Add Net: Net with name "V_USB_SENSE" already exists
Add Net: Net with name "VBAT" already exists
Add Net: Net with name "VCC_MCU_3V3" already exists
Add Net: Net with name "VCC_MCU_3V3" already exists
Add Net: Net with name "VCC_MCU_3V3" already exists
