Removed Pin From Net: NetName=GND Pin=U5-EP
Removed Pin From Net: NetName=CAN0_TX Pin=U5-P1
Removed Pin From Net: NetName=GND Pin=U5-P2
Removed Pin From Net: NetName=+5V Pin=U5-P3
Removed Pin From Net: NetName=CAN0_RX Pin=U5-P4
Removed Pin From Net: NetName=CAN0_L Pin=U5-P6
Removed Pin From Net: NetName=CAN0_H Pin=U5-P7
Removed Pin From Net: NetName=GND Pin=U6-EP
Removed Pin From Net: NetName=CAN1_TX Pin=U6-P1
Removed Pin From Net: NetName=GND Pin=U6-P2
Removed Pin From Net: NetName=+5V Pin=U6-P3
Removed Pin From Net: NetName=CAN1_RX Pin=U6-P4
Removed Pin From Net: NetName=CAN1_L Pin=U6-P6
Removed Pin From Net: NetName=CAN1_H Pin=U6-P7
Change Component DesignItemId : Designator=U5 Old DesignItemId=CMP-006-000003-1 New DesignItemId=CMP-006-000003-2
Change Component DesignItemId : Designator=U6 Old DesignItemId=CMP-006-000003-1 New DesignItemId=CMP-006-000003-2
Change Component DesignItemId : Designator=U9 Old DesignItemId=CMP-006-000017-1 New DesignItemId=CMP-006-000017-2
Change Component Footprint: Designator=U9 Old Footprint=SOT223 New Footprint=FP-SOT223-0046067-IPC_B
Change Component Footprint: Designator=U5 Old Footprint=VDFN8 New Footprint=FP-C04-057-OA-MFG
Change Component Footprint: Designator=U6 Old Footprint=VDFN8 New Footprint=FP-C04-057-OA-MFG
Change Component Comment : Designator=U5 Old Comment=CMP-006-000003-1 New Comment=ATA6561
Change Component Comment : Designator=U6 Old Comment=CMP-006-000003-1 New Comment=ATA6561
Change Component Comment : Designator=U9 Old Comment=CMP-006-000017-1 New Comment=LDL1117S33R
Change Component Description : Designator=U9 Old Description= New Description=1.2AHIGHPSRRLOWDROPOUTLINE
Change Component Description : Designator=U5 Old Description= New Description=ATA6561 Series 5 Mbit/s 3 to 5 V ±8 kV Standby Mode CAN Transceiver - SOIC-8
Change Component Description : Designator=U6 Old Description= New Description=ATA6561 Series 5 Mbit/s 3 to 5 V ±8 kV Standby Mode CAN Transceiver - SOIC-8
Change Managed Component Library Link : Designator=U5 Old VaultGUID=0D51059A-7567-4922-900C-B3DB03C4D13B New VaultGUID=0D51059A-7567-4922-900C-B3DB03C4D13B Old ItemGUID=F9EAEB15-649D-4A5D-9834-F4EA6453E6C3 New ItemGUID=F9EAEB15-649D-4A5D-9834-F4EA6453E6C3 Old RevisionGUID=097FA60C-9D66-4B85-AA75-1F5DDB9EBA88 New RevisionGUID=bb09def4-ee34-4701-94c9-7ff31bb631c9
Change Managed Component Library Link : Designator=U6 Old VaultGUID=0D51059A-7567-4922-900C-B3DB03C4D13B New VaultGUID=0D51059A-7567-4922-900C-B3DB03C4D13B Old ItemGUID=F9EAEB15-649D-4A5D-9834-F4EA6453E6C3 New ItemGUID=F9EAEB15-649D-4A5D-9834-F4EA6453E6C3 Old RevisionGUID=097FA60C-9D66-4B85-AA75-1F5DDB9EBA88 New RevisionGUID=bb09def4-ee34-4701-94c9-7ff31bb631c9
Change Managed Component Library Link : Designator=U9 Old VaultGUID=0D51059A-7567-4922-900C-B3DB03C4D13B New VaultGUID=0D51059A-7567-4922-900C-B3DB03C4D13B Old ItemGUID=6B80C85F-E9C7-4009-9B00-7EAA393DE212 New ItemGUID=6B80C85F-E9C7-4009-9B00-7EAA393DE212 Old RevisionGUID=CB8D3AA4-6D9C-4885-AFAE-BAE757A48B47 New RevisionGUID=28f573f7-fe17-4a0d-a38c-a1955cb04c1f
Change component parameters: Designator = "U5" ("U5"); Footprint = "VDFN8"; UniqueID = "\PYGHUJXY" ("\PYGHUJXY")
Change component parameters (AddParameter): Name = "Case/Package"; Value = "SOIC"; VariantName = "[No Variations]"
Change component parameters (AddParameter): Name = "Component Type"; Value = "Standard"; VariantName = "[No Variations]"
Change component parameters (AddParameter): Name = "Data Rate"; Value = "5Mbps"; VariantName = "[No Variations]"
Change component parameters (AddParameter): Name = "Design Item ID"; Value = "ATA6561"; VariantName = "[No Variations]"
Change component parameters (AddParameter): Name = "DeviceSetName"; Value = "ATA6561"; VariantName = "[No Variations]"
Change component parameters (AddParameter): Name = "GateName_1"; Value = "G$1"; VariantName = "[No Variations]"
Change component parameters (AddParameter): Name = "Lead Free"; Value = "Lead Free"; VariantName = "[No Variations]"
Change component parameters (AddParameter): Name = "LibraryName"; Value = "MCU Board"; VariantName = "[No Variations]"
Change component parameters (AddParameter): Name = "Max Operating Temperature"; Value = "150°C"; VariantName = "[No Variations]"
Change component parameters (AddParameter): Name = "Max Supply Current"; Value = "5mA"; VariantName = "[No Variations]"
Change component parameters (AddParameter): Name = "Max Supply Voltage"; Value = "5.5V"; VariantName = "[No Variations]"
Change component parameters (AddParameter): Name = "Min Operating Temperature"; Value = "-40°C"; VariantName = "[No Variations]"
Change component parameters (AddParameter): Name = "Min Supply Voltage"; Value = "4.5V"; VariantName = "[No Variations]"
Change component parameters (AddParameter): Name = "Mounting Technology"; Value = "Surface Mount"; VariantName = "[No Variations]"
Change component parameters (AddParameter): Name = "Number of Transceivers"; Value = "1"; VariantName = "[No Variations]"
Change component parameters (AddParameter): Name = "Package"; Value = "VDFN8"; VariantName = "[No Variations]"
Change component parameters (AddParameter): Name = "Packaging"; Value = "Cut Tape"; VariantName = "[No Variations]"
Change component parameters (AddParameter): Name = "Pin Count"; Value = "8"; VariantName = "[No Variations]"
Change component parameters (AddParameter): Name = "Pins"; Value = "8"; VariantName = "[No Variations]"
Change component parameters (AddParameter): Name = "Receiver Hysteresis"; Value = "120mV"; VariantName = "[No Variations]"
Change component parameters (AddParameter): Name = "RoHS Compliant"; Value = "Yes"; VariantName = "[No Variations]"
Change component parameters (AddParameter): Name = "Series"; Value = "Automotive, AEC-Q100"; VariantName = "[No Variations]"
Change component parameters (AddParameter): Name = "Source"; Value = "MCU Board.SCHLIB"; VariantName = "[No Variations]"
Change component parameters (AddParameter): Name = "SymbolName_1"; Value = "ATA6561"; VariantName = "[No Variations]"
Change component parameters: Designator = "U6" ("U6"); Footprint = "VDFN8"; UniqueID = "\WXHSJWUN" ("\WXHSJWUN")
Change component parameters (AddParameter): Name = "Case/Package"; Value = "SOIC"; VariantName = "[No Variations]"
Change component parameters (AddParameter): Name = "Component Type"; Value = "Standard"; VariantName = "[No Variations]"
Change component parameters (AddParameter): Name = "Data Rate"; Value = "5Mbps"; VariantName = "[No Variations]"
Change component parameters (AddParameter): Name = "Design Item ID"; Value = "ATA6561"; VariantName = "[No Variations]"
Change component parameters (AddParameter): Name = "DeviceSetName"; Value = "ATA6561"; VariantName = "[No Variations]"
Change component parameters (AddParameter): Name = "GateName_1"; Value = "G$1"; VariantName = "[No Variations]"
Change component parameters (AddParameter): Name = "Lead Free"; Value = "Lead Free"; VariantName = "[No Variations]"
Change component parameters (AddParameter): Name = "LibraryName"; Value = "MCU Board"; VariantName = "[No Variations]"
Change component parameters (AddParameter): Name = "Max Operating Temperature"; Value = "150°C"; VariantName = "[No Variations]"
Change component parameters (AddParameter): Name = "Max Supply Current"; Value = "5mA"; VariantName = "[No Variations]"
Change component parameters (AddParameter): Name = "Max Supply Voltage"; Value = "5.5V"; VariantName = "[No Variations]"
Change component parameters (AddParameter): Name = "Min Operating Temperature"; Value = "-40°C"; VariantName = "[No Variations]"
Change component parameters (AddParameter): Name = "Min Supply Voltage"; Value = "4.5V"; VariantName = "[No Variations]"
Change component parameters (AddParameter): Name = "Mounting Technology"; Value = "Surface Mount"; VariantName = "[No Variations]"
Change component parameters (AddParameter): Name = "Number of Transceivers"; Value = "1"; VariantName = "[No Variations]"
Change component parameters (AddParameter): Name = "Package"; Value = "VDFN8"; VariantName = "[No Variations]"
Change component parameters (AddParameter): Name = "Packaging"; Value = "Cut Tape"; VariantName = "[No Variations]"
Change component parameters (AddParameter): Name = "Pin Count"; Value = "8"; VariantName = "[No Variations]"
Change component parameters (AddParameter): Name = "Pins"; Value = "8"; VariantName = "[No Variations]"
Change component parameters (AddParameter): Name = "Receiver Hysteresis"; Value = "120mV"; VariantName = "[No Variations]"
Change component parameters (AddParameter): Name = "RoHS Compliant"; Value = "Yes"; VariantName = "[No Variations]"
Change component parameters (AddParameter): Name = "Series"; Value = "Automotive, AEC-Q100"; VariantName = "[No Variations]"
Change component parameters (AddParameter): Name = "Source"; Value = "MCU Board.SCHLIB"; VariantName = "[No Variations]"
Change component parameters (AddParameter): Name = "SymbolName_1"; Value = "ATA6561"; VariantName = "[No Variations]"
Change component parameters: Designator = "U9" ("U9"); Footprint = "SOT223"; UniqueID = "\MAXEPFWW" ("\MAXEPFWW")
Change component parameters (AddParameter): Name = "Case/Package"; Value = "SOT-223-4"; VariantName = "[No Variations]"
Change component parameters (AddParameter): Name = "Component Type"; Value = "Standard"; VariantName = "[No Variations]"
Change component parameters (AddParameter): Name = "Design Item ID"; Value = "LDL1117S33R"; VariantName = "[No Variations]"
Change component parameters (AddParameter): Name = "DeviceSetName"; Value = "LDL1117S33R"; VariantName = "[No Variations]"
Change component parameters (AddParameter): Name = "Dropout Voltage"; Value = "350mV"; VariantName = "[No Variations]"
Change component parameters (AddParameter): Name = "GateName_1"; Value = "G$1"; VariantName = "[No Variations]"
Change component parameters (AddParameter): Name = "LibraryName"; Value = "MCU Board"; VariantName = "[No Variations]"
Change component parameters (AddParameter): Name = "Max Operating Temperature"; Value = "125°C"; VariantName = "[No Variations]"
Change component parameters (AddParameter): Name = "Max Supply Voltage"; Value = "18V"; VariantName = "[No Variations]"
Change component parameters (AddParameter): Name = "Min Input Voltage"; Value = "2.5V"; VariantName = "[No Variations]"
Change component parameters (AddParameter): Name = "Min Operating Temperature"; Value = "-40°C"; VariantName = "[No Variations]"
Change component parameters (AddParameter): Name = "Min Output Voltage"; Value = "3.3V"; VariantName = "[No Variations]"
Change component parameters (AddParameter): Name = "Mounting Technology"; Value = "Surface Mount"; VariantName = "[No Variations]"
Change component parameters (AddParameter): Name = "Number of Outputs"; Value = "1"; VariantName = "[No Variations]"
Change component parameters (AddParameter): Name = "Number of Regulators"; Value = "1"; VariantName = "[No Variations]"
Change component parameters (AddParameter): Name = "Output Configuration"; Value = "Positive"; VariantName = "[No Variations]"
Change component parameters (AddParameter): Name = "Output Current"; Value = "1.2A"; VariantName = "[No Variations]"
Change component parameters (AddParameter): Name = "Output Type"; Value = "Fixed"; VariantName = "[No Variations]"
Change component parameters (AddParameter): Name = "Output Voltage"; Value = "3.3V"; VariantName = "[No Variations]"
Change component parameters (AddParameter): Name = "Package"; Value = "SOT223"; VariantName = "[No Variations]"
Change component parameters (AddParameter): Name = "Package Quantity"; Value = "2500"; VariantName = "[No Variations]"
Change component parameters (AddParameter): Name = "Packaging"; Value = "Tape and Reel"; VariantName = "[No Variations]"
Change component parameters (AddParameter): Name = "Pin Count"; Value = "3"; VariantName = "[No Variations]"
Change component parameters (AddParameter): Name = "Power Supply Rejection Ratio (PSRR)"; Value = "65dB"; VariantName = "[No Variations]"
Change component parameters (AddParameter): Name = "Quiescent Current"; Value = "250uA"; VariantName = "[No Variations]"
Change component parameters (AddParameter): Name = "RoHS Compliant"; Value = "Yes"; VariantName = "[No Variations]"
Change component parameters (AddParameter): Name = "Series"; Value = "LDL1117"; VariantName = "[No Variations]"
Change component parameters (AddParameter): Name = "Source"; Value = "MCU Board.SCHLIB"; VariantName = "[No Variations]"
Change component parameters (AddParameter): Name = "SymbolName_1"; Value = "LDL1117"; VariantName = "[No Variations]"
Change component parameters (AddParameter): Name = "Weight"; Value = "0.009171oz"; VariantName = "[No Variations]"
Added Pin To Net: NetName=CAN0_TX Pin=U5-1
Added Pin To Net: NetName=GND Pin=U5-2
Added Pin To Net: NetName=+5V Pin=U5-3
Added Pin To Net: NetName=CAN0_RX Pin=U5-4
Added Pin To Net: NetName=CAN0_L Pin=U5-6
Added Pin To Net: NetName=CAN0_H Pin=U5-7
Added Pin To Net: NetName=CAN1_TX Pin=U6-1
Added Pin To Net: NetName=GND Pin=U6-2
Added Pin To Net: NetName=+5V Pin=U6-3
Added Pin To Net: NetName=CAN1_RX Pin=U6-4
Added Pin To Net: NetName=CAN1_L Pin=U6-6
Added Pin To Net: NetName=CAN1_H Pin=U6-7
Add Net: Net with name "ACCEL_CS" already exists
Add Net: Net with name "ACCEL_INT_1" already exists
Add Net: Net with name "ACCEL_INT_2" already exists
Add Net: Net with name "ACCEL_TRIG" already exists
Add Net: Net with name "CAN0_RX" already exists
Add Net: Net with name "CAN0_STBY" already exists
Add Net: Net with name "CAN0_TX" already exists
Add Net: Net with name "CAN1_RX" already exists
Add Net: Net with name "CAN1_STBY" already exists
Add Net: Net with name "CAN1_TX" already exists
Add Net: Net with name "DEBUG_0" already exists
Add Net: Net with name "DEBUG_1" already exists
Add Net: Net with name "I2C0_SCL" already exists
Add Net: Net with name "I2C0_SDA" already exists
Add Net: Net with name "MOSI" already exists
Add Net: Net with name "RESET" already exists
Add Net: Net with name "SCK" already exists
Add Net: Net with name "SD_ACTIVE_LED" already exists
Add Net: Net with name "SDCD" already exists
Add Net: Net with name "SDCK" already exists
Add Net: Net with name "SDCMD" already exists
Add Net: Net with name "SDDAT0" already exists
Add Net: Net with name "SDDAT1" already exists
Add Net: Net with name "SDDAT2" already exists
Add Net: Net with name "SDDAT3" already exists
Add Net: Net with name "SPI1_MISO" already exists
Add Net: Net with name "SPI1_MOSI" already exists
Add Net: Net with name "SPI1_SCK" already exists
Add Net: Net with name "STAT_B" already exists
Add Net: Net with name "STAT_G" already exists
Add Net: Net with name "STAT_R" already exists
Add Net: Net with name "SWDCLK" already exists
Add Net: Net with name "SWDIO" already exists
Add Net: Net with name "SWO" already exists
Add Net: Net with name "TEMP_SENSE_VDD" already exists
Add Net: Net with name "TEMP_SENSE" already exists
Add Net: Net with name "USB_N" already exists
Add Net: Net with name "USB_P" already exists
Add Net: Net with name "V_USB_SENSE" already exists
Add Net: Net with name "VBAT" already exists
Add Net: Net with name "VCC_MCU_3V3" already exists
Add Net: Net with name "VCC_MCU_3V3" already exists
Add Net: Net with name "VCC_MCU_3V3" already exists
